0.00, 5688
5.16, 5687
5.23, 5686
5.23, 5685
5.24, 5684
5.24, 5683
5.31, 5682
5.41, 5681
5.41, 5680
5.41, 5679
5.41, 5678
5.71, 5677
5.71, 5676
6.08, 5675
6.14, 5674
6.41, 5673
6.41, 5672
6.41, 5671
6.41, 5670
6.51, 5669
6.54, 5668
6.54, 5667
6.65, 5666
6.67, 5665
6.67, 5664
6.80, 5663
6.80, 5662
6.80, 5661
6.80, 5660
6.86, 5659
6.86, 5658
6.91, 5657
7.26, 5656
7.28, 5655
7.28, 5654
7.28, 5653
7.57, 5652
7.59, 5651
7.60, 5650
7.66, 5649
7.66, 5648
7.66, 5647
7.68, 5646
7.82, 5645
7.86, 5644
7.86, 5643
8.19, 5642
8.19, 5641
8.19, 5640
8.25, 5639
8.25, 5638
8.25, 5637
8.25, 5636
8.25, 5635
8.25, 5634
8.25, 5633
8.28, 5632
8.34, 5631
8.36, 5630
8.36, 5629
8.36, 5628
8.40, 5627
8.40, 5626
8.40, 5625
8.80, 5624
8.80, 5623
8.80, 5622
8.80, 5621
8.80, 5620
8.93, 5619
8.93, 5618
8.93, 5617
9.00, 5616
9.04, 5615
9.04, 5614
9.04, 5613
9.04, 5612
9.04, 5611
9.04, 5610
9.08, 5609
9.08, 5608
9.08, 5607
9.08, 5606
9.11, 5605
9.11, 5604
9.17, 5603
9.17, 5602
9.17, 5601
9.17, 5600
9.17, 5599
9.21, 5598
9.21, 5597
9.52, 5596
10.39, 5595
11.03, 5594
11.03, 5593
11.03, 5592
11.69, 5591
11.70, 5590
11.70, 5589
11.70, 5588
11.79, 5587
11.79, 5586
11.79, 5585
12.04, 5584
12.08, 5583
12.08, 5582
12.21, 5581
12.21, 5580
12.21, 5579
12.30, 5578
12.30, 5577
12.30, 5576
12.30, 5575
16.01, 5574
16.03, 5573
16.03, 5572
16.10, 5571
16.10, 5570
16.75, 5569
16.77, 5568
17.01, 5567
17.03, 5566
17.25, 5565
17.25, 5564
17.29, 5563
17.29, 5562
17.33, 5561
17.46, 5560
17.56, 5559
17.60, 5558
17.65, 5557
17.71, 5556
17.73, 5555
17.92, 5554
17.92, 5553
17.92, 5552
17.96, 5551
18.07, 5550
18.07, 5549
18.11, 5548
18.24, 5547
18.24, 5546
18.24, 5545
18.26, 5544
18.31, 5543
21.60, 5542
21.60, 5541
21.63, 5540
21.63, 5539
21.89, 5538
21.89, 5537
21.89, 5536
22.50, 5535
22.50, 5534
22.84, 5533
22.84, 5532
22.84, 5531
22.84, 5530
22.90, 5529
24.43, 5528
24.43, 5527
24.43, 5526
24.43, 5525
24.51, 5524
24.60, 5523
24.76, 5522
25.20, 5521
25.22, 5520
25.65, 5519
25.67, 5518
25.71, 5517
26.39, 5516
26.64, 5515
27.04, 5514
27.15, 5513
27.15, 5512
27.15, 5511
27.34, 5510
27.34, 5509
27.34, 5508
27.50, 5507
27.50, 5506
27.76, 5505
27.76, 5504
27.76, 5503
28.09, 5502
28.60, 5501
28.85, 5500
28.85, 5499
28.85, 5498
28.85, 5497
28.85, 5496
28.85, 5495
28.87, 5494
28.87, 5493
29.00, 5492
29.00, 5491
29.26, 5490
29.35, 5489
29.37, 5488
29.37, 5487
29.37, 5486
29.39, 5485
29.39, 5484
29.39, 5483
29.39, 5482
29.39, 5481
29.55, 5480
29.55, 5479
29.55, 5478
29.55, 5477
29.55, 5476
29.55, 5475
29.61, 5474
29.61, 5473
29.61, 5472
29.61, 5471
29.65, 5470
29.65, 5469
29.65, 5468
29.65, 5467
29.79, 5466
29.80, 5465
29.80, 5464
30.14, 5463
30.14, 5462
30.14, 5461
30.14, 5460
30.14, 5459
30.23, 5458
30.31, 5457
30.31, 5456
30.31, 5455
30.54, 5454
30.55, 5453
30.58, 5452
30.58, 5451
30.58, 5450
30.58, 5449
30.58, 5448
30.58, 5447
30.93, 5446
30.97, 5445
30.97, 5444
30.97, 5443
31.17, 5442
31.31, 5441
31.31, 5440
31.42, 5439
31.42, 5438
31.44, 5437
31.44, 5436
31.44, 5435
31.44, 5434
31.44, 5433
31.45, 5432
31.45, 5431
31.56, 5430
31.56, 5429
31.57, 5428
31.59, 5427
31.59, 5426
31.63, 5425
31.65, 5424
31.65, 5423
31.70, 5422
31.76, 5421
31.92, 5420
31.92, 5419
31.92, 5418
31.92, 5417
31.94, 5416
32.07, 5415
32.07, 5414
32.07, 5413
32.07, 5412
32.07, 5411
32.29, 5410
32.42, 5409
32.42, 5408
32.42, 5407
32.51, 5406
32.51, 5405
32.51, 5404
32.51, 5403
32.60, 5402
32.60, 5401
32.64, 5400
32.64, 5399
32.64, 5398
32.79, 5397
32.79, 5396
32.79, 5395
32.79, 5394
32.79, 5393
32.83, 5392
32.94, 5391
32.94, 5390
32.94, 5389
32.97, 5388
32.97, 5387
33.10, 5386
33.16, 5385
33.16, 5384
33.16, 5383
33.16, 5382
33.18, 5381
33.18, 5380
33.18, 5379
33.25, 5378
33.29, 5377
33.31, 5376
33.31, 5375
33.32, 5374
33.34, 5373
33.38, 5372
33.62, 5371
33.62, 5370
33.62, 5369
33.75, 5368
33.80, 5367
33.80, 5366
33.80, 5365
33.80, 5364
33.80, 5363
33.80, 5362
33.80, 5361
33.89, 5360
33.90, 5359
33.90, 5358
33.90, 5357
33.90, 5356
33.90, 5355
33.90, 5354
33.93, 5353
33.93, 5352
33.93, 5351
33.94, 5350
33.95, 5349
34.17, 5348
34.21, 5347
34.23, 5346
34.30, 5345
34.30, 5344
34.45, 5343
34.45, 5342
34.45, 5341
34.48, 5340
34.50, 5339
34.50, 5338
34.50, 5337
34.50, 5336
34.58, 5335
34.58, 5334
34.58, 5333
34.58, 5332
34.58, 5331
34.58, 5330
34.58, 5329
34.58, 5328
34.71, 5327
34.71, 5326
34.71, 5325
34.71, 5324
34.75, 5323
34.75, 5322
34.75, 5321
34.82, 5320
34.82, 5319
34.82, 5318
34.82, 5317
34.82, 5316
34.82, 5315
34.82, 5314
34.82, 5313
34.82, 5312
34.84, 5311
34.84, 5310
34.84, 5309
34.84, 5308
34.85, 5307
34.85, 5306
35.07, 5305
35.07, 5304
35.11, 5303
35.11, 5302
35.11, 5301
35.11, 5300
35.11, 5299
35.15, 5298
35.15, 5297
35.18, 5296
35.24, 5295
35.24, 5294
35.24, 5293
35.24, 5292
35.24, 5291
35.28, 5290
35.30, 5289
35.30, 5288
35.30, 5287
35.30, 5286
35.30, 5285
35.30, 5284
35.34, 5283
35.34, 5282
35.34, 5281
35.36, 5280
35.38, 5279
35.49, 5278
35.49, 5277
35.49, 5276
35.49, 5275
35.49, 5274
35.49, 5273
35.51, 5272
35.78, 5271
35.78, 5270
35.79, 5269
35.79, 5268
35.79, 5267
35.79, 5266
35.79, 5265
35.79, 5264
35.81, 5263
35.88, 5262
35.88, 5261
35.88, 5260
35.88, 5259
35.88, 5258
35.88, 5257
35.88, 5256
35.88, 5255
35.88, 5254
35.94, 5253
36.07, 5252
36.09, 5251
36.11, 5250
36.11, 5249
36.11, 5248
36.11, 5247
36.11, 5246
36.11, 5245
36.11, 5244
36.15, 5243
36.15, 5242
36.15, 5241
36.15, 5240
36.15, 5239
36.17, 5238
36.17, 5237
36.17, 5236
36.17, 5235
36.35, 5234
36.35, 5233
36.46, 5232
36.46, 5231
36.54, 5230
36.54, 5229
36.54, 5228
36.54, 5227
36.54, 5226
36.54, 5225
36.54, 5224
36.56, 5223
36.60, 5222
36.60, 5221
36.62, 5220
36.63, 5219
36.64, 5218
36.64, 5217
36.65, 5216
36.65, 5215
36.66, 5214
36.66, 5213
36.66, 5212
36.66, 5211
36.66, 5210
36.66, 5209
36.66, 5208
36.73, 5207
36.73, 5206
37.12, 5205
37.12, 5204
37.12, 5203
37.20, 5202
37.20, 5201
37.22, 5200
37.22, 5199
37.42, 5198
37.44, 5197
37.46, 5196
37.46, 5195
37.56, 5194
37.59, 5193
37.60, 5192
37.60, 5191
37.69, 5190
37.69, 5189
37.69, 5188
37.90, 5187
38.06, 5186
38.07, 5185
38.07, 5184
38.12, 5183
38.12, 5182
38.12, 5181
38.14, 5180
38.16, 5179
38.16, 5178
38.16, 5177
38.16, 5176
38.16, 5175
38.26, 5174
38.26, 5173
38.29, 5172
38.30, 5171
38.30, 5170
38.30, 5169
38.37, 5168
38.37, 5167
38.71, 5166
39.01, 5165
39.05, 5164
39.05, 5163
39.18, 5162
39.18, 5161
39.22, 5160
39.22, 5159
39.22, 5158
39.22, 5157
39.22, 5156
39.33, 5155
39.35, 5154
39.48, 5153
39.71, 5152
39.71, 5151
39.71, 5150
39.75, 5149
39.82, 5148
39.82, 5147
39.82, 5146
39.82, 5145
39.88, 5144
39.88, 5143
39.88, 5142
39.88, 5141
39.88, 5140
40.14, 5139
40.14, 5138
40.42, 5137
40.54, 5136
40.54, 5135
40.56, 5134
40.65, 5133
40.65, 5132
40.84, 5131
40.84, 5130
40.84, 5129
40.84, 5128
40.84, 5127
40.84, 5126
40.84, 5125
40.99, 5124
40.99, 5123
41.03, 5122
41.07, 5121
41.07, 5120
41.07, 5119
41.07, 5118
41.07, 5117
41.16, 5116
41.16, 5115
41.16, 5114
41.33, 5113
41.33, 5112
41.41, 5111
41.41, 5110
41.41, 5109
41.49, 5108
41.49, 5107
41.49, 5106
41.49, 5105
41.69, 5104
41.71, 5103
41.77, 5102
41.77, 5101
41.79, 5100
41.96, 5099
41.98, 5098
42.07, 5097
42.13, 5096
42.17, 5095
42.17, 5094
42.17, 5093
42.28, 5092
42.32, 5091
42.32, 5090
42.43, 5089
42.45, 5088
42.45, 5087
42.45, 5086
42.49, 5085
42.49, 5084
42.49, 5083
42.49, 5082
42.52, 5081
42.54, 5080
42.54, 5079
42.54, 5078
42.58, 5077
42.69, 5076
42.84, 5075
42.84, 5074
42.84, 5073
42.92, 5072
42.93, 5071
42.94, 5070
42.94, 5069
42.95, 5068
43.07, 5067
43.10, 5066
43.10, 5065
43.12, 5064
43.16, 5063
43.16, 5062
43.16, 5061
43.18, 5060
43.20, 5059
43.20, 5058
43.20, 5057
43.20, 5056
43.27, 5055
43.29, 5054
43.29, 5053
43.33, 5052
43.33, 5051
43.33, 5050
43.33, 5049
43.48, 5048
43.50, 5047
43.50, 5046
43.50, 5045
43.50, 5044
43.50, 5043
43.50, 5042
43.56, 5041
43.56, 5040
43.56, 5039
43.56, 5038
43.56, 5037
43.65, 5036
43.82, 5035
43.86, 5034
43.86, 5033
43.88, 5032
43.90, 5031
43.90, 5030
43.95, 5029
43.95, 5028
43.95, 5027
43.95, 5026
43.95, 5025
44.03, 5024
44.03, 5023
44.05, 5022
44.07, 5021
44.07, 5020
44.07, 5019
44.07, 5018
44.07, 5017
44.09, 5016
44.09, 5015
44.09, 5014
44.09, 5013
44.09, 5012
44.09, 5011
44.09, 5010
44.09, 5009
44.09, 5008
44.09, 5007
44.09, 5006
44.09, 5005
44.09, 5004
44.11, 5003
44.15, 5002
44.15, 5001
44.15, 5000
44.15, 4999
44.15, 4998
44.15, 4997
44.15, 4996
44.15, 4995
44.19, 4994
44.19, 4993
44.19, 4992
44.19, 4991
44.19, 4990
44.27, 4989
44.34, 4988
44.44, 4987
44.45, 4986
44.45, 4985
44.49, 4984
44.49, 4983
44.55, 4982
44.55, 4981
44.66, 4980
44.66, 4979
44.68, 4978
44.72, 4977
44.83, 4976
44.89, 4975
44.89, 4974
44.93, 4973
44.93, 4972
44.93, 4971
44.95, 4970
45.06, 4969
45.06, 4968
45.14, 4967
45.16, 4966
45.19, 4965
45.21, 4964
45.21, 4963
45.21, 4962
45.25, 4961
45.25, 4960
45.27, 4959
45.27, 4958
45.27, 4957
45.44, 4956
45.44, 4955
45.48, 4954
45.48, 4953
45.57, 4952
45.59, 4951
45.59, 4950
45.59, 4949
45.61, 4948
45.63, 4947
45.63, 4946
45.63, 4945
45.71, 4944
45.71, 4943
45.75, 4942
45.79, 4941
45.79, 4940
45.82, 4939
45.82, 4938
45.82, 4937
45.86, 4936
45.86, 4935
45.86, 4934
45.86, 4933
45.86, 4932
45.87, 4931
45.87, 4930
45.87, 4929
45.87, 4928
45.87, 4927
45.87, 4926
45.87, 4925
45.89, 4924
45.92, 4923
45.93, 4922
45.93, 4921
45.93, 4920
46.00, 4919
46.00, 4918
46.17, 4917
46.17, 4916
46.17, 4915
46.21, 4914
46.23, 4913
46.23, 4912
46.25, 4911
46.40, 4910
46.40, 4909
46.42, 4908
46.44, 4907
46.46, 4906
46.48, 4905
46.50, 4904
46.50, 4903
46.50, 4902
46.50, 4901
46.50, 4900
46.50, 4899
46.50, 4898
46.50, 4897
46.50, 4896
46.50, 4895
46.50, 4894
46.54, 4893
46.54, 4892
46.54, 4891
46.54, 4890
46.58, 4889
46.58, 4888
46.58, 4887
46.58, 4886
46.58, 4885
46.58, 4884
46.62, 4883
46.67, 4882
46.80, 4881
46.81, 4880
46.81, 4879
46.81, 4878
46.84, 4877
46.86, 4876
46.86, 4875
46.86, 4874
46.94, 4873
47.03, 4872
47.03, 4871
47.03, 4870
47.03, 4869
47.04, 4868
47.04, 4867
47.15, 4866
47.15, 4865
47.15, 4864
47.15, 4863
47.15, 4862
47.15, 4861
47.15, 4860
47.19, 4859
47.19, 4858
47.19, 4857
47.19, 4856
47.19, 4855
47.23, 4854
47.29, 4853
47.29, 4852
47.29, 4851
47.29, 4850
47.57, 4849
47.66, 4848
47.68, 4847
47.70, 4846
47.70, 4845
47.74, 4844
47.74, 4843
47.76, 4842
47.78, 4841
47.85, 4840
48.00, 4839
48.14, 4838
48.14, 4837
48.14, 4836
48.17, 4835
48.17, 4834
48.18, 4833
48.27, 4832
48.27, 4831
48.33, 4830
48.35, 4829
48.38, 4828
48.38, 4827
48.38, 4826
48.39, 4825
48.39, 4824
48.39, 4823
48.39, 4822
48.44, 4821
48.44, 4820
48.44, 4819
48.44, 4818
48.45, 4817
48.45, 4816
48.45, 4815
48.45, 4814
48.45, 4813
48.45, 4812
48.47, 4811
48.49, 4810
48.49, 4809
48.54, 4808
48.56, 4807
48.62, 4806
48.80, 4805
49.01, 4804
49.06, 4803
49.06, 4802
49.06, 4801
49.06, 4800
49.06, 4799
49.06, 4798
49.06, 4797
49.06, 4796
49.06, 4795
49.06, 4794
49.07, 4793
49.07, 4792
49.07, 4791
49.12, 4790
49.12, 4789
49.12, 4788
49.12, 4787
49.14, 4786
49.14, 4785
49.14, 4784
49.14, 4783
49.18, 4782
49.18, 4781
49.27, 4780
49.27, 4779
49.27, 4778
49.27, 4777
49.27, 4776
49.31, 4775
49.35, 4774
49.35, 4773
49.35, 4772
49.35, 4771
49.38, 4770
49.40, 4769
49.40, 4768
49.40, 4767
49.40, 4766
49.41, 4765
49.41, 4764
49.53, 4763
49.53, 4762
49.53, 4761
49.53, 4760
49.54, 4759
49.54, 4758
49.54, 4757
49.54, 4756
49.54, 4755
49.54, 4754
49.54, 4753
49.54, 4752
49.54, 4751
49.61, 4750
49.61, 4749
49.71, 4748
49.71, 4747
49.71, 4746
49.71, 4745
49.71, 4744
49.71, 4743
49.73, 4742
49.73, 4741
49.73, 4740
49.73, 4739
49.88, 4738
49.88, 4737
49.91, 4736
49.92, 4735
50.05, 4734
50.06, 4733
50.08, 4732
50.16, 4731
50.16, 4730
50.16, 4729
50.16, 4728
50.16, 4727
50.16, 4726
50.16, 4725
50.16, 4724
50.16, 4723
50.16, 4722
50.16, 4721
50.16, 4720
50.18, 4719
50.20, 4718
50.20, 4717
50.20, 4716
50.31, 4715
50.31, 4714
50.35, 4713
50.35, 4712
50.35, 4711
50.35, 4710
50.52, 4709
50.59, 4708
50.61, 4707
50.63, 4706
50.65, 4705
50.67, 4704
50.76, 4703
50.76, 4702
50.78, 4701
50.82, 4700
50.82, 4699
50.82, 4698
50.85, 4697
50.85, 4696
50.85, 4695
50.93, 4694
50.93, 4693
50.93, 4692
50.93, 4691
50.97, 4690
50.97, 4689
51.02, 4688
51.02, 4687
51.04, 4686
51.08, 4685
51.25, 4684
51.25, 4683
51.25, 4682
51.25, 4681
51.25, 4680
51.25, 4679
51.25, 4678
51.25, 4677
51.25, 4676
51.30, 4675
51.30, 4674
51.31, 4673
51.31, 4672
51.31, 4671
51.31, 4670
51.31, 4669
51.31, 4668
51.31, 4667
51.35, 4666
51.35, 4665
51.35, 4664
51.35, 4663
51.35, 4662
51.35, 4661
51.35, 4660
51.35, 4659
51.35, 4658
51.35, 4657
51.35, 4656
51.35, 4655
51.37, 4654
51.68, 4653
51.68, 4652
51.68, 4651
51.70, 4650
51.70, 4649
51.72, 4648
51.72, 4647
51.74, 4646
51.78, 4645
51.82, 4644
51.93, 4643
51.97, 4642
51.97, 4641
52.00, 4640
52.00, 4639
52.00, 4638
52.00, 4637
52.00, 4636
52.04, 4635
52.04, 4634
52.04, 4633
52.12, 4632
52.12, 4631
52.12, 4630
52.12, 4629
52.12, 4628
52.16, 4627
52.16, 4626
52.20, 4625
52.22, 4624
52.23, 4623
52.25, 4622
52.25, 4621
52.25, 4620
52.25, 4619
52.26, 4618
52.31, 4617
52.31, 4616
52.31, 4615
52.31, 4614
52.31, 4613
52.31, 4612
52.31, 4611
52.39, 4610
52.39, 4609
52.41, 4608
52.50, 4607
52.52, 4606
52.54, 4605
52.54, 4604
52.54, 4603
52.56, 4602
52.56, 4601
52.56, 4600
52.58, 4599
52.62, 4598
52.69, 4597
52.75, 4596
52.82, 4595
52.83, 4594
52.83, 4593
52.83, 4592
53.01, 4591
53.01, 4590
53.01, 4589
53.01, 4588
53.03, 4587
53.05, 4586
53.05, 4585
53.05, 4584
53.05, 4583
53.05, 4582
53.06, 4581
53.06, 4580
53.06, 4579
53.08, 4578
53.08, 4577
53.08, 4576
53.08, 4575
53.08, 4574
53.08, 4573
53.08, 4572
53.08, 4571
53.10, 4570
53.12, 4569
53.12, 4568
53.12, 4567
53.12, 4566
53.12, 4565
53.12, 4564
53.12, 4563
53.12, 4562
53.12, 4561
53.12, 4560
53.12, 4559
53.12, 4558
53.12, 4557
53.12, 4556
53.12, 4555
53.12, 4554
53.12, 4553
53.12, 4552
53.14, 4551
53.16, 4550
53.16, 4549
53.16, 4548
53.16, 4547
53.16, 4546
53.16, 4545
53.16, 4544
53.16, 4543
53.17, 4542
53.17, 4541
53.17, 4540
53.17, 4539
53.17, 4538
53.17, 4537
53.20, 4536
53.21, 4535
53.21, 4534
53.24, 4533
53.24, 4532
53.24, 4531
53.25, 4530
53.25, 4529
53.25, 4528
53.25, 4527
53.27, 4526
53.27, 4525
53.27, 4524
53.27, 4523
53.27, 4522
53.29, 4521
53.31, 4520
53.31, 4519
53.31, 4518
53.31, 4517
53.31, 4516
53.31, 4515
53.31, 4514
53.31, 4513
53.31, 4512
53.33, 4511
53.33, 4510
53.33, 4509
53.35, 4508
53.35, 4507
53.35, 4506
53.35, 4505
53.35, 4504
53.35, 4503
53.35, 4502
53.35, 4501
53.35, 4500
53.35, 4499
53.35, 4498
53.35, 4497
53.35, 4496
53.37, 4495
53.39, 4494
53.39, 4493
53.39, 4492
53.41, 4491
53.41, 4490
53.41, 4489
53.41, 4488
53.41, 4487
53.41, 4486
53.41, 4485
53.41, 4484
53.41, 4483
53.42, 4482
53.42, 4481
53.42, 4480
53.42, 4479
53.42, 4478
53.42, 4477
53.42, 4476
53.42, 4475
53.42, 4474
53.42, 4473
53.42, 4472
53.42, 4471
53.42, 4470
53.42, 4469
53.42, 4468
53.42, 4467
53.42, 4466
53.42, 4465
53.42, 4464
53.42, 4463
53.42, 4462
53.42, 4461
53.42, 4460
53.42, 4459
53.43, 4458
53.43, 4457
53.43, 4456
53.43, 4455
53.43, 4454
53.43, 4453
53.43, 4452
53.43, 4451
53.43, 4450
53.43, 4449
53.43, 4448
53.43, 4447
53.43, 4446
53.43, 4445
53.43, 4444
53.43, 4443
53.43, 4442
53.43, 4441
53.43, 4440
53.43, 4439
53.43, 4438
53.57, 4437
53.57, 4436
53.57, 4435
53.57, 4434
53.57, 4433
53.57, 4432
53.57, 4431
53.57, 4430
53.59, 4429
53.59, 4428
53.61, 4427
53.68, 4426
53.68, 4425
53.68, 4424
53.72, 4423
53.72, 4422
53.72, 4421
53.93, 4420
53.95, 4419
53.97, 4418
53.98, 4417
54.00, 4416
54.02, 4415
54.04, 4414
54.06, 4413
54.15, 4412
54.15, 4411
54.16, 4410
54.16, 4409
54.21, 4408
54.23, 4407
54.29, 4406
54.42, 4405
54.44, 4404
54.46, 4403
54.48, 4402
54.48, 4401
54.55, 4400
54.55, 4399
54.55, 4398
54.55, 4397
54.55, 4396
54.61, 4395
54.61, 4394
54.61, 4393
54.61, 4392
54.61, 4391
54.63, 4390
54.63, 4389
54.63, 4388
54.63, 4387
54.63, 4386
54.63, 4385
54.63, 4384
54.63, 4383
54.69, 4382
54.69, 4381
54.69, 4380
54.71, 4379
54.71, 4378
54.71, 4377
54.76, 4376
54.76, 4375
54.77, 4374
54.84, 4373
54.86, 4372
54.91, 4371
54.91, 4370
54.91, 4369
54.91, 4368
54.91, 4367
54.92, 4366
54.92, 4365
54.97, 4364
54.99, 4363
55.01, 4362
55.03, 4361
55.05, 4360
55.07, 4359
55.08, 4358
55.14, 4357
55.14, 4356
55.16, 4355
55.16, 4354
55.16, 4353
55.16, 4352
55.16, 4351
55.16, 4350
55.16, 4349
55.16, 4348
55.16, 4347
55.16, 4346
55.16, 4345
55.16, 4344
55.17, 4343
55.17, 4342
55.17, 4341
55.17, 4340
55.17, 4339
55.17, 4338
55.19, 4337
55.21, 4336
55.21, 4335
55.21, 4334
55.21, 4333
55.21, 4332
55.21, 4331
55.21, 4330
55.21, 4329
55.21, 4328
55.21, 4327
55.21, 4326
55.21, 4325
55.21, 4324
55.21, 4323
55.21, 4322
55.21, 4321
55.21, 4320
55.21, 4319
55.21, 4318
55.21, 4317
55.21, 4316
55.21, 4315
55.21, 4314
55.21, 4313
55.21, 4312
55.22, 4311
55.22, 4310
55.22, 4309
55.22, 4308
55.22, 4307
55.22, 4306
55.22, 4305
55.22, 4304
55.22, 4303
55.22, 4302
55.24, 4301
55.24, 4300
55.24, 4299
55.26, 4298
55.28, 4297
55.28, 4296
55.28, 4295
55.28, 4294
55.28, 4293
55.28, 4292
55.28, 4291
55.28, 4290
55.28, 4289
55.28, 4288
55.28, 4287
55.28, 4286
55.28, 4285
55.28, 4284
55.28, 4283
55.28, 4282
55.28, 4281
55.28, 4280
55.28, 4279
55.30, 4278
55.30, 4277
55.32, 4276
55.32, 4275
55.32, 4274
55.32, 4273
55.32, 4272
55.32, 4271
55.33, 4270
55.33, 4269
55.33, 4268
55.33, 4267
55.33, 4266
55.33, 4265
55.33, 4264
55.33, 4263
55.35, 4262
55.35, 4261
55.35, 4260
55.35, 4259
55.35, 4258
55.35, 4257
55.35, 4256
55.35, 4255
55.35, 4254
55.35, 4253
55.37, 4252
55.37, 4251
55.37, 4250
55.37, 4249
55.37, 4248
55.37, 4247
55.37, 4246
55.37, 4245
55.37, 4244
55.37, 4243
55.41, 4242
55.41, 4241
55.41, 4240
55.41, 4239
55.41, 4238
55.41, 4237
55.41, 4236
55.41, 4235
55.41, 4234
55.42, 4233
55.42, 4232
55.42, 4231
55.42, 4230
55.42, 4229
55.42, 4228
55.42, 4227
55.42, 4226
55.42, 4225
55.42, 4224
55.42, 4223
55.42, 4222
55.42, 4221
55.42, 4220
55.42, 4219
55.42, 4218
55.42, 4217
55.42, 4216
55.42, 4215
55.42, 4214
55.42, 4213
55.42, 4212
55.42, 4211
55.42, 4210
55.43, 4209
55.43, 4208
55.43, 4207
55.43, 4206
55.43, 4205
55.43, 4204
55.43, 4203
55.43, 4202
55.43, 4201
55.43, 4200
55.43, 4199
55.43, 4198
55.43, 4197
55.43, 4196
55.43, 4195
55.43, 4194
55.43, 4193
55.43, 4192
55.43, 4191
55.43, 4190
55.43, 4189
55.43, 4188
55.43, 4187
55.43, 4186
55.44, 4185
55.45, 4184
55.45, 4183
55.46, 4182
55.46, 4181
55.46, 4180
55.46, 4179
55.46, 4178
55.48, 4177
55.48, 4176
55.48, 4175
55.48, 4174
55.48, 4173
55.48, 4172
55.48, 4171
55.48, 4170
55.48, 4169
55.48, 4168
55.48, 4167
55.48, 4166
55.48, 4165
55.48, 4164
55.48, 4163
55.50, 4162
55.50, 4161
55.50, 4160
55.50, 4159
55.50, 4158
55.50, 4157
55.50, 4156
55.52, 4155
55.52, 4154
55.52, 4153
55.52, 4152
55.52, 4151
55.52, 4150
55.54, 4149
55.56, 4148
55.56, 4147
55.58, 4146
55.58, 4145
55.58, 4144
55.58, 4143
55.58, 4142
55.58, 4141
55.58, 4140
55.58, 4139
55.58, 4138
55.59, 4137
55.59, 4136
55.59, 4135
55.59, 4134
55.59, 4133
55.59, 4132
55.59, 4131
55.59, 4130
55.61, 4129
55.63, 4128
55.63, 4127
55.63, 4126
55.63, 4125
55.63, 4124
55.63, 4123
55.63, 4122
55.63, 4121
55.63, 4120
55.63, 4119
55.63, 4118
55.63, 4117
55.63, 4116
55.63, 4115
55.63, 4114
55.63, 4113
55.63, 4112
55.67, 4111
55.67, 4110
55.67, 4109
55.67, 4108
55.67, 4107
55.69, 4106
55.71, 4105
55.71, 4104
55.71, 4103
55.73, 4102
55.73, 4101
55.75, 4100
55.75, 4099
55.75, 4098
55.75, 4097
55.75, 4096
55.75, 4095
55.75, 4094
55.75, 4093
55.75, 4092
55.77, 4091
55.77, 4090
55.77, 4089
55.77, 4088
55.77, 4087
55.77, 4086
55.77, 4085
55.77, 4084
55.79, 4083
55.79, 4082
55.79, 4081
55.79, 4080
55.79, 4079
55.80, 4078
55.81, 4077
55.81, 4076
55.82, 4075
55.82, 4074
55.82, 4073
55.85, 4072
55.85, 4071
55.85, 4070
55.87, 4069
55.87, 4068
55.87, 4067
55.87, 4066
55.88, 4065
55.88, 4064
55.88, 4063
55.88, 4062
55.88, 4061
55.90, 4060
55.90, 4059
55.91, 4058
55.92, 4057
55.92, 4056
55.95, 4055
55.95, 4054
55.95, 4053
55.95, 4052
55.96, 4051
55.96, 4050
55.96, 4049
55.96, 4048
55.96, 4047
55.96, 4046
55.96, 4045
55.96, 4044
55.96, 4043
55.96, 4042
55.98, 4041
55.98, 4040
55.98, 4039
56.00, 4038
56.00, 4037
56.02, 4036
56.02, 4035
56.02, 4034
56.02, 4033
56.04, 4032
56.06, 4031
56.11, 4030
56.11, 4029
56.11, 4028
56.11, 4027
56.11, 4026
56.13, 4025
56.13, 4024
56.13, 4023
56.19, 4022
56.21, 4021
56.21, 4020
56.23, 4019
56.25, 4018
56.29, 4017
56.29, 4016
56.29, 4015
56.29, 4014
56.31, 4013
56.31, 4012
56.36, 4011
56.38, 4010
56.38, 4009
56.38, 4008
56.38, 4007
56.38, 4006
56.38, 4005
56.38, 4004
56.38, 4003
56.38, 4002
56.40, 4001
56.40, 4000
56.42, 3999
56.42, 3998
56.42, 3997
56.42, 3996
56.44, 3995
56.44, 3994
56.44, 3993
56.44, 3992
56.45, 3991
56.45, 3990
56.45, 3989
56.45, 3988
56.45, 3987
56.45, 3986
56.45, 3985
56.45, 3984
56.45, 3983
56.45, 3982
56.45, 3981
56.45, 3980
56.45, 3979
56.45, 3978
56.47, 3977
56.47, 3976
56.51, 3975
56.56, 3974
56.56, 3973
56.56, 3972
56.57, 3971
56.58, 3970
56.60, 3969
56.60, 3968
56.60, 3967
56.64, 3966
56.66, 3965
56.66, 3964
56.66, 3963
56.70, 3962
56.70, 3961
56.72, 3960
56.74, 3959
56.74, 3958
56.74, 3957
56.74, 3956
56.74, 3955
56.76, 3954
56.78, 3953
56.80, 3952
56.83, 3951
56.93, 3950
56.93, 3949
56.93, 3948
56.99, 3947
57.00, 3946
57.06, 3945
57.08, 3944
57.10, 3943
57.19, 3942
57.19, 3941
57.19, 3940
57.19, 3939
57.19, 3938
57.23, 3937
57.23, 3936
57.23, 3935
57.25, 3934
57.27, 3933
57.31, 3932
57.31, 3931
57.31, 3930
57.42, 3929
57.48, 3928
57.57, 3927
57.59, 3926
57.61, 3925
57.61, 3924
57.78, 3923
57.89, 3922
57.89, 3921
58.13, 3920
58.18, 3919
58.26, 3918
58.26, 3917
58.26, 3916
58.26, 3915
58.61, 3914
58.68, 3913
58.68, 3912
58.91, 3911
58.91, 3910
58.94, 3909
59.18, 3908
59.18, 3907
