0.00, 958
0.00, 957
0.00, 956
0.00, 955
0.00, 954
0.00, 953
0.00, 952
0.00, 951
0.00, 950
0.00, 949
0.00, 948
0.00, 947
0.00, 946
0.00, 945
0.00, 944
0.00, 943
0.00, 942
0.00, 941
0.00, 940
0.00, 939
0.00, 938
0.00, 937
0.00, 936
0.00, 935
0.00, 934
0.01, 933
0.01, 932
0.01, 931
0.01, 930
0.01, 929
0.01, 928
0.01, 927
0.01, 926
0.01, 925
0.01, 924
0.01, 923
0.01, 922
0.01, 921
0.01, 920
0.01, 919
0.01, 918
0.01, 917
0.01, 916
0.01, 915
0.01, 914
0.01, 913
0.01, 912
0.01, 911
0.01, 910
0.01, 909
0.01, 908
0.01, 907
0.01, 906
0.01, 905
0.01, 904
0.01, 903
0.01, 902
0.01, 901
0.01, 900
0.01, 899
0.01, 898
0.02, 897
0.02, 896
0.02, 895
0.02, 894
0.02, 893
0.02, 892
0.02, 891
0.02, 890
0.02, 889
0.02, 888
0.02, 887
0.02, 886
0.03, 885
0.03, 884
0.03, 883
0.03, 882
0.03, 881
0.03, 880
0.03, 879
0.03, 878
0.03, 877
0.03, 876
0.03, 875
0.03, 874
0.03, 873
0.03, 872
0.03, 871
0.03, 870
0.03, 869
0.03, 868
0.03, 867
0.03, 866
0.03, 865
0.03, 864
0.03, 863
0.03, 862
0.03, 861
0.03, 860
0.03, 859
0.03, 858
0.03, 857
0.03, 856
0.03, 855
0.03, 854
0.04, 853
0.04, 852
0.04, 851
0.04, 850
0.04, 849
0.04, 848
0.04, 847
0.04, 846
0.04, 845
0.04, 844
0.04, 843
0.04, 842
0.04, 841
0.05, 840
0.05, 839
0.05, 838
0.05, 837
0.05, 836
0.05, 835
0.05, 834
0.05, 833
0.05, 832
0.05, 831
0.05, 830
0.05, 829
0.05, 828
0.05, 827
0.05, 826
0.05, 825
0.05, 824
0.05, 823
0.05, 822
0.05, 821
0.05, 820
0.05, 819
0.06, 818
0.06, 817
0.06, 816
0.06, 815
0.07, 814
0.07, 813
0.07, 812
0.07, 811
0.07, 810
0.07, 809
0.07, 808
0.07, 807
0.08, 806
0.08, 805
0.08, 804
0.08, 803
0.08, 802
0.08, 801
0.08, 800
0.08, 799
0.08, 798
0.08, 797
0.08, 796
0.08, 795
0.08, 794
0.08, 793
0.08, 792
0.08, 791
0.08, 790
0.08, 789
0.08, 788
0.09, 787
0.09, 786
0.09, 785
0.09, 784
0.09, 783
0.09, 782
0.09, 781
0.10, 780
0.10, 779
0.10, 778
0.10, 777
0.10, 776
0.10, 775
0.11, 774
0.11, 773
0.11, 772
0.12, 771
0.12, 770
0.12, 769
0.12, 768
0.12, 767
0.12, 766
0.12, 765
0.12, 764
0.13, 763
0.13, 762
0.13, 761
0.13, 760
0.18, 759
0.23, 758
0.23, 757
0.23, 756
0.25, 755
0.25, 754
0.33, 753
0.36, 752
0.36, 751
0.41, 750
0.42, 749
0.42, 748
0.44, 747
0.44, 746
0.45, 745
0.46, 744
0.47, 743
0.48, 742
0.49, 741
0.50, 740
0.57, 739
0.59, 738
0.60, 737
0.60, 736
0.60, 735
0.61, 734
0.61, 733
0.65, 732
