0.00, 816
0.00, 815
0.00, 814
0.01, 813
0.05, 812
0.08, 811
0.08, 810
0.08, 809
0.08, 808
0.09, 807
0.12, 806
0.12, 805
0.13, 804
0.13, 803
0.16, 802
0.16, 801
0.17, 800
0.17, 799
0.17, 798
0.18, 797
0.18, 796
0.18, 795
0.18, 794
0.18, 793
0.18, 792
0.18, 791
0.18, 790
0.19, 789
0.19, 788
0.19, 787
0.19, 786
0.19, 785
0.19, 784
0.19, 783
0.19, 782
0.19, 781
0.21, 780
0.21, 779
0.21, 778
0.22, 777
0.22, 776
0.22, 775
0.23, 774
0.23, 773
0.23, 772
0.24, 771
0.24, 770
0.24, 769
0.24, 768
0.24, 767
0.24, 766
0.24, 765
0.25, 764
0.25, 763
0.25, 762
0.25, 761
0.25, 760
0.25, 759
0.25, 758
0.25, 757
0.25, 756
0.26, 755
0.26, 754
0.26, 753
0.26, 752
0.26, 751
0.26, 750
0.26, 749
0.26, 748
0.26, 747
0.26, 746
0.26, 745
0.26, 744
0.26, 743
0.26, 742
0.26, 741
0.26, 740
0.26, 739
0.26, 738
0.26, 737
0.26, 736
0.26, 735
0.26, 734
0.26, 733
0.26, 732
0.27, 731
0.27, 730
0.27, 729
0.27, 728
0.27, 727
0.28, 726
0.28, 725
0.28, 724
0.30, 723
0.30, 722
0.31, 721
0.31, 720
0.31, 719
0.31, 718
0.31, 717
0.32, 716
0.32, 715
0.32, 714
0.32, 713
0.32, 712
0.32, 711
0.32, 710
0.33, 709
0.33, 708
0.33, 707
0.33, 706
0.33, 705
0.33, 704
0.33, 703
0.33, 702
0.33, 701
0.33, 700
0.33, 699
0.33, 698
0.33, 697
0.33, 696
0.35, 695
0.35, 694
0.36, 693
0.36, 692
0.36, 691
0.38, 690
0.40, 689
0.40, 688
0.40, 687
0.40, 686
0.40, 685
0.43, 684
0.43, 683
0.43, 682
0.45, 681
0.47, 680
0.48, 679
0.48, 678
0.51, 677
0.51, 676
0.51, 675
0.52, 674
0.52, 673
0.61, 672
0.62, 671
0.79, 670
0.79, 669
0.79, 668
0.81, 667
0.81, 666
0.81, 665
1.13, 664
1.13, 663
1.13, 662
1.14, 661
1.20, 660
1.21, 659
3.85, 658
4.12, 657
4.32, 656
10.71, 655
12.10, 654
53.97, 653
