0.00, 5606
0.00, 5605
0.11, 5604
0.12, 5603
0.37, 5602
0.37, 5601
0.37, 5600
0.37, 5599
0.40, 5598
0.44, 5597
0.44, 5596
0.63, 5595
0.64, 5594
0.64, 5593
0.64, 5592
0.64, 5591
0.64, 5590
0.83, 5589
0.84, 5588
0.86, 5587
0.86, 5586
0.87, 5585
1.10, 5584
1.11, 5583
1.17, 5582
1.20, 5581
1.20, 5580
1.41, 5579
1.57, 5578
1.57, 5577
1.58, 5576
1.58, 5575
1.58, 5574
1.58, 5573
1.58, 5572
1.58, 5571
1.59, 5570
1.59, 5569
1.60, 5568
1.77, 5567
1.78, 5566
1.83, 5565
1.84, 5564
1.92, 5563
1.96, 5562
2.18, 5561
2.22, 5560
2.22, 5559
2.22, 5558
2.22, 5557
2.22, 5556
2.22, 5555
2.22, 5554
2.23, 5553
2.23, 5552
2.23, 5551
2.23, 5550
2.46, 5549
2.46, 5548
2.49, 5547
2.50, 5546
3.02, 5545
3.03, 5544
3.06, 5543
3.07, 5542
3.07, 5541
3.07, 5540
3.07, 5539
3.11, 5538
3.12, 5537
3.12, 5536
3.14, 5535
3.16, 5534
3.16, 5533
3.87, 5532
3.90, 5531
4.46, 5530
4.47, 5529
4.60, 5528
4.60, 5527
4.63, 5526
4.69, 5525
4.70, 5524
4.93, 5523
4.94, 5522
4.95, 5521
4.97, 5520
4.97, 5519
5.02, 5518
5.33, 5517
5.33, 5516
5.34, 5515
5.36, 5514
5.38, 5513
5.40, 5512
5.49, 5511
5.54, 5510
5.72, 5509
5.72, 5508
5.80, 5507
5.89, 5506
5.91, 5505
6.08, 5504
6.14, 5503
6.14, 5502
6.16, 5501
6.17, 5500
6.18, 5499
6.18, 5498
6.22, 5497
6.37, 5496
6.41, 5495
6.45, 5494
6.55, 5493
6.57, 5492
7.06, 5491
7.07, 5490
7.08, 5489
7.10, 5488
7.14, 5487
7.14, 5486
7.17, 5485
7.18, 5484
7.25, 5483
7.25, 5482
7.35, 5481
7.46, 5480
7.47, 5479
7.56, 5478
7.56, 5477
7.61, 5476
7.62, 5475
7.62, 5474
7.62, 5473
7.62, 5472
7.63, 5471
7.69, 5470
7.69, 5469
7.70, 5468
7.74, 5467
7.77, 5466
7.78, 5465
7.79, 5464
7.80, 5463
7.80, 5462
7.99, 5461
7.99, 5460
7.99, 5459
8.00, 5458
8.01, 5457
8.03, 5456
8.06, 5455
8.07, 5454
8.07, 5453
8.07, 5452
8.09, 5451
8.12, 5450
8.15, 5449
8.15, 5448
8.17, 5447
8.21, 5446
8.21, 5445
8.22, 5444
8.22, 5443
8.24, 5442
8.27, 5441
8.28, 5440
8.28, 5439
8.32, 5438
8.32, 5437
8.32, 5436
8.37, 5435
8.37, 5434
8.37, 5433
8.39, 5432
8.39, 5431
8.40, 5430
8.41, 5429
8.41, 5428
8.41, 5427
8.57, 5426
8.63, 5425
8.69, 5424
8.70, 5423
8.71, 5422
8.71, 5421
8.79, 5420
8.79, 5419
8.80, 5418
8.80, 5417
8.80, 5416
8.83, 5415
8.83, 5414
8.86, 5413
8.88, 5412
8.88, 5411
8.90, 5410
8.91, 5409
8.91, 5408
8.91, 5407
8.92, 5406
8.92, 5405
8.92, 5404
8.95, 5403
8.99, 5402
9.00, 5401
9.02, 5400
9.07, 5399
9.08, 5398
9.17, 5397
9.18, 5396
9.18, 5395
9.19, 5394
9.19, 5393
9.22, 5392
9.23, 5391
9.26, 5390
9.29, 5389
9.31, 5388
9.32, 5387
9.32, 5386
9.32, 5385
9.34, 5384
9.37, 5383
9.37, 5382
9.38, 5381
9.38, 5380
9.43, 5379
9.45, 5378
9.51, 5377
9.60, 5376
9.60, 5375
9.60, 5374
9.61, 5373
9.63, 5372
9.65, 5371
9.65, 5370
9.68, 5369
9.68, 5368
9.70, 5367
9.70, 5366
9.70, 5365
9.73, 5364
9.73, 5363
9.75, 5362
9.77, 5361
9.78, 5360
9.79, 5359
9.81, 5358
9.81, 5357
9.93, 5356
9.93, 5355
9.94, 5354
9.96, 5353
9.96, 5352
10.02, 5351
10.16, 5350
10.16, 5349
10.16, 5348
10.16, 5347
10.16, 5346
10.16, 5345
10.16, 5344
10.16, 5343
10.26, 5342
10.26, 5341
10.26, 5340
10.26, 5339
10.27, 5338
10.29, 5337
10.29, 5336
10.30, 5335
10.30, 5334
10.33, 5333
10.34, 5332
10.35, 5331
10.35, 5330
10.36, 5329
10.36, 5328
10.38, 5327
10.39, 5326
10.39, 5325
10.39, 5324
10.39, 5323
10.40, 5322
10.40, 5321
10.44, 5320
10.44, 5319
10.53, 5318
10.55, 5317
10.55, 5316
10.55, 5315
10.57, 5314
10.57, 5313
10.58, 5312
10.59, 5311
10.59, 5310
10.59, 5309
10.61, 5308
10.69, 5307
10.69, 5306
10.70, 5305
10.70, 5304
10.72, 5303
10.72, 5302
10.72, 5301
10.72, 5300
10.72, 5299
10.72, 5298
10.72, 5297
10.76, 5296
10.77, 5295
10.77, 5294
10.81, 5293
10.82, 5292
10.96, 5291
11.00, 5290
11.00, 5289
11.00, 5288
11.00, 5287
11.00, 5286
11.03, 5285
11.03, 5284
11.03, 5283
11.03, 5282
11.04, 5281
11.06, 5280
11.06, 5279
11.08, 5278
11.08, 5277
11.08, 5276
11.08, 5275
11.11, 5274
11.12, 5273
11.12, 5272
11.12, 5271
11.13, 5270
11.16, 5269
11.16, 5268
11.16, 5267
11.16, 5266
11.16, 5265
11.16, 5264
11.16, 5263
11.18, 5262
11.19, 5261
11.20, 5260
11.21, 5259
11.22, 5258
11.36, 5257
11.41, 5256
11.43, 5255
11.43, 5254
11.43, 5253
11.49, 5252
11.49, 5251
11.57, 5250
11.57, 5249
11.62, 5248
11.66, 5247
11.66, 5246
11.67, 5245
11.68, 5244
11.71, 5243
11.72, 5242
11.73, 5241
11.75, 5240
11.75, 5239
11.80, 5238
11.81, 5237
11.85, 5236
11.86, 5235
11.87, 5234
11.90, 5233
11.91, 5232
11.91, 5231
11.94, 5230
11.94, 5229
11.94, 5228
11.94, 5227
11.95, 5226
11.95, 5225
11.95, 5224
12.05, 5223
12.05, 5222
12.05, 5221
12.05, 5220
12.05, 5219
12.05, 5218
12.05, 5217
12.05, 5216
12.05, 5215
12.06, 5214
12.07, 5213
12.07, 5212
12.08, 5211
12.10, 5210
12.10, 5209
12.12, 5208
12.13, 5207
12.31, 5206
12.38, 5205
12.39, 5204
12.53, 5203
12.59, 5202
12.62, 5201
12.63, 5200
12.63, 5199
12.63, 5198
12.64, 5197
12.64, 5196
12.64, 5195
12.64, 5194
12.66, 5193
12.74, 5192
12.79, 5191
12.80, 5190
12.81, 5189
12.83, 5188
12.83, 5187
12.83, 5186
12.83, 5185
12.83, 5184
12.83, 5183
12.84, 5182
12.88, 5181
13.08, 5180
13.08, 5179
13.10, 5178
13.12, 5177
13.12, 5176
13.13, 5175
13.14, 5174
13.14, 5173
13.16, 5172
13.21, 5171
13.24, 5170
13.29, 5169
13.29, 5168
13.29, 5167
13.29, 5166
13.29, 5165
13.31, 5164
13.32, 5163
13.36, 5162
13.37, 5161
13.37, 5160
13.37, 5159
13.38, 5158
13.39, 5157
13.40, 5156
13.40, 5155
13.40, 5154
13.40, 5153
13.40, 5152
13.41, 5151
13.42, 5150
13.45, 5149
13.45, 5148
13.46, 5147
13.46, 5146
13.46, 5145
13.48, 5144
13.51, 5143
13.51, 5142
13.53, 5141
13.54, 5140
13.54, 5139
13.55, 5138
13.55, 5137
13.55, 5136
13.56, 5135
13.56, 5134
13.56, 5133
13.56, 5132
13.59, 5131
13.60, 5130
13.60, 5129
13.60, 5128
13.61, 5127
13.61, 5126
13.61, 5125
13.61, 5124
13.61, 5123
13.61, 5122
13.61, 5121
13.61, 5120
13.61, 5119
13.61, 5118
13.62, 5117
13.63, 5116
13.63, 5115
13.63, 5114
13.65, 5113
13.85, 5112
13.86, 5111
13.86, 5110
13.88, 5109
13.88, 5108
13.96, 5107
13.99, 5106
13.99, 5105
14.00, 5104
14.01, 5103
14.01, 5102
14.02, 5101
14.02, 5100
14.03, 5099
14.05, 5098
14.06, 5097
14.13, 5096
14.15, 5095
14.15, 5094
14.24, 5093
14.25, 5092
14.25, 5091
14.26, 5090
14.33, 5089
14.34, 5088
14.35, 5087
14.37, 5086
14.42, 5085
14.43, 5084
14.43, 5083
14.44, 5082
14.47, 5081
14.48, 5080
14.48, 5079
14.55, 5078
14.55, 5077
14.56, 5076
14.56, 5075
14.57, 5074
14.62, 5073
14.62, 5072
14.63, 5071
14.63, 5070
14.64, 5069
14.65, 5068
14.65, 5067
14.70, 5066
14.70, 5065
14.70, 5064
14.72, 5063
14.72, 5062
14.78, 5061
14.79, 5060
14.79, 5059
14.80, 5058
14.80, 5057
14.80, 5056
14.80, 5055
14.81, 5054
14.82, 5053
14.82, 5052
14.84, 5051
14.84, 5050
14.85, 5049
14.85, 5048
14.85, 5047
14.85, 5046
14.86, 5045
14.86, 5044
14.86, 5043
14.86, 5042
14.89, 5041
14.89, 5040
14.89, 5039
14.89, 5038
14.90, 5037
14.91, 5036
14.91, 5035
14.92, 5034
14.92, 5033
14.92, 5032
14.93, 5031
14.93, 5030
14.96, 5029
14.96, 5028
14.96, 5027
14.98, 5026
15.00, 5025
15.22, 5024
15.27, 5023
15.27, 5022
15.27, 5021
15.28, 5020
15.31, 5019
15.34, 5018
15.34, 5017
15.34, 5016
15.34, 5015
15.35, 5014
15.37, 5013
15.37, 5012
15.38, 5011
15.38, 5010
15.38, 5009
15.38, 5008
15.39, 5007
15.41, 5006
15.41, 5005
15.41, 5004
15.41, 5003
15.43, 5002
15.43, 5001
15.43, 5000
15.44, 4999
15.44, 4998
15.46, 4997
15.46, 4996
15.46, 4995
15.46, 4994
15.46, 4993
15.46, 4992
15.49, 4991
15.50, 4990
15.50, 4989
15.50, 4988
15.50, 4987
15.54, 4986
15.54, 4985
15.55, 4984
15.55, 4983
15.55, 4982
15.56, 4981
15.57, 4980
15.57, 4979
15.58, 4978
15.64, 4977
15.68, 4976
15.68, 4975
15.68, 4974
15.68, 4973
15.69, 4972
15.70, 4971
15.70, 4970
15.70, 4969
15.70, 4968
15.71, 4967
15.71, 4966
15.72, 4965
15.73, 4964
15.75, 4963
15.76, 4962
15.79, 4961
15.79, 4960
15.79, 4959
15.85, 4958
15.85, 4957
15.85, 4956
15.87, 4955
15.87, 4954
15.90, 4953
15.92, 4952
15.93, 4951
15.95, 4950
15.95, 4949
15.96, 4948
15.98, 4947
15.98, 4946
16.00, 4945
16.00, 4944
16.01, 4943
16.01, 4942
16.01, 4941
16.02, 4940
16.03, 4939
16.05, 4938
16.06, 4937
16.07, 4936
16.08, 4935
16.09, 4934
16.09, 4933
16.09, 4932
16.09, 4931
16.09, 4930
16.09, 4929
16.09, 4928
16.09, 4927
16.09, 4926
16.09, 4925
16.10, 4924
16.10, 4923
16.10, 4922
16.10, 4921
16.10, 4920
16.12, 4919
16.12, 4918
16.12, 4917
16.12, 4916
16.12, 4915
16.12, 4914
16.12, 4913
16.13, 4912
16.14, 4911
16.14, 4910
16.15, 4909
16.15, 4908
16.16, 4907
16.16, 4906
16.17, 4905
16.18, 4904
16.21, 4903
16.22, 4902
16.22, 4901
16.22, 4900
16.22, 4899
16.22, 4898
16.22, 4897
16.23, 4896
16.25, 4895
16.25, 4894
16.25, 4893
16.27, 4892
16.27, 4891
16.31, 4890
16.31, 4889
16.31, 4888
16.31, 4887
16.31, 4886
16.34, 4885
16.34, 4884
16.34, 4883
16.34, 4882
16.34, 4881
16.34, 4880
16.35, 4879
16.35, 4878
16.36, 4877
16.36, 4876
16.37, 4875
16.38, 4874
16.38, 4873
16.39, 4872
16.39, 4871
16.40, 4870
16.40, 4869
16.41, 4868
16.41, 4867
16.43, 4866
16.43, 4865
16.43, 4864
16.45, 4863
16.46, 4862
16.46, 4861
16.47, 4860
16.47, 4859
16.47, 4858
16.48, 4857
16.49, 4856
16.49, 4855
16.51, 4854
16.51, 4853
16.51, 4852
16.52, 4851
16.52, 4850
16.52, 4849
16.53, 4848
16.53, 4847
16.54, 4846
16.54, 4845
16.54, 4844
16.55, 4843
16.55, 4842
16.55, 4841
16.55, 4840
16.55, 4839
16.55, 4838
16.75, 4837
16.76, 4836
16.76, 4835
16.79, 4834
16.80, 4833
16.81, 4832
16.81, 4831
16.82, 4830
16.83, 4829
16.83, 4828
16.84, 4827
16.91, 4826
16.91, 4825
16.91, 4824
16.91, 4823
16.92, 4822
16.93, 4821
16.93, 4820
16.94, 4819
16.97, 4818
16.97, 4817
16.97, 4816
16.97, 4815
16.97, 4814
16.97, 4813
16.98, 4812
16.99, 4811
16.99, 4810
17.00, 4809
17.02, 4808
17.02, 4807
17.02, 4806
17.03, 4805
17.04, 4804
17.04, 4803
17.04, 4802
17.04, 4801
17.04, 4800
17.04, 4799
17.04, 4798
17.05, 4797
17.06, 4796
17.10, 4795
17.11, 4794
17.12, 4793
17.13, 4792
17.14, 4791
17.14, 4790
17.15, 4789
17.16, 4788
17.16, 4787
17.16, 4786
17.16, 4785
17.16, 4784
17.16, 4783
17.17, 4782
17.17, 4781
17.17, 4780
17.17, 4779
17.17, 4778
17.18, 4777
17.19, 4776
17.21, 4775
17.22, 4774
17.23, 4773
17.23, 4772
17.23, 4771
17.23, 4770
17.23, 4769
17.24, 4768
17.27, 4767
17.28, 4766
17.29, 4765
17.29, 4764
17.29, 4763
17.29, 4762
17.29, 4761
17.29, 4760
17.31, 4759
17.32, 4758
17.32, 4757
17.33, 4756
17.34, 4755
17.34, 4754
17.34, 4753
17.34, 4752
17.34, 4751
17.34, 4750
17.35, 4749
17.38, 4748
17.38, 4747
17.38, 4746
17.38, 4745
17.39, 4744
17.39, 4743
17.39, 4742
17.41, 4741
17.41, 4740
17.41, 4739
17.41, 4738
17.42, 4737
17.43, 4736
17.43, 4735
17.43, 4734
17.43, 4733
17.44, 4732
17.45, 4731
17.45, 4730
17.47, 4729
17.47, 4728
17.47, 4727
17.47, 4726
17.47, 4725
17.47, 4724
17.49, 4723
17.51, 4722
17.51, 4721
17.51, 4720
17.52, 4719
17.53, 4718
17.53, 4717
17.54, 4716
17.54, 4715
17.56, 4714
17.56, 4713
17.56, 4712
17.56, 4711
17.57, 4710
17.57, 4709
17.57, 4708
17.57, 4707
17.57, 4706
17.57, 4705
17.57, 4704
17.57, 4703
17.57, 4702
17.57, 4701
17.57, 4700
17.57, 4699
17.57, 4698
17.58, 4697
17.58, 4696
17.58, 4695
17.58, 4694
17.63, 4693
17.66, 4692
17.67, 4691
17.68, 4690
17.75, 4689
17.76, 4688
17.76, 4687
17.76, 4686
17.79, 4685
17.83, 4684
17.83, 4683
17.84, 4682
17.86, 4681
17.86, 4680
17.89, 4679
17.95, 4678
17.95, 4677
17.96, 4676
17.98, 4675
17.98, 4674
17.99, 4673
17.99, 4672
18.00, 4671
18.00, 4670
18.03, 4669
18.04, 4668
18.08, 4667
18.08, 4666
18.10, 4665
18.10, 4664
18.11, 4663
18.14, 4662
18.14, 4661
18.14, 4660
18.15, 4659
18.16, 4658
18.17, 4657
18.17, 4656
18.18, 4655
18.19, 4654
18.20, 4653
18.23, 4652
18.24, 4651
18.25, 4650
18.26, 4649
18.26, 4648
18.26, 4647
18.28, 4646
18.29, 4645
18.36, 4644
18.36, 4643
18.36, 4642
18.36, 4641
18.72, 4640
18.72, 4639
18.75, 4638
18.79, 4637
18.80, 4636
18.88, 4635
18.89, 4634
18.96, 4633
19.02, 4632
19.42, 4631
19.51, 4630
19.52, 4629
19.67, 4628
19.84, 4627
19.85, 4626
19.87, 4625
20.28, 4624
20.37, 4623
20.38, 4622
20.42, 4621
20.73, 4620
20.83, 4619
20.97, 4618
21.20, 4617
21.47, 4616
21.48, 4615
21.89, 4614
23.40, 4613
23.65, 4612
23.67, 4611
24.91, 4610
25.99, 4609
26.00, 4608
26.00, 4607
26.34, 4606
26.35, 4605
26.36, 4604
26.44, 4603
26.55, 4602
26.68, 4601
26.77, 4600
27.16, 4599
27.20, 4598
27.26, 4597
27.27, 4596
27.57, 4595
27.83, 4594
27.84, 4593
27.96, 4592
28.13, 4591
28.18, 4590
28.22, 4589
28.40, 4588
28.49, 4587
28.74, 4586
28.78, 4585
28.80, 4584
28.90, 4583
29.06, 4582
29.07, 4581
29.17, 4580
29.22, 4579
29.53, 4578
29.59, 4577
29.67, 4576
29.68, 4575
29.69, 4574
29.80, 4573
29.81, 4572
29.81, 4571
30.13, 4570
30.19, 4569
30.31, 4568
30.32, 4567
30.32, 4566
30.34, 4565
30.35, 4564
30.42, 4563
30.60, 4562
30.75, 4561
30.76, 4560
30.77, 4559
31.04, 4558
31.34, 4557
31.35, 4556
31.36, 4555
31.64, 4554
31.72, 4553
31.82, 4552
31.86, 4551
31.88, 4550
32.00, 4549
32.07, 4548
32.33, 4547
32.40, 4546
32.59, 4545
32.76, 4544
32.79, 4543
32.97, 4542
33.03, 4541
33.17, 4540
33.64, 4539
33.65, 4538
34.10, 4537
34.27, 4536
34.28, 4535
34.41, 4534
34.52, 4533
34.53, 4532
34.57, 4531
34.62, 4530
35.58, 4529
35.87, 4528
36.03, 4527
36.04, 4526
36.06, 4525
36.07, 4524
36.18, 4523
36.79, 4522
36.90, 4521
36.91, 4520
36.98, 4519
37.00, 4518
37.05, 4517
37.05, 4516
37.08, 4515
37.28, 4514
37.29, 4513
37.42, 4512
37.43, 4511
38.21, 4510
38.33, 4509
38.44, 4508
38.59, 4507
38.65, 4506
38.84, 4505
38.99, 4504
39.16, 4503
39.41, 4502
39.42, 4501
39.83, 4500
39.93, 4499
40.03, 4498
40.42, 4497
40.53, 4496
40.63, 4495
40.77, 4494
41.21, 4493
41.87, 4492
42.00, 4491
42.16, 4490
42.30, 4489
42.72, 4488
42.75, 4487
42.87, 4486
42.88, 4485
43.02, 4484
43.02, 4483
43.03, 4482
43.08, 4481
43.31, 4480
43.31, 4479
43.42, 4478
43.42, 4477
43.71, 4476
44.43, 4475
44.48, 4474
45.26, 4473
45.27, 4472
46.29, 4471
46.35, 4470
46.37, 4469
46.84, 4468
47.67, 4467
48.06, 4466
48.15, 4465
48.17, 4464
49.08, 4463
49.41, 4462
50.23, 4461
50.46, 4460
50.49, 4459
50.75, 4458
50.85, 4457
50.97, 4456
51.23, 4455
51.34, 4454
51.35, 4453
51.36, 4452
51.57, 4451
51.70, 4450
51.82, 4449
51.83, 4448
51.95, 4447
52.01, 4446
52.42, 4445
55.67, 4444
55.69, 4443
55.92, 4442
56.49, 4441
57.90, 4440
58.13, 4439
58.55, 4438
59.38, 4437
59.49, 4436
59.58, 4435
59.74, 4434
