0.00, 1214
0.02, 1213
0.03, 1212
0.03, 1211
0.10, 1210
0.10, 1209
0.10, 1208
0.10, 1207
0.10, 1206
0.10, 1205
0.10, 1204
0.11, 1203
0.11, 1202
0.11, 1201
0.11, 1200
0.11, 1199
0.12, 1198
0.12, 1197
0.12, 1196
0.12, 1195
0.12, 1194
0.13, 1193
0.13, 1192
0.14, 1191
0.14, 1190
0.14, 1189
0.14, 1188
0.15, 1187
0.15, 1186
0.15, 1185
0.15, 1184
0.15, 1183
0.16, 1182
0.17, 1181
0.17, 1180
0.19, 1179
0.19, 1178
0.19, 1177
0.19, 1176
0.19, 1175
0.19, 1174
0.19, 1173
0.20, 1172
0.20, 1171
0.20, 1170
0.21, 1169
0.21, 1168
0.21, 1167
0.21, 1166
0.21, 1165
0.21, 1164
0.22, 1163
0.22, 1162
0.23, 1161
0.23, 1160
0.23, 1159
0.23, 1158
0.23, 1157
0.25, 1156
0.25, 1155
0.25, 1154
0.25, 1153
0.26, 1152
0.26, 1151
0.26, 1150
0.26, 1149
0.26, 1148
0.26, 1147
0.29, 1146
0.29, 1145
0.29, 1144
0.29, 1143
0.29, 1142
0.29, 1141
0.30, 1140
0.30, 1139
0.30, 1138
0.30, 1137
0.30, 1136
0.30, 1135
0.30, 1134
0.30, 1133
0.30, 1132
0.30, 1131
0.30, 1130
0.30, 1129
0.30, 1128
0.30, 1127
0.30, 1126
0.30, 1125
0.30, 1124
0.30, 1123
0.31, 1122
0.31, 1121
0.31, 1120
0.31, 1119
0.32, 1118
0.32, 1117
0.32, 1116
0.33, 1115
0.33, 1114
0.33, 1113
0.33, 1112
0.33, 1111
0.33, 1110
0.33, 1109
0.33, 1108
0.33, 1107
0.33, 1106
0.33, 1105
0.34, 1104
0.35, 1103
0.35, 1102
0.35, 1101
0.35, 1100
0.36, 1099
0.36, 1098
0.36, 1097
0.36, 1096
0.36, 1095
0.37, 1094
0.37, 1093
0.37, 1092
0.37, 1091
0.37, 1090
0.39, 1089
0.43, 1088
0.44, 1087
0.44, 1086
0.46, 1085
0.46, 1084
0.46, 1083
0.46, 1082
0.47, 1081
0.48, 1080
0.48, 1079
0.49, 1078
0.49, 1077
0.51, 1076
0.51, 1075
0.53, 1074
0.53, 1073
0.53, 1072
0.53, 1071
0.54, 1070
0.54, 1069
0.54, 1068
0.54, 1067
0.54, 1066
0.54, 1065
0.54, 1064
0.54, 1063
0.54, 1062
0.55, 1061
0.55, 1060
0.56, 1059
0.56, 1058
0.57, 1057
0.57, 1056
0.57, 1055
0.57, 1054
0.57, 1053
0.57, 1052
0.57, 1051
0.58, 1050
0.61, 1049
0.61, 1048
0.61, 1047
0.62, 1046
0.62, 1045
0.64, 1044
0.64, 1043
0.65, 1042
0.65, 1041
0.65, 1040
0.65, 1039
0.65, 1038
0.65, 1037
0.65, 1036
0.65, 1035
0.65, 1034
0.65, 1033
0.66, 1032
0.66, 1031
0.67, 1030
0.67, 1029
0.67, 1028
0.67, 1027
0.68, 1026
0.68, 1025
0.68, 1024
0.69, 1023
0.69, 1022
0.69, 1021
0.69, 1020
0.69, 1019
0.69, 1018
0.69, 1017
0.69, 1016
0.69, 1015
0.69, 1014
0.69, 1013
0.70, 1012
0.70, 1011
0.70, 1010
0.71, 1009
0.71, 1008
0.72, 1007
0.72, 1006
0.73, 1005
0.73, 1004
0.73, 1003
0.73, 1002
0.73, 1001
0.73, 1000
0.73, 999
0.74, 998
0.74, 997
0.74, 996
0.74, 995
0.74, 994
0.75, 993
0.75, 992
0.75, 991
0.75, 990
0.75, 989
0.75, 988
0.75, 987
0.75, 986
0.75, 985
0.75, 984
0.76, 983
0.76, 982
0.76, 981
0.78, 980
0.79, 979
0.82, 978
0.83, 977
0.84, 976
1.05, 975
1.09, 974
1.11, 973
1.17, 972
1.19, 971
1.19, 970
1.20, 969
1.22, 968
1.30, 967
1.30, 966
1.31, 965
1.35, 964
1.41, 963
1.42, 962
1.43, 961
1.49, 960
1.52, 959
1.73, 958
1.86, 957
2.18, 956
2.44, 955
