0.00, 3722
0.00, 3721
0.00, 3720
0.02, 3719
0.05, 3718
0.05, 3717
0.05, 3716
0.05, 3715
0.05, 3714
0.05, 3713
0.06, 3712
0.06, 3711
0.06, 3710
0.06, 3709
0.06, 3708
0.06, 3707
0.06, 3706
0.07, 3705
0.07, 3704
0.07, 3703
0.07, 3702
0.07, 3701
0.07, 3700
0.07, 3699
0.07, 3698
0.08, 3697
0.08, 3696
0.08, 3695
0.08, 3694
0.08, 3693
0.08, 3692
0.08, 3691
0.08, 3690
0.08, 3689
0.08, 3688
0.08, 3687
0.08, 3686
0.08, 3685
0.08, 3684
0.08, 3683
0.09, 3682
0.09, 3681
0.09, 3680
0.09, 3679
0.09, 3678
0.09, 3677
0.10, 3676
0.10, 3675
0.11, 3674
0.11, 3673
0.11, 3672
0.11, 3671
0.11, 3670
0.11, 3669
0.11, 3668
0.11, 3667
0.11, 3666
0.11, 3665
0.12, 3664
0.12, 3663
0.12, 3662
0.13, 3661
0.13, 3660
0.13, 3659
0.13, 3658
0.14, 3657
0.15, 3656
0.15, 3655
0.15, 3654
0.15, 3653
0.16, 3652
0.16, 3651
0.16, 3650
0.16, 3649
0.16, 3648
0.16, 3647
0.16, 3646
0.16, 3645
0.16, 3644
0.16, 3643
0.18, 3642
0.18, 3641
0.18, 3640
0.18, 3639
0.18, 3638
0.18, 3637
0.18, 3636
0.18, 3635
0.18, 3634
0.18, 3633
0.19, 3632
0.19, 3631
0.19, 3630
0.19, 3629
0.19, 3628
0.19, 3627
0.19, 3626
0.19, 3625
0.19, 3624
0.20, 3623
0.20, 3622
0.20, 3621
0.20, 3620
0.20, 3619
0.20, 3618
0.20, 3617
0.21, 3616
0.22, 3615
0.22, 3614
0.22, 3613
0.23, 3612
0.23, 3611
0.23, 3610
0.24, 3609
0.24, 3608
0.24, 3607
0.24, 3606
0.24, 3605
0.24, 3604
0.24, 3603
0.24, 3602
0.26, 3601
0.26, 3600
0.26, 3599
0.26, 3598
0.26, 3597
0.26, 3596
0.27, 3595
0.27, 3594
0.27, 3593
0.27, 3592
0.27, 3591
0.28, 3590
0.28, 3589
0.28, 3588
0.28, 3587
0.28, 3586
0.29, 3585
0.29, 3584
0.30, 3583
0.30, 3582
0.30, 3581
0.30, 3580
0.30, 3579
0.30, 3578
0.30, 3577
0.30, 3576
0.30, 3575
0.30, 3574
0.30, 3573
0.30, 3572
0.30, 3571
0.31, 3570
0.31, 3569
0.32, 3568
0.32, 3567
0.32, 3566
0.32, 3565
0.32, 3564
0.33, 3563
0.33, 3562
0.33, 3561
0.33, 3560
0.34, 3559
0.34, 3558
0.34, 3557
0.34, 3556
0.34, 3555
0.34, 3554
0.34, 3553
0.34, 3552
0.34, 3551
0.35, 3550
0.35, 3549
0.35, 3548
0.35, 3547
0.36, 3546
0.36, 3545
0.36, 3544
0.36, 3543
0.37, 3542
0.37, 3541
0.37, 3540
0.37, 3539
0.37, 3538
0.37, 3537
0.37, 3536
0.39, 3535
0.39, 3534
0.39, 3533
0.39, 3532
0.39, 3531
0.40, 3530
0.40, 3529
0.41, 3528
0.41, 3527
0.41, 3526
0.41, 3525
0.41, 3524
0.41, 3523
0.41, 3522
0.41, 3521
0.41, 3520
0.41, 3519
0.42, 3518
0.42, 3517
0.42, 3516
0.42, 3515
0.42, 3514
0.42, 3513
0.43, 3512
0.44, 3511
0.44, 3510
0.44, 3509
0.44, 3508
0.48, 3507
0.48, 3506
0.49, 3505
0.49, 3504
0.51, 3503
0.51, 3502
0.51, 3501
0.51, 3500
0.51, 3499
0.51, 3498
0.51, 3497
0.52, 3496
0.53, 3495
0.53, 3494
0.53, 3493
0.53, 3492
0.53, 3491
0.53, 3490
0.53, 3489
0.53, 3488
0.53, 3487
0.54, 3486
0.54, 3485
0.55, 3484
0.55, 3483
0.56, 3482
0.56, 3481
0.57, 3480
0.57, 3479
0.57, 3478
0.57, 3477
0.57, 3476
0.57, 3475
0.57, 3474
0.58, 3473
0.58, 3472
0.58, 3471
0.58, 3470
0.58, 3469
0.58, 3468
0.58, 3467
0.58, 3466
0.59, 3465
0.59, 3464
0.60, 3463
0.60, 3462
0.60, 3461
0.60, 3460
0.60, 3459
0.60, 3458
0.60, 3457
0.61, 3456
0.61, 3455
0.61, 3454
0.61, 3453
0.61, 3452
0.61, 3451
0.61, 3450
0.61, 3449
0.61, 3448
0.61, 3447
0.61, 3446
0.62, 3445
0.62, 3444
0.62, 3443
0.62, 3442
0.62, 3441
0.62, 3440
0.62, 3439
0.62, 3438
0.62, 3437
0.62, 3436
0.62, 3435
0.62, 3434
0.65, 3433
0.65, 3432
0.65, 3431
0.65, 3430
0.65, 3429
0.65, 3428
0.65, 3427
0.65, 3426
0.65, 3425
0.65, 3424
0.65, 3423
0.65, 3422
0.65, 3421
0.65, 3420
0.66, 3419
0.66, 3418
0.66, 3417
0.67, 3416
0.67, 3415
0.67, 3414
0.67, 3413
0.67, 3412
0.67, 3411
0.69, 3410
0.69, 3409
0.69, 3408
0.69, 3407
0.69, 3406
0.69, 3405
0.69, 3404
0.69, 3403
0.69, 3402
0.69, 3401
0.69, 3400
0.69, 3399
0.69, 3398
0.69, 3397
0.69, 3396
0.70, 3395
0.70, 3394
0.70, 3393
0.70, 3392
0.70, 3391
0.70, 3390
0.70, 3389
0.70, 3388
0.70, 3387
0.70, 3386
0.70, 3385
0.70, 3384
0.70, 3383
0.70, 3382
0.71, 3381
0.72, 3380
0.73, 3379
0.73, 3378
0.73, 3377
0.73, 3376
0.73, 3375
0.73, 3374
0.73, 3373
0.74, 3372
0.74, 3371
0.74, 3370
0.74, 3369
0.74, 3368
0.74, 3367
0.74, 3366
0.75, 3365
0.75, 3364
0.75, 3363
0.75, 3362
0.75, 3361
0.75, 3360
0.75, 3359
0.75, 3358
0.76, 3357
0.76, 3356
0.78, 3355
0.78, 3354
0.78, 3353
0.78, 3352
0.78, 3351
0.78, 3350
0.79, 3349
0.79, 3348
0.80, 3347
0.82, 3346
0.82, 3345
0.82, 3344
0.82, 3343
0.82, 3342
0.82, 3341
0.82, 3340
0.82, 3339
0.83, 3338
0.83, 3337
0.87, 3336
0.87, 3335
0.87, 3334
0.87, 3333
0.88, 3332
0.89, 3331
0.89, 3330
0.89, 3329
0.89, 3328
0.89, 3327
0.89, 3326
0.89, 3325
0.91, 3324
0.91, 3323
0.91, 3322
0.91, 3321
0.91, 3320
0.91, 3319
0.91, 3318
0.92, 3317
0.92, 3316
0.93, 3315
0.93, 3314
0.93, 3313
0.93, 3312
0.93, 3311
0.94, 3310
0.94, 3309
0.94, 3308
0.95, 3307
0.95, 3306
0.95, 3305
0.95, 3304
0.95, 3303
0.95, 3302
0.95, 3301
0.95, 3300
0.95, 3299
0.95, 3298
0.95, 3297
0.96, 3296
0.96, 3295
0.96, 3294
0.96, 3293
0.96, 3292
0.97, 3291
0.97, 3290
0.98, 3289
0.99, 3288
0.99, 3287
1.01, 3286
1.01, 3285
1.02, 3284
1.02, 3283
1.02, 3282
1.02, 3281
1.02, 3280
1.02, 3279
1.02, 3278
1.02, 3277
1.02, 3276
1.02, 3275
1.02, 3274
1.03, 3273
1.03, 3272
1.03, 3271
1.03, 3270
1.04, 3269
1.04, 3268
1.04, 3267
1.04, 3266
1.04, 3265
1.04, 3264
1.04, 3263
1.04, 3262
1.04, 3261
1.04, 3260
1.04, 3259
1.05, 3258
1.05, 3257
1.05, 3256
1.05, 3255
1.05, 3254
1.05, 3253
1.05, 3252
1.05, 3251
1.05, 3250
1.05, 3249
1.05, 3248
1.05, 3247
1.05, 3246
1.06, 3245
1.06, 3244
1.06, 3243
1.06, 3242
1.09, 3241
1.09, 3240
1.09, 3239
1.09, 3238
1.09, 3237
1.09, 3236
1.09, 3235
1.09, 3234
1.09, 3233
1.10, 3232
1.11, 3231
1.11, 3230
1.12, 3229
1.12, 3228
1.12, 3227
1.12, 3226
1.13, 3225
1.14, 3224
1.14, 3223
1.14, 3222
1.14, 3221
1.14, 3220
1.15, 3219
1.15, 3218
1.16, 3217
1.16, 3216
1.16, 3215
1.16, 3214
1.16, 3213
1.16, 3212
1.16, 3211
1.16, 3210
1.16, 3209
1.16, 3208
1.16, 3207
1.16, 3206
1.16, 3205
1.16, 3204
1.16, 3203
1.16, 3202
1.16, 3201
1.16, 3200
1.16, 3199
1.16, 3198
1.16, 3197
1.16, 3196
1.17, 3195
1.17, 3194
1.17, 3193
1.18, 3192
1.18, 3191
1.18, 3190
1.18, 3189
1.18, 3188
1.18, 3187
1.18, 3186
1.18, 3185
1.18, 3184
1.18, 3183
1.18, 3182
1.19, 3181
1.19, 3180
1.19, 3179
1.19, 3178
1.19, 3177
1.19, 3176
1.19, 3175
1.19, 3174
1.19, 3173
1.20, 3172
1.22, 3171
1.22, 3170
1.22, 3169
1.22, 3168
1.22, 3167
1.23, 3166
1.23, 3165
1.24, 3164
1.26, 3163
1.26, 3162
1.26, 3161
1.27, 3160
1.27, 3159
1.27, 3158
1.27, 3157
1.27, 3156
1.27, 3155
1.28, 3154
1.28, 3153
1.28, 3152
1.29, 3151
1.29, 3150
1.29, 3149
1.29, 3148
1.29, 3147
1.29, 3146
1.29, 3145
1.29, 3144
1.29, 3143
1.29, 3142
1.29, 3141
1.29, 3140
1.29, 3139
1.29, 3138
1.29, 3137
1.29, 3136
1.30, 3135
1.30, 3134
1.30, 3133
1.31, 3132
1.31, 3131
1.32, 3130
1.32, 3129
1.33, 3128
1.35, 3127
1.35, 3126
1.35, 3125
1.35, 3124
1.36, 3123
1.36, 3122
1.36, 3121
1.39, 3120
1.39, 3119
1.40, 3118
1.40, 3117
1.40, 3116
1.40, 3115
1.40, 3114
1.41, 3113
1.41, 3112
1.41, 3111
1.43, 3110
1.43, 3109
1.43, 3108
1.44, 3107
1.44, 3106
1.44, 3105
1.44, 3104
1.44, 3103
1.46, 3102
1.46, 3101
1.47, 3100
1.47, 3099
1.48, 3098
1.48, 3097
1.48, 3096
1.48, 3095
1.48, 3094
1.48, 3093
1.48, 3092
1.50, 3091
1.51, 3090
1.51, 3089
1.51, 3088
1.52, 3087
1.52, 3086
1.52, 3085
1.52, 3084
1.52, 3083
1.52, 3082
1.52, 3081
1.52, 3080
1.52, 3079
1.53, 3078
1.58, 3077
1.58, 3076
1.58, 3075
1.58, 3074
1.58, 3073
1.58, 3072
1.58, 3071
1.58, 3070
1.58, 3069
1.58, 3068
1.58, 3067
1.59, 3066
1.59, 3065
1.59, 3064
1.59, 3063
1.60, 3062
1.60, 3061
1.60, 3060
1.61, 3059
1.65, 3058
1.65, 3057
1.65, 3056
1.69, 3055
1.69, 3054
1.69, 3053
1.69, 3052
1.69, 3051
1.69, 3050
1.69, 3049
1.70, 3048
1.70, 3047
1.70, 3046
1.70, 3045
1.70, 3044
1.70, 3043
1.71, 3042
1.71, 3041
1.74, 3040
1.74, 3039
1.74, 3038
1.74, 3037
1.74, 3036
1.74, 3035
1.76, 3034
1.80, 3033
1.80, 3032
1.80, 3031
1.80, 3030
1.80, 3029
1.80, 3028
1.80, 3027
1.80, 3026
1.81, 3025
1.81, 3024
1.81, 3023
1.81, 3022
1.81, 3021
1.81, 3020
1.81, 3019
1.81, 3018
1.81, 3017
1.82, 3016
1.82, 3015
1.84, 3014
1.84, 3013
1.85, 3012
1.85, 3011
1.85, 3010
1.85, 3009
1.85, 3008
1.87, 3007
1.87, 3006
1.87, 3005
1.88, 3004
1.88, 3003
1.88, 3002
1.88, 3001
1.89, 3000
1.89, 2999
1.89, 2998
1.89, 2997
1.89, 2996
1.89, 2995
1.89, 2994
1.89, 2993
1.89, 2992
1.89, 2991
1.89, 2990
1.89, 2989
1.90, 2988
1.90, 2987
1.90, 2986
1.91, 2985
1.91, 2984
1.91, 2983
1.91, 2982
1.91, 2981
1.91, 2980
1.94, 2979
1.94, 2978
1.94, 2977
1.94, 2976
1.94, 2975
1.94, 2974
1.94, 2973
1.94, 2972
1.94, 2971
1.95, 2970
1.95, 2969
1.95, 2968
1.95, 2967
1.95, 2966
1.95, 2965
1.95, 2964
1.95, 2963
1.95, 2962
1.95, 2961
1.96, 2960
1.96, 2959
1.96, 2958
1.96, 2957
1.96, 2956
1.96, 2955
1.96, 2954
1.96, 2953
1.96, 2952
1.96, 2951
1.97, 2950
1.97, 2949
1.97, 2948
1.97, 2947
1.97, 2946
1.97, 2945
1.97, 2944
1.97, 2943
1.98, 2942
1.98, 2941
1.98, 2940
1.98, 2939
1.98, 2938
1.98, 2937
1.98, 2936
1.99, 2935
1.99, 2934
1.99, 2933
1.99, 2932
2.00, 2931
2.00, 2930
2.00, 2929
2.00, 2928
2.01, 2927
2.01, 2926
2.01, 2925
2.01, 2924
2.01, 2923
2.02, 2922
2.02, 2921
2.02, 2920
2.02, 2919
2.03, 2918
2.03, 2917
2.03, 2916
2.03, 2915
2.03, 2914
2.03, 2913
2.03, 2912
2.03, 2911
2.03, 2910
2.03, 2909
2.03, 2908
2.03, 2907
2.03, 2906
2.04, 2905
2.04, 2904
2.04, 2903
2.04, 2902
2.04, 2901
2.04, 2900
2.05, 2899
2.05, 2898
2.05, 2897
2.05, 2896
2.06, 2895
2.06, 2894
2.06, 2893
2.06, 2892
2.07, 2891
2.08, 2890
2.08, 2889
2.10, 2888
2.10, 2887
2.11, 2886
2.11, 2885
2.11, 2884
2.11, 2883
2.11, 2882
2.12, 2881
2.12, 2880
2.13, 2879
2.13, 2878
2.13, 2877
2.13, 2876
2.14, 2875
2.15, 2874
2.15, 2873
2.15, 2872
2.16, 2871
2.16, 2870
2.16, 2869
2.18, 2868
2.18, 2867
2.19, 2866
2.19, 2865
2.19, 2864
2.19, 2863
2.19, 2862
2.19, 2861
2.19, 2860
2.19, 2859
2.20, 2858
2.20, 2857
2.20, 2856
2.20, 2855
2.20, 2854
2.20, 2853
2.20, 2852
2.21, 2851
2.22, 2850
2.22, 2849
2.22, 2848
2.22, 2847
2.22, 2846
2.22, 2845
2.22, 2844
2.22, 2843
2.23, 2842
2.23, 2841
2.23, 2840
2.23, 2839
2.23, 2838
2.23, 2837
2.25, 2836
2.25, 2835
2.26, 2834
2.26, 2833
2.26, 2832
2.26, 2831
2.26, 2830
2.26, 2829
2.26, 2828
2.27, 2827
2.27, 2826
2.27, 2825
2.27, 2824
2.28, 2823
2.28, 2822
2.28, 2821
2.28, 2820
2.30, 2819
2.31, 2818
2.31, 2817
2.31, 2816
2.31, 2815
2.31, 2814
2.31, 2813
2.32, 2812
2.32, 2811
2.32, 2810
2.35, 2809
2.37, 2808
2.37, 2807
2.39, 2806
2.40, 2805
2.40, 2804
2.41, 2803
2.41, 2802
2.41, 2801
2.41, 2800
2.41, 2799
2.41, 2798
2.41, 2797
2.42, 2796
2.42, 2795
2.43, 2794
2.43, 2793
2.43, 2792
2.43, 2791
2.43, 2790
2.44, 2789
2.44, 2788
2.45, 2787
2.45, 2786
2.46, 2785
2.47, 2784
2.47, 2783
2.47, 2782
2.50, 2781
2.50, 2780
2.51, 2779
2.51, 2778
2.51, 2777
2.52, 2776
2.52, 2775
2.52, 2774
2.52, 2773
2.52, 2772
2.53, 2771
2.53, 2770
2.53, 2769
2.53, 2768
2.53, 2767
2.53, 2766
2.54, 2765
2.54, 2764
2.54, 2763
2.54, 2762
2.54, 2761
2.54, 2760
2.54, 2759
2.54, 2758
2.54, 2757
2.55, 2756
2.55, 2755
2.55, 2754
2.55, 2753
2.56, 2752
2.56, 2751
2.56, 2750
2.56, 2749
2.57, 2748
2.57, 2747
2.57, 2746
2.59, 2745
2.60, 2744
2.61, 2743
2.61, 2742
2.61, 2741
2.63, 2740
2.63, 2739
2.63, 2738
2.63, 2737
2.63, 2736
2.64, 2735
2.64, 2734
2.64, 2733
2.64, 2732
2.65, 2731
2.65, 2730
2.65, 2729
2.65, 2728
2.65, 2727
2.65, 2726
2.67, 2725
2.68, 2724
2.68, 2723
2.68, 2722
2.68, 2721
2.70, 2720
2.70, 2719
2.70, 2718
2.70, 2717
2.70, 2716
2.70, 2715
2.71, 2714
2.71, 2713
2.72, 2712
2.72, 2711
2.72, 2710
2.73, 2709
2.73, 2708
2.73, 2707
2.73, 2706
2.73, 2705
2.73, 2704
2.73, 2703
2.74, 2702
2.74, 2701
2.74, 2700
2.74, 2699
2.74, 2698
2.75, 2697
2.75, 2696
2.76, 2695
2.76, 2694
2.76, 2693
2.76, 2692
2.76, 2691
2.76, 2690
2.76, 2689
2.76, 2688
2.76, 2687
2.76, 2686
2.76, 2685
2.77, 2684
2.77, 2683
2.77, 2682
2.77, 2681
2.77, 2680
2.77, 2679
2.77, 2678
2.78, 2677
2.80, 2676
2.80, 2675
2.80, 2674
2.80, 2673
2.80, 2672
2.80, 2671
2.80, 2670
2.82, 2669
2.83, 2668
2.84, 2667
2.84, 2666
2.85, 2665
2.85, 2664
2.87, 2663
2.88, 2662
2.88, 2661
2.89, 2660
2.89, 2659
2.89, 2658
2.89, 2657
2.90, 2656
2.91, 2655
2.91, 2654
2.94, 2653
2.98, 2652
2.98, 2651
3.00, 2650
3.05, 2649
3.59, 2648
3.60, 2647
3.89, 2646
3.94, 2645
4.05, 2644
4.06, 2643
4.10, 2642
4.11, 2641
4.15, 2640
4.16, 2639
4.16, 2638
4.16, 2637
4.18, 2636
4.19, 2635
4.19, 2634
4.22, 2633
4.24, 2632
4.31, 2631
4.48, 2630
4.49, 2629
4.49, 2628
4.59, 2627
4.66, 2626
4.66, 2625
4.66, 2624
4.73, 2623
4.74, 2622
4.74, 2621
4.75, 2620
4.75, 2619
4.81, 2618
4.82, 2617
4.82, 2616
4.82, 2615
4.82, 2614
4.91, 2613
4.91, 2612
4.92, 2611
4.97, 2610
4.97, 2609
4.97, 2608
5.02, 2607
5.03, 2606
5.20, 2605
5.26, 2604
5.26, 2603
5.32, 2602
5.37, 2601
5.42, 2600
5.42, 2599
5.43, 2598
5.44, 2597
5.44, 2596
5.58, 2595
5.60, 2594
5.62, 2593
5.62, 2592
6.15, 2591
6.20, 2590
6.21, 2589
6.29, 2588
6.29, 2587
6.29, 2586
6.52, 2585
6.53, 2584
6.60, 2583
6.63, 2582
6.65, 2581
6.72, 2580
6.72, 2579
6.85, 2578
6.87, 2577
6.88, 2576
6.92, 2575
6.92, 2574
6.92, 2573
6.93, 2572
6.95, 2571
6.95, 2570
6.95, 2569
6.97, 2568
7.43, 2567
7.46, 2566
7.59, 2565
7.60, 2564
7.64, 2563
7.86, 2562
7.86, 2561
7.96, 2560
7.96, 2559
7.96, 2558
7.96, 2557
7.97, 2556
8.00, 2555
8.01, 2554
8.66, 2553
8.67, 2552
8.67, 2551
8.72, 2550
8.72, 2549
8.77, 2548
8.88, 2547
8.90, 2546
8.90, 2545
8.90, 2544
8.90, 2543
8.91, 2542
9.00, 2541
9.04, 2540
9.05, 2539
9.12, 2538
9.13, 2537
9.14, 2536
9.22, 2535
9.25, 2534
9.30, 2533
9.41, 2532
9.56, 2531
9.57, 2530
9.63, 2529
9.63, 2528
9.63, 2527
9.66, 2526
9.67, 2525
9.67, 2524
9.73, 2523
9.77, 2522
9.83, 2521
10.36, 2520
10.67, 2519
10.67, 2518
10.67, 2517
10.67, 2516
10.80, 2515
10.92, 2514
10.95, 2513
10.95, 2512
11.07, 2511
11.08, 2510
11.08, 2509
11.10, 2508
11.37, 2507
11.40, 2506
11.46, 2505
11.50, 2504
11.52, 2503
11.54, 2502
11.58, 2501
11.59, 2500
11.66, 2499
11.67, 2498
11.69, 2497
11.74, 2496
11.75, 2495
11.79, 2494
11.82, 2493
11.83, 2492
11.85, 2491
11.86, 2490
11.90, 2489
11.91, 2488
15.71, 2487
15.73, 2486
17.99, 2485
17.99, 2484
18.07, 2483
18.08, 2482
18.19, 2481
18.21, 2480
18.21, 2479
18.42, 2478
18.93, 2477
19.03, 2476
19.05, 2475
19.48, 2474
20.10, 2473
21.85, 2472
22.82, 2471
23.02, 2470
23.11, 2469
23.15, 2468
24.81, 2467
24.98, 2466
25.01, 2465
25.02, 2464
26.44, 2463
26.57, 2462
26.75, 2461
27.38, 2460
27.54, 2459
27.70, 2458
27.91, 2457
29.84, 2456
36.43, 2455
36.72, 2454
44.20, 2453
45.30, 2452
45.33, 2451
45.33, 2450
45.35, 2449
45.80, 2448
45.98, 2447
45.99, 2446
46.33, 2445
47.11, 2444
47.23, 2443
47.38, 2442
47.45, 2441
47.51, 2440
47.76, 2439
47.78, 2438
48.48, 2437
49.11, 2436
49.15, 2435
49.17, 2434
49.35, 2433
49.49, 2432
49.93, 2431
49.95, 2430
49.95, 2429
50.26, 2428
50.26, 2427
50.49, 2426
50.67, 2425
58.54, 2424
