0.00, 10748
0.00, 10747
0.01, 10746
0.01, 10745
0.01, 10744
0.01, 10743
0.01, 10742
0.02, 10741
0.02, 10740
0.02, 10739
0.02, 10738
0.02, 10737
0.03, 10736
0.03, 10735
0.03, 10734
0.03, 10733
0.03, 10732
0.03, 10731
0.03, 10730
0.03, 10729
0.03, 10728
0.03, 10727
0.03, 10726
0.04, 10725
0.04, 10724
0.04, 10723
0.04, 10722
0.04, 10721
0.04, 10720
0.04, 10719
0.04, 10718
0.04, 10717
0.04, 10716
0.04, 10715
0.04, 10714
0.04, 10713
0.05, 10712
0.05, 10711
0.05, 10710
0.05, 10709
0.05, 10708
0.05, 10707
0.05, 10706
0.05, 10705
0.05, 10704
0.05, 10703
0.05, 10702
0.05, 10701
0.05, 10700
0.06, 10699
0.06, 10698
0.06, 10697
0.06, 10696
0.06, 10695
0.06, 10694
0.06, 10693
0.06, 10692
0.06, 10691
0.06, 10690
0.06, 10689
0.06, 10688
0.06, 10687
0.07, 10686
0.07, 10685
0.07, 10684
0.07, 10683
0.07, 10682
0.07, 10681
0.07, 10680
0.07, 10679
0.07, 10678
0.07, 10677
0.07, 10676
0.07, 10675
0.07, 10674
0.08, 10673
0.08, 10672
0.08, 10671
0.08, 10670
0.08, 10669
0.08, 10668
0.08, 10667
0.08, 10666
0.08, 10665
0.08, 10664
0.08, 10663
0.08, 10662
0.08, 10661
0.09, 10660
0.09, 10659
0.09, 10658
0.09, 10657
0.09, 10656
0.09, 10655
0.09, 10654
0.09, 10653
0.09, 10652
0.09, 10651
0.09, 10650
0.09, 10649
0.10, 10648
0.10, 10647
0.10, 10646
0.10, 10645
0.10, 10644
0.10, 10643
0.10, 10642
0.10, 10641
0.10, 10640
0.10, 10639
0.10, 10638
0.10, 10637
0.10, 10636
0.10, 10635
0.11, 10634
0.11, 10633
0.11, 10632
0.11, 10631
0.11, 10630
0.11, 10629
0.11, 10628
0.11, 10627
0.11, 10626
0.11, 10625
0.11, 10624
0.11, 10623
0.11, 10622
0.12, 10621
0.12, 10620
0.12, 10619
0.12, 10618
0.12, 10617
0.12, 10616
0.12, 10615
0.12, 10614
0.12, 10613
0.12, 10612
0.12, 10611
0.12, 10610
0.12, 10609
0.13, 10608
0.13, 10607
0.13, 10606
0.13, 10605
0.13, 10604
0.13, 10603
0.13, 10602
0.13, 10601
0.13, 10600
0.13, 10599
0.13, 10598
0.13, 10597
0.13, 10596
0.14, 10595
0.14, 10594
0.14, 10593
0.14, 10592
0.14, 10591
0.14, 10590
0.14, 10589
0.14, 10588
0.14, 10587
0.14, 10586
0.14, 10585
0.14, 10584
0.14, 10583
0.15, 10582
0.15, 10581
0.15, 10580
0.15, 10579
0.15, 10578
0.15, 10577
0.15, 10576
0.15, 10575
0.15, 10574
0.15, 10573
0.15, 10572
0.15, 10571
0.15, 10570
0.16, 10569
0.16, 10568
0.16, 10567
0.16, 10566
0.16, 10565
0.16, 10564
0.16, 10563
0.16, 10562
0.16, 10561
0.16, 10560
0.16, 10559
0.16, 10558
0.16, 10557
0.17, 10556
0.17, 10555
0.17, 10554
0.17, 10553
0.17, 10552
0.17, 10551
0.17, 10550
0.17, 10549
0.17, 10548
0.17, 10547
0.17, 10546
0.17, 10545
0.17, 10544
0.18, 10543
0.18, 10542
0.18, 10541
0.18, 10540
0.18, 10539
0.18, 10538
0.18, 10537
0.18, 10536
0.18, 10535
0.18, 10534
0.18, 10533
0.18, 10532
0.18, 10531
0.19, 10530
0.19, 10529
0.19, 10528
0.19, 10527
0.19, 10526
0.19, 10525
0.19, 10524
0.19, 10523
0.19, 10522
0.19, 10521
0.19, 10520
0.19, 10519
0.19, 10518
0.20, 10517
0.20, 10516
0.20, 10515
0.20, 10514
0.20, 10513
0.20, 10512
0.20, 10511
0.20, 10510
0.20, 10509
0.20, 10508
0.20, 10507
0.20, 10506
0.20, 10505
0.21, 10504
0.21, 10503
0.21, 10502
0.21, 10501
0.21, 10500
0.21, 10499
0.21, 10498
0.21, 10497
0.21, 10496
0.21, 10495
0.21, 10494
0.21, 10493
0.21, 10492
0.22, 10491
0.22, 10490
0.22, 10489
0.22, 10488
0.22, 10487
0.22, 10486
0.22, 10485
0.22, 10484
0.22, 10483
0.22, 10482
0.22, 10481
0.22, 10480
0.22, 10479
0.23, 10478
0.23, 10477
0.23, 10476
0.23, 10475
0.23, 10474
0.23, 10473
0.23, 10472
0.23, 10471
0.23, 10470
0.23, 10469
0.23, 10468
0.23, 10467
0.23, 10466
0.23, 10465
0.24, 10464
0.24, 10463
0.24, 10462
0.24, 10461
0.24, 10460
0.24, 10459
0.24, 10458
0.24, 10457
0.24, 10456
0.24, 10455
0.24, 10454
0.24, 10453
0.24, 10452
0.25, 10451
0.25, 10450
0.25, 10449
0.25, 10448
0.25, 10447
0.25, 10446
0.25, 10445
0.25, 10444
0.25, 10443
0.25, 10442
0.25, 10441
0.25, 10440
0.25, 10439
0.25, 10438
0.26, 10437
0.26, 10436
0.26, 10435
0.26, 10434
0.26, 10433
0.26, 10432
0.26, 10431
0.26, 10430
0.26, 10429
0.26, 10428
0.26, 10427
0.26, 10426
0.27, 10425
0.27, 10424
0.27, 10423
0.27, 10422
0.27, 10421
0.27, 10420
0.27, 10419
0.27, 10418
0.27, 10417
0.27, 10416
0.27, 10415
0.27, 10414
0.27, 10413
0.28, 10412
0.28, 10411
0.28, 10410
0.28, 10409
0.28, 10408
0.28, 10407
0.28, 10406
0.28, 10405
0.28, 10404
0.28, 10403
0.28, 10402
0.28, 10401
0.28, 10400
0.29, 10399
0.29, 10398
0.29, 10397
0.29, 10396
0.29, 10395
0.29, 10394
0.29, 10393
0.29, 10392
0.29, 10391
0.29, 10390
0.29, 10389
0.29, 10388
0.29, 10387
0.29, 10386
0.30, 10385
0.30, 10384
0.30, 10383
0.30, 10382
0.30, 10381
0.30, 10380
0.30, 10379
0.30, 10378
0.30, 10377
0.30, 10376
0.30, 10375
0.30, 10374
0.30, 10373
0.31, 10372
0.31, 10371
0.31, 10370
0.31, 10369
0.31, 10368
0.31, 10367
0.31, 10366
0.31, 10365
0.31, 10364
0.31, 10363
0.31, 10362
0.31, 10361
0.31, 10360
0.31, 10359
0.32, 10358
0.32, 10357
0.32, 10356
0.32, 10355
0.32, 10354
0.32, 10353
0.32, 10352
0.32, 10351
0.32, 10350
0.32, 10349
0.32, 10348
0.32, 10347
0.32, 10346
0.32, 10345
0.33, 10344
0.33, 10343
0.33, 10342
0.33, 10341
0.33, 10340
0.33, 10339
0.33, 10338
0.33, 10337
0.33, 10336
0.33, 10335
0.33, 10334
0.33, 10333
0.33, 10332
0.33, 10331
0.34, 10330
0.34, 10329
0.34, 10328
0.34, 10327
0.34, 10326
0.34, 10325
0.34, 10324
0.34, 10323
0.34, 10322
0.34, 10321
0.34, 10320
0.34, 10319
0.34, 10318
0.35, 10317
0.35, 10316
0.35, 10315
0.35, 10314
0.35, 10313
0.35, 10312
0.35, 10311
0.35, 10310
0.35, 10309
0.35, 10308
0.35, 10307
0.35, 10306
0.35, 10305
0.35, 10304
0.36, 10303
0.36, 10302
0.36, 10301
0.36, 10300
0.36, 10299
0.36, 10298
0.36, 10297
0.36, 10296
0.36, 10295
0.36, 10294
0.36, 10293
0.36, 10292
0.36, 10291
0.36, 10290
0.37, 10289
0.37, 10288
0.37, 10287
0.37, 10286
0.37, 10285
0.37, 10284
0.37, 10283
0.37, 10282
0.37, 10281
0.37, 10280
0.37, 10279
0.37, 10278
0.37, 10277
0.38, 10276
0.38, 10275
0.38, 10274
0.38, 10273
0.38, 10272
0.38, 10271
0.38, 10270
0.38, 10269
0.38, 10268
0.38, 10267
0.38, 10266
0.38, 10265
0.38, 10264
0.38, 10263
0.39, 10262
0.39, 10261
0.39, 10260
0.39, 10259
0.39, 10258
0.39, 10257
0.39, 10256
0.39, 10255
0.39, 10254
0.39, 10253
0.39, 10252
0.39, 10251
0.39, 10250
0.39, 10249
0.40, 10248
0.40, 10247
0.40, 10246
0.40, 10245
0.40, 10244
0.40, 10243
0.40, 10242
0.40, 10241
0.40, 10240
0.40, 10239
0.40, 10238
0.40, 10237
0.40, 10236
0.41, 10235
0.41, 10234
0.41, 10233
0.41, 10232
0.41, 10231
0.41, 10230
0.41, 10229
0.41, 10228
0.41, 10227
0.41, 10226
0.41, 10225
0.41, 10224
0.41, 10223
0.41, 10222
0.42, 10221
0.42, 10220
0.42, 10219
0.42, 10218
0.42, 10217
0.42, 10216
0.42, 10215
0.42, 10214
0.42, 10213
0.42, 10212
0.42, 10211
0.42, 10210
0.42, 10209
0.42, 10208
0.43, 10207
0.43, 10206
0.43, 10205
0.43, 10204
0.43, 10203
0.43, 10202
0.43, 10201
0.43, 10200
0.43, 10199
0.43, 10198
0.43, 10197
0.43, 10196
0.43, 10195
0.43, 10194
0.44, 10193
0.44, 10192
0.44, 10191
0.44, 10190
0.44, 10189
0.44, 10188
0.44, 10187
0.44, 10186
0.44, 10185
0.44, 10184
0.44, 10183
0.44, 10182
0.44, 10181
0.44, 10180
0.45, 10179
0.45, 10178
0.45, 10177
0.45, 10176
0.45, 10175
0.45, 10174
0.45, 10173
0.45, 10172
0.45, 10171
0.45, 10170
0.45, 10169
0.45, 10168
0.45, 10167
0.45, 10166
0.46, 10165
0.46, 10164
0.46, 10163
0.46, 10162
0.46, 10161
0.46, 10160
0.46, 10159
0.46, 10158
0.46, 10157
0.46, 10156
0.46, 10155
0.46, 10154
0.46, 10153
0.46, 10152
0.47, 10151
0.47, 10150
0.47, 10149
0.47, 10148
0.47, 10147
0.47, 10146
0.47, 10145
0.47, 10144
0.47, 10143
0.47, 10142
0.47, 10141
0.47, 10140
0.47, 10139
0.47, 10138
0.48, 10137
0.48, 10136
0.48, 10135
0.48, 10134
0.48, 10133
0.48, 10132
0.48, 10131
0.48, 10130
0.48, 10129
0.48, 10128
0.48, 10127
0.48, 10126
0.48, 10125
0.48, 10124
0.49, 10123
0.49, 10122
0.49, 10121
0.49, 10120
0.49, 10119
0.49, 10118
0.49, 10117
0.49, 10116
0.49, 10115
0.49, 10114
0.49, 10113
0.49, 10112
0.49, 10111
0.49, 10110
0.50, 10109
0.50, 10108
0.50, 10107
0.50, 10106
0.50, 10105
0.50, 10104
0.50, 10103
0.50, 10102
0.50, 10101
0.50, 10100
0.50, 10099
0.50, 10098
0.50, 10097
0.50, 10096
0.51, 10095
0.51, 10094
0.51, 10093
0.51, 10092
0.51, 10091
0.51, 10090
0.51, 10089
0.51, 10088
0.51, 10087
0.51, 10086
0.51, 10085
0.51, 10084
0.51, 10083
0.51, 10082
0.52, 10081
0.52, 10080
0.52, 10079
0.52, 10078
0.52, 10077
0.52, 10076
0.52, 10075
0.52, 10074
0.52, 10073
0.52, 10072
0.52, 10071
0.52, 10070
0.52, 10069
0.52, 10068
0.53, 10067
0.53, 10066
0.53, 10065
0.53, 10064
0.53, 10063
0.53, 10062
0.53, 10061
0.53, 10060
0.53, 10059
0.53, 10058
0.53, 10057
0.53, 10056
0.53, 10055
0.53, 10054
0.54, 10053
0.54, 10052
0.54, 10051
0.54, 10050
0.54, 10049
0.54, 10048
0.54, 10047
0.54, 10046
0.54, 10045
0.54, 10044
0.54, 10043
0.54, 10042
0.54, 10041
0.54, 10040
0.55, 10039
0.55, 10038
0.55, 10037
0.55, 10036
0.55, 10035
0.55, 10034
0.55, 10033
0.55, 10032
0.55, 10031
0.55, 10030
0.55, 10029
0.55, 10028
0.55, 10027
0.55, 10026
0.55, 10025
0.56, 10024
0.56, 10023
0.56, 10022
0.56, 10021
0.56, 10020
0.56, 10019
0.56, 10018
0.56, 10017
0.56, 10016
0.56, 10015
0.56, 10014
0.56, 10013
0.56, 10012
0.56, 10011
0.57, 10010
0.57, 10009
0.57, 10008
0.57, 10007
0.57, 10006
0.57, 10005
0.57, 10004
0.57, 10003
0.57, 10002
0.57, 10001
0.57, 10000
0.57, 9999
0.57, 9998
0.57, 9997
0.58, 9996
0.58, 9995
0.58, 9994
0.58, 9993
0.58, 9992
0.58, 9991
0.58, 9990
0.58, 9989
0.58, 9988
0.58, 9987
0.58, 9986
0.58, 9985
0.58, 9984
0.58, 9983
0.59, 9982
0.59, 9981
0.59, 9980
0.59, 9979
0.59, 9978
0.59, 9977
0.59, 9976
0.59, 9975
0.59, 9974
0.59, 9973
0.59, 9972
0.59, 9971
0.59, 9970
0.59, 9969
0.60, 9968
0.60, 9967
0.60, 9966
0.60, 9965
0.60, 9964
0.60, 9963
0.60, 9962
0.60, 9961
0.60, 9960
0.60, 9959
0.60, 9958
0.60, 9957
0.60, 9956
0.60, 9955
0.60, 9954
0.61, 9953
0.61, 9952
0.61, 9951
0.61, 9950
0.61, 9949
0.61, 9948
0.61, 9947
0.61, 9946
0.61, 9945
0.61, 9944
0.61, 9943
0.61, 9942
0.61, 9941
0.61, 9940
0.62, 9939
0.62, 9938
0.62, 9937
0.62, 9936
0.62, 9935
0.62, 9934
0.62, 9933
0.62, 9932
0.62, 9931
0.62, 9930
0.62, 9929
0.62, 9928
0.62, 9927
0.62, 9926
0.63, 9925
0.63, 9924
0.63, 9923
0.63, 9922
0.63, 9921
0.63, 9920
0.63, 9919
0.63, 9918
0.63, 9917
0.63, 9916
0.63, 9915
0.63, 9914
0.63, 9913
0.63, 9912
0.63, 9911
0.64, 9910
0.64, 9909
0.64, 9908
0.64, 9907
0.64, 9906
0.64, 9905
0.64, 9904
0.64, 9903
0.64, 9902
0.64, 9901
0.64, 9900
0.64, 9899
0.64, 9898
0.64, 9897
0.65, 9896
0.65, 9895
0.65, 9894
0.65, 9893
0.65, 9892
0.65, 9891
0.65, 9890
0.65, 9889
0.65, 9888
0.65, 9887
0.65, 9886
0.65, 9885
0.65, 9884
0.65, 9883
0.66, 9882
0.66, 9881
0.66, 9880
0.66, 9879
0.66, 9878
0.66, 9877
0.66, 9876
0.66, 9875
0.66, 9874
0.66, 9873
0.66, 9872
0.66, 9871
0.66, 9870
0.66, 9869
0.66, 9868
0.67, 9867
0.67, 9866
0.67, 9865
0.67, 9864
0.67, 9863
0.67, 9862
0.67, 9861
0.67, 9860
0.67, 9859
0.67, 9858
0.67, 9857
0.67, 9856
0.67, 9855
0.67, 9854
0.68, 9853
0.68, 9852
0.68, 9851
0.68, 9850
0.68, 9849
0.68, 9848
0.68, 9847
0.68, 9846
0.68, 9845
0.68, 9844
0.68, 9843
0.68, 9842
0.68, 9841
0.68, 9840
0.69, 9839
0.69, 9838
0.69, 9837
0.69, 9836
0.69, 9835
0.69, 9834
0.69, 9833
0.69, 9832
0.69, 9831
0.69, 9830
0.69, 9829
0.69, 9828
0.69, 9827
0.69, 9826
0.69, 9825
0.70, 9824
0.70, 9823
0.70, 9822
0.70, 9821
0.70, 9820
0.70, 9819
0.70, 9818
0.70, 9817
0.70, 9816
0.70, 9815
0.70, 9814
0.70, 9813
0.70, 9812
0.70, 9811
0.71, 9810
0.71, 9809
0.71, 9808
0.71, 9807
0.71, 9806
0.71, 9805
0.71, 9804
0.71, 9803
0.71, 9802
0.71, 9801
0.71, 9800
0.71, 9799
0.71, 9798
0.71, 9797
0.72, 9796
0.72, 9795
0.72, 9794
0.72, 9793
0.72, 9792
0.72, 9791
0.72, 9790
0.72, 9789
0.72, 9788
0.72, 9787
0.72, 9786
0.72, 9785
0.72, 9784
0.72, 9783
0.72, 9782
0.73, 9781
0.73, 9780
0.73, 9779
0.73, 9778
0.73, 9777
0.73, 9776
0.73, 9775
0.73, 9774
0.73, 9773
0.73, 9772
0.73, 9771
0.73, 9770
0.73, 9769
0.73, 9768
0.74, 9767
0.74, 9766
0.74, 9765
0.74, 9764
0.74, 9763
0.74, 9762
0.74, 9761
0.74, 9760
0.74, 9759
0.74, 9758
0.74, 9757
0.74, 9756
0.74, 9755
0.74, 9754
0.74, 9753
0.75, 9752
0.75, 9751
0.75, 9750
0.75, 9749
0.75, 9748
0.75, 9747
0.75, 9746
0.75, 9745
0.75, 9744
0.75, 9743
0.75, 9742
0.75, 9741
0.75, 9740
0.75, 9739
0.76, 9738
0.76, 9737
0.76, 9736
0.76, 9735
0.76, 9734
0.76, 9733
0.76, 9732
0.76, 9731
0.76, 9730
0.76, 9729
0.76, 9728
0.76, 9727
0.76, 9726
0.76, 9725
0.77, 9724
0.77, 9723
0.77, 9722
0.77, 9721
0.77, 9720
0.77, 9719
0.77, 9718
0.77, 9717
0.77, 9716
0.77, 9715
0.77, 9714
0.77, 9713
0.77, 9712
0.77, 9711
0.77, 9710
0.78, 9709
0.78, 9708
0.78, 9707
0.78, 9706
0.78, 9705
0.78, 9704
0.78, 9703
0.78, 9702
0.78, 9701
0.78, 9700
0.78, 9699
0.78, 9698
0.78, 9697
0.78, 9696
0.79, 9695
0.79, 9694
0.79, 9693
0.79, 9692
0.79, 9691
0.79, 9690
0.79, 9689
0.79, 9688
0.79, 9687
0.79, 9686
0.79, 9685
0.79, 9684
0.79, 9683
0.79, 9682
0.80, 9681
0.80, 9680
0.80, 9679
0.80, 9678
0.80, 9677
0.80, 9676
0.80, 9675
0.80, 9674
0.80, 9673
0.80, 9672
0.80, 9671
0.80, 9670
0.80, 9669
0.80, 9668
0.80, 9667
0.81, 9666
0.81, 9665
0.81, 9664
0.81, 9663
0.81, 9662
0.81, 9661
0.81, 9660
0.81, 9659
0.81, 9658
0.81, 9657
0.81, 9656
0.81, 9655
0.81, 9654
0.81, 9653
0.81, 9652
0.82, 9651
0.82, 9650
0.82, 9649
0.82, 9648
0.82, 9647
0.82, 9646
0.82, 9645
0.82, 9644
0.82, 9643
0.82, 9642
0.82, 9641
0.82, 9640
0.82, 9639
0.82, 9638
0.83, 9637
0.83, 9636
0.83, 9635
0.83, 9634
0.83, 9633
0.83, 9632
0.83, 9631
0.83, 9630
0.83, 9629
0.83, 9628
0.83, 9627
0.83, 9626
0.83, 9625
0.83, 9624
0.83, 9623
0.84, 9622
0.84, 9621
0.84, 9620
0.84, 9619
0.84, 9618
0.84, 9617
0.84, 9616
0.84, 9615
0.84, 9614
0.84, 9613
0.84, 9612
0.84, 9611
0.84, 9610
0.84, 9609
0.84, 9608
0.85, 9607
0.85, 9606
0.85, 9605
0.85, 9604
0.85, 9603
0.85, 9602
0.85, 9601
0.85, 9600
0.85, 9599
0.85, 9598
0.85, 9597
0.85, 9596
0.85, 9595
0.85, 9594
0.86, 9593
0.86, 9592
0.86, 9591
0.86, 9590
0.86, 9589
0.86, 9588
0.86, 9587
0.86, 9586
0.86, 9585
0.86, 9584
0.86, 9583
0.86, 9582
0.86, 9581
0.86, 9580
0.86, 9579
0.87, 9578
0.87, 9577
0.87, 9576
0.87, 9575
0.87, 9574
0.87, 9573
0.87, 9572
0.87, 9571
0.87, 9570
0.87, 9569
0.87, 9568
0.87, 9567
0.87, 9566
0.87, 9565
0.88, 9564
0.88, 9563
0.88, 9562
0.88, 9561
0.88, 9560
0.88, 9559
0.88, 9558
0.88, 9557
0.88, 9556
0.88, 9555
0.88, 9554
0.88, 9553
0.88, 9552
0.88, 9551
0.88, 9550
0.89, 9549
0.89, 9548
0.89, 9547
0.89, 9546
0.89, 9545
0.89, 9544
0.89, 9543
0.89, 9542
0.89, 9541
0.89, 9540
0.89, 9539
0.89, 9538
0.89, 9537
0.89, 9536
0.90, 9535
0.90, 9534
0.90, 9533
0.90, 9532
0.90, 9531
0.90, 9530
0.90, 9529
0.90, 9528
0.90, 9527
0.90, 9526
0.90, 9525
0.90, 9524
0.90, 9523
0.90, 9522
0.90, 9521
0.91, 9520
0.91, 9519
0.91, 9518
0.91, 9517
0.91, 9516
0.91, 9515
0.91, 9514
0.91, 9513
0.91, 9512
0.91, 9511
0.91, 9510
0.91, 9509
0.91, 9508
0.91, 9507
0.91, 9506
0.92, 9505
0.92, 9504
0.92, 9503
0.92, 9502
0.92, 9501
0.92, 9500
0.92, 9499
0.92, 9498
0.92, 9497
0.92, 9496
0.92, 9495
0.92, 9494
0.92, 9493
0.92, 9492
0.92, 9491
0.93, 9490
0.93, 9489
0.93, 9488
0.93, 9487
0.93, 9486
0.93, 9485
0.93, 9484
0.93, 9483
0.93, 9482
0.93, 9481
0.93, 9480
0.93, 9479
0.93, 9478
0.93, 9477
0.93, 9476
0.94, 9475
0.94, 9474
0.94, 9473
0.94, 9472
0.94, 9471
0.94, 9470
0.94, 9469
0.94, 9468
0.94, 9467
0.94, 9466
0.94, 9465
0.94, 9464
0.94, 9463
0.94, 9462
0.94, 9461
0.95, 9460
0.95, 9459
0.95, 9458
0.95, 9457
0.95, 9456
0.95, 9455
0.95, 9454
0.95, 9453
0.95, 9452
0.95, 9451
0.95, 9450
0.95, 9449
0.95, 9448
0.95, 9447
0.95, 9446
0.96, 9445
0.96, 9444
0.96, 9443
0.96, 9442
0.96, 9441
0.96, 9440
0.96, 9439
0.96, 9438
0.96, 9437
0.96, 9436
0.96, 9435
0.96, 9434
0.96, 9433
0.96, 9432
0.96, 9431
0.97, 9430
0.97, 9429
0.97, 9428
0.97, 9427
0.97, 9426
0.97, 9425
0.97, 9424
0.97, 9423
0.97, 9422
0.97, 9421
0.97, 9420
0.97, 9419
0.97, 9418
0.97, 9417
0.97, 9416
0.98, 9415
0.98, 9414
0.98, 9413
0.98, 9412
0.98, 9411
0.98, 9410
0.98, 9409
0.98, 9408
0.98, 9407
0.98, 9406
0.98, 9405
0.98, 9404
0.98, 9403
0.98, 9402
0.98, 9401
0.99, 9400
0.99, 9399
0.99, 9398
0.99, 9397
0.99, 9396
0.99, 9395
0.99, 9394
0.99, 9393
0.99, 9392
0.99, 9391
0.99, 9390
0.99, 9389
0.99, 9388
0.99, 9387
0.99, 9386
1.00, 9385
1.00, 9384
1.00, 9383
1.00, 9382
1.00, 9381
1.00, 9380
1.00, 9379
1.00, 9378
1.00, 9377
1.00, 9376
1.00, 9375
1.00, 9374
1.00, 9373
1.00, 9372
1.00, 9371
1.01, 9370
1.01, 9369
1.01, 9368
1.01, 9367
1.01, 9366
1.01, 9365
1.01, 9364
1.01, 9363
1.01, 9362
1.01, 9361
1.01, 9360
1.01, 9359
1.01, 9358
1.01, 9357
1.01, 9356
1.02, 9355
1.02, 9354
1.02, 9353
1.02, 9352
1.02, 9351
1.02, 9350
1.02, 9349
1.02, 9348
1.02, 9347
1.02, 9346
1.02, 9345
1.02, 9344
1.02, 9343
1.02, 9342
1.02, 9341
1.03, 9340
1.03, 9339
1.03, 9338
1.03, 9337
1.03, 9336
1.03, 9335
1.03, 9334
1.03, 9333
1.03, 9332
1.03, 9331
1.03, 9330
1.03, 9329
1.03, 9328
1.03, 9327
1.03, 9326
1.04, 9325
1.04, 9324
1.04, 9323
1.04, 9322
1.04, 9321
1.04, 9320
1.04, 9319
1.04, 9318
1.04, 9317
1.04, 9316
1.04, 9315
1.04, 9314
1.04, 9313
1.04, 9312
1.04, 9311
1.05, 9310
1.05, 9309
1.05, 9308
1.05, 9307
1.05, 9306
1.05, 9305
1.05, 9304
1.05, 9303
1.05, 9302
1.05, 9301
1.05, 9300
1.05, 9299
1.05, 9298
1.05, 9297
1.05, 9296
1.06, 9295
1.06, 9294
1.06, 9293
1.06, 9292
1.06, 9291
1.06, 9290
1.06, 9289
1.06, 9288
1.06, 9287
1.06, 9286
1.06, 9285
1.06, 9284
1.06, 9283
1.06, 9282
1.06, 9281
1.07, 9280
1.07, 9279
1.07, 9278
1.07, 9277
1.07, 9276
1.07, 9275
1.07, 9274
1.07, 9273
1.07, 9272
1.07, 9271
1.07, 9270
1.07, 9269
1.07, 9268
1.07, 9267
1.07, 9266
1.08, 9265
1.08, 9264
1.08, 9263
1.08, 9262
1.08, 9261
1.08, 9260
1.08, 9259
1.08, 9258
1.08, 9257
1.08, 9256
1.08, 9255
1.08, 9254
1.08, 9253
1.08, 9252
1.08, 9251
1.09, 9250
1.09, 9249
1.09, 9248
1.09, 9247
1.09, 9246
1.09, 9245
1.09, 9244
1.09, 9243
1.09, 9242
1.09, 9241
1.09, 9240
1.09, 9239
1.09, 9238
1.09, 9237
1.09, 9236
1.10, 9235
1.10, 9234
1.10, 9233
1.10, 9232
1.10, 9231
1.10, 9230
1.10, 9229
1.10, 9228
1.10, 9227
1.10, 9226
1.10, 9225
1.10, 9224
1.10, 9223
1.10, 9222
1.10, 9221
1.11, 9220
1.11, 9219
1.11, 9218
1.11, 9217
1.11, 9216
1.11, 9215
1.11, 9214
1.11, 9213
1.11, 9212
1.11, 9211
1.11, 9210
1.11, 9209
1.11, 9208
1.11, 9207
1.11, 9206
1.11, 9205
1.12, 9204
1.12, 9203
1.12, 9202
1.12, 9201
1.12, 9200
1.12, 9199
1.12, 9198
1.12, 9197
1.12, 9196
1.12, 9195
1.12, 9194
1.12, 9193
1.12, 9192
1.12, 9191
1.12, 9190
1.13, 9189
1.13, 9188
1.13, 9187
1.13, 9186
1.13, 9185
1.13, 9184
1.13, 9183
1.13, 9182
1.13, 9181
1.13, 9180
1.13, 9179
1.13, 9178
1.13, 9177
1.13, 9176
1.13, 9175
1.14, 9174
1.14, 9173
1.14, 9172
1.14, 9171
1.14, 9170
1.14, 9169
1.14, 9168
1.14, 9167
1.14, 9166
1.14, 9165
1.14, 9164
1.14, 9163
1.14, 9162
1.14, 9161
1.14, 9160
1.14, 9159
1.15, 9158
1.15, 9157
1.15, 9156
1.15, 9155
1.15, 9154
1.15, 9153
1.15, 9152
1.15, 9151
1.15, 9150
1.15, 9149
1.15, 9148
1.15, 9147
1.15, 9146
1.15, 9145
1.15, 9144
1.16, 9143
1.16, 9142
1.16, 9141
1.16, 9140
1.16, 9139
1.16, 9138
1.16, 9137
1.16, 9136
1.16, 9135
1.16, 9134
1.16, 9133
1.16, 9132
1.16, 9131
1.16, 9130
1.16, 9129
1.16, 9128
1.17, 9127
1.17, 9126
1.17, 9125
1.17, 9124
1.17, 9123
1.17, 9122
1.17, 9121
1.17, 9120
1.17, 9119
1.17, 9118
1.17, 9117
1.17, 9116
1.17, 9115
1.17, 9114
1.17, 9113
1.18, 9112
1.18, 9111
1.18, 9110
1.18, 9109
1.18, 9108
1.18, 9107
1.18, 9106
1.18, 9105
1.18, 9104
1.18, 9103
1.18, 9102
1.18, 9101
1.18, 9100
1.18, 9099
1.18, 9098
1.19, 9097
1.19, 9096
1.19, 9095
1.19, 9094
1.19, 9093
1.19, 9092
1.19, 9091
1.19, 9090
1.19, 9089
1.19, 9088
1.19, 9087
1.19, 9086
1.19, 9085
1.19, 9084
1.19, 9083
1.19, 9082
1.20, 9081
1.20, 9080
1.20, 9079
1.20, 9078
1.20, 9077
1.20, 9076
1.20, 9075
1.20, 9074
1.20, 9073
1.20, 9072
1.20, 9071
1.20, 9070
1.20, 9069
1.20, 9068
1.20, 9067
1.21, 9066
1.21, 9065
1.21, 9064
1.21, 9063
1.21, 9062
1.21, 9061
1.21, 9060
1.21, 9059
1.21, 9058
1.21, 9057
1.21, 9056
1.21, 9055
1.21, 9054
1.21, 9053
1.21, 9052
1.21, 9051
1.22, 9050
1.22, 9049
1.22, 9048
1.22, 9047
1.22, 9046
1.22, 9045
1.22, 9044
1.22, 9043
1.22, 9042
1.22, 9041
1.22, 9040
1.22, 9039
1.22, 9038
1.22, 9037
1.22, 9036
1.23, 9035
1.23, 9034
1.23, 9033
1.23, 9032
1.23, 9031
1.23, 9030
1.23, 9029
1.23, 9028
1.23, 9027
1.23, 9026
1.23, 9025
1.23, 9024
1.23, 9023
1.23, 9022
1.23, 9021
1.23, 9020
1.24, 9019
1.24, 9018
1.24, 9017
1.24, 9016
1.24, 9015
1.24, 9014
1.24, 9013
1.24, 9012
1.24, 9011
1.24, 9010
1.24, 9009
1.24, 9008
1.24, 9007
1.24, 9006
1.24, 9005
1.25, 9004
1.25, 9003
1.25, 9002
1.25, 9001
1.25, 9000
1.25, 8999
1.25, 8998
1.25, 8997
1.25, 8996
1.25, 8995
1.25, 8994
1.25, 8993
1.25, 8992
1.25, 8991
1.25, 8990
1.25, 8989
1.26, 8988
1.26, 8987
1.26, 8986
1.26, 8985
1.26, 8984
1.26, 8983
1.26, 8982
1.26, 8981
1.26, 8980
1.26, 8979
1.26, 8978
1.26, 8977
1.26, 8976
1.26, 8975
1.26, 8974
1.27, 8973
1.27, 8972
1.27, 8971
1.27, 8970
1.27, 8969
1.27, 8968
1.27, 8967
1.27, 8966
1.27, 8965
1.27, 8964
1.27, 8963
1.27, 8962
1.27, 8961
1.27, 8960
1.27, 8959
1.27, 8958
1.28, 8957
1.28, 8956
1.28, 8955
1.28, 8954
1.28, 8953
1.28, 8952
1.28, 8951
1.28, 8950
1.28, 8949
1.28, 8948
1.28, 8947
1.28, 8946
1.28, 8945
1.28, 8944
1.28, 8943
1.29, 8942
1.29, 8941
1.29, 8940
1.29, 8939
1.29, 8938
1.29, 8937
1.29, 8936
1.29, 8935
1.29, 8934
1.29, 8933
1.29, 8932
1.29, 8931
1.29, 8930
1.29, 8929
1.29, 8928
1.29, 8927
1.30, 8926
1.30, 8925
1.30, 8924
1.30, 8923
1.30, 8922
1.30, 8921
1.30, 8920
1.30, 8919
1.30, 8918
1.30, 8917
1.30, 8916
1.30, 8915
1.30, 8914
1.30, 8913
1.30, 8912
1.30, 8911
1.31, 8910
1.31, 8909
1.31, 8908
1.31, 8907
1.31, 8906
1.31, 8905
1.31, 8904
1.31, 8903
1.31, 8902
1.31, 8901
1.31, 8900
1.31, 8899
1.31, 8898
1.31, 8897
1.31, 8896
1.32, 8895
1.32, 8894
1.32, 8893
1.32, 8892
1.32, 8891
1.32, 8890
1.32, 8889
1.32, 8888
1.32, 8887
1.32, 8886
1.32, 8885
1.32, 8884
1.32, 8883
1.32, 8882
1.32, 8881
1.32, 8880
1.33, 8879
1.33, 8878
1.33, 8877
1.33, 8876
1.33, 8875
1.33, 8874
1.33, 8873
1.33, 8872
1.33, 8871
1.33, 8870
1.33, 8869
1.33, 8868
1.33, 8867
1.33, 8866
1.33, 8865
1.33, 8864
1.34, 8863
1.34, 8862
1.34, 8861
1.34, 8860
1.34, 8859
1.34, 8858
1.34, 8857
1.34, 8856
1.34, 8855
1.34, 8854
1.34, 8853
1.34, 8852
1.34, 8851
1.34, 8850
1.34, 8849
1.34, 8848
1.35, 8847
1.35, 8846
1.35, 8845
1.35, 8844
1.35, 8843
1.35, 8842
1.35, 8841
1.35, 8840
1.35, 8839
1.35, 8838
1.35, 8837
1.35, 8836
1.35, 8835
1.35, 8834
1.35, 8833
1.35, 8832
1.36, 8831
1.36, 8830
1.36, 8829
1.36, 8828
1.36, 8827
1.36, 8826
1.36, 8825
1.36, 8824
1.36, 8823
1.36, 8822
1.36, 8821
1.36, 8820
1.36, 8819
1.36, 8818
1.36, 8817
1.36, 8816
1.37, 8815
1.37, 8814
1.37, 8813
1.37, 8812
1.37, 8811
1.37, 8810
1.37, 8809
1.37, 8808
1.37, 8807
1.37, 8806
1.37, 8805
1.37, 8804
1.37, 8803
1.37, 8802
1.37, 8801
1.37, 8800
1.38, 8799
1.38, 8798
1.38, 8797
1.38, 8796
1.38, 8795
1.38, 8794
1.38, 8793
1.38, 8792
1.38, 8791
1.38, 8790
1.38, 8789
1.38, 8788
1.38, 8787
1.38, 8786
1.38, 8785
1.38, 8784
1.39, 8783
1.39, 8782
1.39, 8781
1.39, 8780
1.39, 8779
1.39, 8778
1.39, 8777
1.39, 8776
1.39, 8775
1.39, 8774
1.39, 8773
1.39, 8772
1.39, 8771
1.39, 8770
1.39, 8769
1.39, 8768
1.40, 8767
1.40, 8766
1.40, 8765
1.40, 8764
1.40, 8763
1.40, 8762
1.40, 8761
1.40, 8760
1.40, 8759
1.40, 8758
1.40, 8757
1.40, 8756
1.40, 8755
1.40, 8754
1.40, 8753
1.40, 8752
1.41, 8751
1.41, 8750
1.41, 8749
1.41, 8748
1.41, 8747
1.41, 8746
1.41, 8745
1.41, 8744
1.41, 8743
1.41, 8742
1.41, 8741
1.41, 8740
1.41, 8739
1.41, 8738
1.41, 8737
1.41, 8736
1.42, 8735
1.42, 8734
1.42, 8733
1.42, 8732
1.42, 8731
1.42, 8730
1.42, 8729
1.42, 8728
1.42, 8727
1.42, 8726
1.42, 8725
1.42, 8724
1.42, 8723
1.42, 8722
1.42, 8721
1.42, 8720
1.43, 8719
1.43, 8718
1.43, 8717
1.43, 8716
1.43, 8715
1.43, 8714
1.43, 8713
1.43, 8712
1.43, 8711
1.43, 8710
1.43, 8709
1.43, 8708
1.43, 8707
1.43, 8706
1.43, 8705
1.44, 8704
1.44, 8703
1.44, 8702
1.44, 8701
1.44, 8700
1.44, 8699
1.44, 8698
1.44, 8697
1.44, 8696
1.44, 8695
1.44, 8694
1.44, 8693
1.44, 8692
1.44, 8691
1.44, 8690
1.44, 8689
1.44, 8688
1.45, 8687
1.45, 8686
1.45, 8685
1.45, 8684
1.45, 8683
1.45, 8682
1.45, 8681
1.45, 8680
1.45, 8679
1.45, 8678
1.45, 8677
1.45, 8676
1.45, 8675
1.45, 8674
1.45, 8673
1.46, 8672
1.46, 8671
1.46, 8670
1.46, 8669
1.46, 8668
1.46, 8667
1.46, 8666
1.46, 8665
1.46, 8664
1.46, 8663
1.46, 8662
1.46, 8661
1.46, 8660
1.46, 8659
1.46, 8658
1.46, 8657
1.47, 8656
1.47, 8655
1.47, 8654
1.47, 8653
1.47, 8652
1.47, 8651
1.47, 8650
1.47, 8649
1.47, 8648
1.47, 8647
1.47, 8646
1.47, 8645
1.47, 8644
1.47, 8643
1.47, 8642
1.47, 8641
1.48, 8640
1.48, 8639
1.48, 8638
1.48, 8637
1.48, 8636
1.48, 8635
1.48, 8634
1.48, 8633
1.48, 8632
1.48, 8631
1.48, 8630
1.48, 8629
1.48, 8628
1.48, 8627
1.48, 8626
1.48, 8625
1.49, 8624
1.49, 8623
1.49, 8622
1.49, 8621
1.49, 8620
1.49, 8619
1.49, 8618
1.49, 8617
1.49, 8616
1.49, 8615
1.49, 8614
1.49, 8613
1.49, 8612
1.49, 8611
1.49, 8610
1.49, 8609
1.49, 8608
1.50, 8607
1.50, 8606
1.50, 8605
1.50, 8604
1.50, 8603
1.50, 8602
1.50, 8601
1.50, 8600
1.50, 8599
1.50, 8598
1.50, 8597
1.50, 8596
1.50, 8595
1.50, 8594
1.50, 8593
1.50, 8592
1.51, 8591
1.51, 8590
1.51, 8589
1.51, 8588
1.51, 8587
1.51, 8586
1.51, 8585
1.51, 8584
1.51, 8583
1.51, 8582
1.51, 8581
1.51, 8580
1.51, 8579
1.51, 8578
1.51, 8577
1.51, 8576
1.52, 8575
1.52, 8574
1.52, 8573
1.52, 8572
1.52, 8571
1.52, 8570
1.52, 8569
1.52, 8568
1.52, 8567
1.52, 8566
1.52, 8565
1.52, 8564
1.52, 8563
1.52, 8562
1.52, 8561
1.52, 8560
1.52, 8559
1.53, 8558
1.53, 8557
1.53, 8556
1.53, 8555
1.53, 8554
1.53, 8553
1.53, 8552
1.53, 8551
1.53, 8550
1.53, 8549
1.53, 8548
1.53, 8547
1.53, 8546
1.53, 8545
1.53, 8544
1.53, 8543
1.54, 8542
1.54, 8541
1.54, 8540
1.54, 8539
1.54, 8538
1.54, 8537
1.54, 8536
1.54, 8535
1.54, 8534
1.54, 8533
1.54, 8532
1.54, 8531
1.54, 8530
1.54, 8529
1.54, 8528
1.54, 8527
1.55, 8526
1.55, 8525
1.55, 8524
1.55, 8523
1.55, 8522
1.55, 8521
1.55, 8520
1.55, 8519
1.55, 8518
1.55, 8517
1.55, 8516
1.55, 8515
1.55, 8514
1.55, 8513
1.55, 8512
1.55, 8511
1.55, 8510
1.56, 8509
1.56, 8508
1.56, 8507
1.56, 8506
1.56, 8505
1.56, 8504
1.56, 8503
1.56, 8502
1.56, 8501
1.56, 8500
1.56, 8499
1.56, 8498
1.56, 8497
1.56, 8496
1.56, 8495
1.56, 8494
1.56, 8493
1.57, 8492
1.57, 8491
1.57, 8490
1.57, 8489
1.57, 8488
1.57, 8487
1.57, 8486
1.57, 8485
1.57, 8484
1.57, 8483
1.57, 8482
1.57, 8481
1.57, 8480
1.57, 8479
1.57, 8478
1.57, 8477
1.58, 8476
1.58, 8475
1.58, 8474
1.58, 8473
1.58, 8472
1.58, 8471
1.58, 8470
1.58, 8469
1.58, 8468
1.58, 8467
1.58, 8466
1.58, 8465
1.58, 8464
1.58, 8463
1.58, 8462
1.58, 8461
1.59, 8460
1.59, 8459
1.59, 8458
1.59, 8457
1.59, 8456
1.59, 8455
1.59, 8454
1.59, 8453
1.59, 8452
1.59, 8451
1.59, 8450
1.59, 8449
1.59, 8448
1.59, 8447
1.59, 8446
1.59, 8445
1.59, 8444
1.60, 8443
1.60, 8442
1.60, 8441
1.60, 8440
1.60, 8439
1.60, 8438
1.60, 8437
1.60, 8436
1.60, 8435
1.60, 8434
1.60, 8433
1.60, 8432
1.60, 8431
1.60, 8430
1.60, 8429
1.60, 8428
1.60, 8427
1.61, 8426
1.61, 8425
1.61, 8424
1.61, 8423
1.61, 8422
1.61, 8421
1.61, 8420
1.61, 8419
1.61, 8418
1.61, 8417
1.61, 8416
1.61, 8415
1.61, 8414
1.61, 8413
1.61, 8412
1.61, 8411
1.62, 8410
1.62, 8409
1.62, 8408
1.62, 8407
1.62, 8406
1.62, 8405
1.62, 8404
1.62, 8403
1.62, 8402
1.62, 8401
1.62, 8400
1.62, 8399
1.62, 8398
1.62, 8397
1.62, 8396
1.62, 8395
1.62, 8394
1.63, 8393
1.63, 8392
1.63, 8391
1.63, 8390
1.63, 8389
1.63, 8388
1.63, 8387
1.63, 8386
1.63, 8385
1.63, 8384
1.63, 8383
1.63, 8382
1.63, 8381
1.63, 8380
1.63, 8379
1.63, 8378
1.64, 8377
1.64, 8376
1.64, 8375
1.64, 8374
1.64, 8373
1.64, 8372
1.64, 8371
1.64, 8370
1.64, 8369
1.64, 8368
1.64, 8367
1.64, 8366
1.64, 8365
1.64, 8364
1.64, 8363
1.64, 8362
1.65, 8361
1.65, 8360
1.65, 8359
1.65, 8358
1.65, 8357
1.65, 8356
1.65, 8355
1.65, 8354
1.65, 8353
1.65, 8352
1.65, 8351
1.65, 8350
1.65, 8349
1.65, 8348
1.65, 8347
1.65, 8346
1.65, 8345
1.66, 8344
1.66, 8343
1.66, 8342
1.66, 8341
1.66, 8340
1.66, 8339
1.66, 8338
1.66, 8337
1.66, 8336
1.66, 8335
1.66, 8334
1.66, 8333
1.66, 8332
1.66, 8331
1.66, 8330
1.66, 8329
1.67, 8328
1.67, 8327
1.67, 8326
1.67, 8325
1.67, 8324
1.67, 8323
1.67, 8322
1.67, 8321
1.67, 8320
1.67, 8319
1.67, 8318
1.67, 8317
1.67, 8316
1.67, 8315
1.67, 8314
1.67, 8313
1.67, 8312
1.68, 8311
1.68, 8310
1.68, 8309
1.68, 8308
1.68, 8307
1.68, 8306
1.68, 8305
1.68, 8304
1.68, 8303
1.68, 8302
1.68, 8301
1.68, 8300
1.68, 8299
1.68, 8298
1.68, 8297
1.68, 8296
1.68, 8295
1.69, 8294
1.69, 8293
1.69, 8292
1.69, 8291
1.69, 8290
1.69, 8289
1.69, 8288
1.69, 8287
1.69, 8286
1.69, 8285
1.69, 8284
1.69, 8283
1.69, 8282
1.69, 8281
1.69, 8280
1.69, 8279
1.70, 8278
1.70, 8277
1.70, 8276
1.70, 8275
1.70, 8274
1.70, 8273
1.70, 8272
1.70, 8271
1.70, 8270
1.70, 8269
1.70, 8268
1.70, 8267
1.70, 8266
1.70, 8265
1.70, 8264
1.70, 8263
1.70, 8262
1.71, 8261
1.71, 8260
1.71, 8259
1.71, 8258
1.71, 8257
1.71, 8256
1.71, 8255
1.71, 8254
1.71, 8253
1.71, 8252
1.71, 8251
1.71, 8250
1.71, 8249
1.71, 8248
1.71, 8247
1.71, 8246
1.71, 8245
1.72, 8244
1.72, 8243
1.72, 8242
1.72, 8241
1.72, 8240
1.72, 8239
1.72, 8238
1.72, 8237
1.72, 8236
1.72, 8235
1.72, 8234
1.72, 8233
1.72, 8232
1.72, 8231
1.72, 8230
1.72, 8229
1.72, 8228
1.73, 8227
1.73, 8226
1.73, 8225
1.73, 8224
1.73, 8223
1.73, 8222
1.73, 8221
1.73, 8220
1.73, 8219
1.73, 8218
1.73, 8217
1.73, 8216
1.73, 8215
1.73, 8214
1.73, 8213
1.73, 8212
1.73, 8211
1.74, 8210
1.74, 8209
1.74, 8208
1.74, 8207
1.74, 8206
1.74, 8205
1.74, 8204
1.74, 8203
1.74, 8202
1.74, 8201
1.74, 8200
1.74, 8199
1.74, 8198
1.74, 8197
1.74, 8196
1.74, 8195
1.74, 8194
1.74, 8193
1.75, 8192
1.75, 8191
1.75, 8190
1.75, 8189
1.75, 8188
1.75, 8187
1.75, 8186
1.75, 8185
1.75, 8184
1.75, 8183
1.75, 8182
1.75, 8181
1.75, 8180
1.75, 8179
1.75, 8178
1.75, 8177
1.75, 8176
1.76, 8175
1.76, 8174
1.76, 8173
1.76, 8172
1.76, 8171
1.76, 8170
1.76, 8169
1.76, 8168
1.76, 8167
1.76, 8166
1.76, 8165
1.76, 8164
1.76, 8163
1.76, 8162
1.76, 8161
1.76, 8160
1.76, 8159
1.77, 8158
1.77, 8157
1.77, 8156
1.77, 8155
1.77, 8154
1.77, 8153
1.77, 8152
1.77, 8151
1.77, 8150
1.77, 8149
1.77, 8148
1.77, 8147
1.77, 8146
1.77, 8145
1.77, 8144
1.77, 8143
1.77, 8142
1.78, 8141
1.78, 8140
1.78, 8139
1.78, 8138
1.78, 8137
1.78, 8136
1.78, 8135
1.78, 8134
1.78, 8133
1.78, 8132
1.78, 8131
1.78, 8130
1.78, 8129
1.78, 8128
1.78, 8127
1.78, 8126
1.79, 8125
1.79, 8124
1.79, 8123
1.79, 8122
1.79, 8121
1.79, 8120
1.79, 8119
1.79, 8118
1.79, 8117
1.79, 8116
1.79, 8115
1.79, 8114
1.79, 8113
1.79, 8112
1.79, 8111
1.79, 8110
1.79, 8109
1.80, 8108
1.80, 8107
1.80, 8106
1.80, 8105
1.80, 8104
1.80, 8103
1.80, 8102
1.80, 8101
1.80, 8100
1.80, 8099
1.80, 8098
1.80, 8097
1.80, 8096
1.80, 8095
1.80, 8094
1.80, 8093
1.80, 8092
1.81, 8091
1.81, 8090
1.81, 8089
1.81, 8088
1.81, 8087
1.81, 8086
1.81, 8085
1.81, 8084
1.81, 8083
1.81, 8082
1.81, 8081
1.81, 8080
1.81, 8079
1.81, 8078
1.81, 8077
1.81, 8076
1.81, 8075
1.82, 8074
1.82, 8073
1.82, 8072
1.82, 8071
1.82, 8070
1.82, 8069
1.82, 8068
1.82, 8067
1.82, 8066
1.82, 8065
1.82, 8064
1.82, 8063
1.82, 8062
1.82, 8061
1.82, 8060
1.82, 8059
1.82, 8058
1.83, 8057
1.83, 8056
1.83, 8055
1.83, 8054
1.83, 8053
1.83, 8052
1.83, 8051
1.83, 8050
1.83, 8049
1.83, 8048
1.83, 8047
1.83, 8046
1.83, 8045
1.85, 8044
1.85, 8043
1.85, 8042
1.87, 8041
1.87, 8040
1.87, 8039
1.87, 8038
1.87, 8037
1.87, 8036
1.87, 8035
1.87, 8034
1.87, 8033
1.87, 8032
1.87, 8031
1.87, 8030
1.87, 8029
1.87, 8028
1.87, 8027
1.87, 8026
1.87, 8025
1.88, 8024
1.88, 8023
1.88, 8022
1.88, 8021
1.88, 8020
1.88, 8019
1.88, 8018
1.88, 8017
1.88, 8016
1.88, 8015
1.88, 8014
1.88, 8013
1.88, 8012
1.88, 8011
1.88, 8010
1.88, 8009
1.88, 8008
1.89, 8007
1.89, 8006
1.89, 8005
1.89, 8004
1.89, 8003
1.89, 8002
1.89, 8001
1.89, 8000
1.89, 7999
1.89, 7998
1.89, 7997
1.89, 7996
1.89, 7995
1.89, 7994
1.89, 7993
1.89, 7992
1.89, 7991
1.90, 7990
1.90, 7989
1.90, 7988
1.90, 7987
1.90, 7986
1.90, 7985
1.90, 7984
1.90, 7983
1.90, 7982
1.90, 7981
1.90, 7980
1.90, 7979
1.90, 7978
1.90, 7977
1.90, 7976
1.90, 7975
1.90, 7974
1.91, 7973
1.91, 7972
1.91, 7971
1.91, 7970
1.91, 7969
1.91, 7968
1.91, 7967
1.91, 7966
1.91, 7965
1.91, 7964
1.91, 7963
1.91, 7962
1.91, 7961
1.91, 7960
1.91, 7959
1.91, 7958
1.91, 7957
1.92, 7956
1.92, 7955
1.92, 7954
1.92, 7953
1.92, 7952
1.92, 7951
1.92, 7950
1.92, 7949
1.92, 7948
1.92, 7947
1.92, 7946
1.92, 7945
1.92, 7944
1.92, 7943
1.92, 7942
1.92, 7941
1.92, 7940
1.93, 7939
1.93, 7938
1.93, 7937
1.93, 7936
1.93, 7935
1.93, 7934
1.93, 7933
1.93, 7932
1.93, 7931
1.93, 7930
1.93, 7929
1.93, 7928
1.93, 7927
1.93, 7926
1.93, 7925
1.93, 7924
1.95, 7923
1.97, 7922
1.98, 7921
2.01, 7920
2.03, 7919
2.04, 7918
2.06, 7917
2.06, 7916
2.06, 7915
2.06, 7914
2.06, 7913
2.06, 7912
2.06, 7911
2.06, 7910
2.06, 7909
2.06, 7908
2.06, 7907
2.07, 7906
2.07, 7905
2.07, 7904
2.07, 7903
2.07, 7902
2.07, 7901
2.07, 7900
2.07, 7899
2.07, 7898
2.07, 7897
2.07, 7896
2.07, 7895
2.07, 7894
2.07, 7893
2.07, 7892
2.07, 7891
2.07, 7890
2.09, 7889
2.09, 7888
2.11, 7887
2.11, 7886
2.11, 7885
2.11, 7884
2.11, 7883
2.11, 7882
2.11, 7881
2.11, 7880
2.11, 7879
2.11, 7878
2.11, 7877
2.11, 7876
2.11, 7875
2.12, 7874
2.12, 7873
2.12, 7872
2.12, 7871
2.12, 7870
2.12, 7869
2.12, 7868
2.12, 7867
2.12, 7866
2.12, 7865
2.12, 7864
2.12, 7863
2.12, 7862
2.12, 7861
2.12, 7860
2.12, 7859
2.12, 7858
2.13, 7857
2.13, 7856
2.13, 7855
2.13, 7854
2.13, 7853
2.13, 7852
2.13, 7851
2.13, 7850
2.13, 7849
2.13, 7848
2.13, 7847
2.13, 7846
2.13, 7845
2.13, 7844
2.13, 7843
2.13, 7842
2.13, 7841
2.14, 7840
2.14, 7839
2.14, 7838
2.14, 7837
2.14, 7836
2.14, 7835
2.14, 7834
2.14, 7833
2.14, 7832
2.14, 7831
2.14, 7830
2.14, 7829
2.14, 7828
2.14, 7827
2.14, 7826
2.14, 7825
2.14, 7824
2.15, 7823
2.15, 7822
2.15, 7821
2.15, 7820
2.15, 7819
2.15, 7818
2.15, 7817
2.15, 7816
2.15, 7815
2.15, 7814
2.15, 7813
2.15, 7812
2.15, 7811
2.15, 7810
2.15, 7809
2.15, 7808
2.15, 7807
2.16, 7806
2.16, 7805
2.16, 7804
2.16, 7803
2.16, 7802
2.16, 7801
2.16, 7800
2.16, 7799
2.16, 7798
2.16, 7797
2.16, 7796
2.16, 7795
2.16, 7794
2.16, 7793
2.16, 7792
2.16, 7791
2.18, 7790
2.18, 7789
2.18, 7788
2.18, 7787
2.18, 7786
2.18, 7785
2.18, 7784
2.18, 7783
2.18, 7782
2.19, 7781
2.19, 7780
2.19, 7779
2.19, 7778
2.19, 7777
2.19, 7776
2.19, 7775
2.19, 7774
2.19, 7773
2.19, 7772
2.19, 7771
2.19, 7770
2.19, 7769
2.19, 7768
2.19, 7767
2.21, 7766
2.21, 7765
2.21, 7764
2.21, 7763
2.21, 7762
2.21, 7761
2.21, 7760
2.21, 7759
2.21, 7758
2.21, 7757
2.22, 7756
2.22, 7755
2.22, 7754
2.22, 7753
2.22, 7752
2.22, 7751
2.22, 7750
2.22, 7749
2.22, 7748
2.22, 7747
2.22, 7746
2.22, 7745
2.22, 7744
2.22, 7743
2.22, 7742
2.22, 7741
2.22, 7740
2.22, 7739
2.23, 7738
2.23, 7737
2.23, 7736
2.23, 7735
2.23, 7734
2.23, 7733
2.23, 7732
2.23, 7731
2.23, 7730
2.23, 7729
2.23, 7728
2.23, 7727
2.23, 7726
2.23, 7725
2.26, 7724
2.26, 7723
2.31, 7722
2.31, 7721
2.31, 7720
2.31, 7719
2.31, 7718
2.31, 7717
2.33, 7716
2.33, 7715
2.33, 7714
2.35, 7713
2.36, 7712
2.38, 7711
2.38, 7710
2.38, 7709
2.38, 7708
2.38, 7707
2.38, 7706
2.38, 7705
2.38, 7704
2.38, 7703
2.38, 7702
2.38, 7701
2.38, 7700
2.38, 7699
2.38, 7698
2.38, 7697
2.38, 7696
2.39, 7695
2.39, 7694
2.39, 7693
2.39, 7692
2.39, 7691
2.39, 7690
2.39, 7689
2.39, 7688
2.39, 7687
2.39, 7686
2.39, 7685
2.39, 7684
2.39, 7683
2.39, 7682
2.39, 7681
2.39, 7680
2.39, 7679
2.39, 7678
2.40, 7677
2.40, 7676
2.40, 7675
2.40, 7674
2.40, 7673
2.40, 7672
2.40, 7671
2.40, 7670
2.40, 7669
2.40, 7668
2.40, 7667
2.40, 7666
2.40, 7665
2.40, 7664
2.40, 7663
2.40, 7662
2.40, 7661
2.41, 7660
2.41, 7659
2.41, 7658
2.41, 7657
2.41, 7656
2.41, 7655
2.41, 7654
2.42, 7653
2.42, 7652
2.43, 7651
2.43, 7650
2.43, 7649
2.44, 7648
2.46, 7647
2.46, 7646
2.46, 7645
2.46, 7644
2.46, 7643
2.46, 7642
2.48, 7641
2.48, 7640
2.48, 7639
2.49, 7638
2.58, 7637
2.60, 7636
2.61, 7635
2.63, 7634
2.63, 7633
2.63, 7632
2.65, 7631
2.65, 7630
2.65, 7629
2.65, 7628
2.65, 7627
2.65, 7626
2.65, 7625
2.65, 7624
2.65, 7623
2.65, 7622
2.65, 7621
2.65, 7620
2.65, 7619
2.65, 7618
2.65, 7617
2.65, 7616
2.66, 7615
2.66, 7614
2.66, 7613
2.66, 7612
2.66, 7611
2.66, 7610
2.66, 7609
2.66, 7608
2.66, 7607
2.66, 7606
2.66, 7605
2.66, 7604
2.66, 7603
2.66, 7602
2.66, 7601
2.66, 7600
2.66, 7599
2.67, 7598
2.67, 7597
2.67, 7596
2.67, 7595
2.68, 7594
2.70, 7593
2.70, 7592
2.70, 7591
2.70, 7590
2.70, 7589
2.70, 7588
2.70, 7587
2.70, 7586
2.70, 7585
2.70, 7584
2.70, 7583
2.70, 7582
2.70, 7581
2.71, 7580
2.71, 7579
2.71, 7578
2.71, 7577
2.71, 7576
2.71, 7575
2.71, 7574
2.71, 7573
2.71, 7572
2.71, 7571
2.71, 7570
2.71, 7569
2.71, 7568
2.71, 7567
2.71, 7566
2.71, 7565
2.71, 7564
2.72, 7563
2.72, 7562
2.73, 7561
2.73, 7560
2.73, 7559
2.73, 7558
2.73, 7557
2.73, 7556
2.73, 7555
2.74, 7554
2.74, 7553
2.74, 7552
2.74, 7551
2.74, 7550
2.74, 7549
2.74, 7548
2.74, 7547
2.74, 7546
2.74, 7545
2.74, 7544
2.74, 7543
2.74, 7542
2.74, 7541
2.74, 7540
2.74, 7539
2.74, 7538
2.75, 7537
2.75, 7536
2.75, 7535
2.75, 7534
2.75, 7533
2.75, 7532
2.75, 7531
2.75, 7530
2.75, 7529
2.75, 7528
2.75, 7527
2.75, 7526
2.75, 7525
2.75, 7524
2.75, 7523
2.75, 7522
2.75, 7521
2.75, 7520
2.76, 7519
2.76, 7518
2.76, 7517
2.76, 7516
2.76, 7515
2.76, 7514
2.76, 7513
2.76, 7512
2.76, 7511
2.76, 7510
2.76, 7509
2.76, 7508
2.76, 7507
2.76, 7506
2.76, 7505
2.76, 7504
2.76, 7503
2.77, 7502
2.77, 7501
2.77, 7500
2.77, 7499
2.77, 7498
2.77, 7497
2.77, 7496
2.77, 7495
2.77, 7494
2.77, 7493
2.77, 7492
2.77, 7491
2.77, 7490
2.77, 7489
2.77, 7488
2.77, 7487
2.77, 7486
2.77, 7485
2.78, 7484
2.78, 7483
2.78, 7482
2.78, 7481
2.78, 7480
2.78, 7479
2.78, 7478
2.78, 7477
2.78, 7476
2.78, 7475
2.78, 7474
2.78, 7473
2.78, 7472
2.78, 7471
2.78, 7470
2.78, 7469
2.78, 7468
2.79, 7467
2.79, 7466
2.79, 7465
2.79, 7464
2.79, 7463
2.79, 7462
2.79, 7461
2.79, 7460
2.79, 7459
2.79, 7458
2.79, 7457
2.79, 7456
2.79, 7455
2.79, 7454
2.79, 7453
2.79, 7452
2.79, 7451
2.79, 7450
2.80, 7449
2.80, 7448
2.80, 7447
2.80, 7446
2.80, 7445
2.80, 7444
2.80, 7443
2.80, 7442
2.80, 7441
2.80, 7440
2.80, 7439
2.80, 7438
2.80, 7437
2.80, 7436
2.80, 7435
2.80, 7434
2.80, 7433
2.80, 7432
2.81, 7431
2.81, 7430
2.81, 7429
2.81, 7428
2.81, 7427
2.81, 7426
2.81, 7425
2.81, 7424
2.81, 7423
2.81, 7422
2.81, 7421
2.81, 7420
2.81, 7419
2.81, 7418
2.81, 7417
2.81, 7416
2.81, 7415
2.82, 7414
2.82, 7413
2.82, 7412
2.82, 7411
2.82, 7410
2.82, 7409
2.82, 7408
2.82, 7407
2.82, 7406
2.82, 7405
2.82, 7404
2.82, 7403
2.82, 7402
2.82, 7401
2.82, 7400
2.82, 7399
2.82, 7398
2.82, 7397
2.83, 7396
2.83, 7395
2.83, 7394
2.83, 7393
2.83, 7392
2.83, 7391
2.83, 7390
2.83, 7389
2.83, 7388
2.83, 7387
2.83, 7386
2.83, 7385
2.83, 7384
2.83, 7383
2.83, 7382
2.83, 7381
2.83, 7380
2.83, 7379
2.84, 7378
2.84, 7377
2.84, 7376
2.84, 7375
2.84, 7374
2.84, 7373
2.84, 7372
2.84, 7371
2.84, 7370
2.84, 7369
2.86, 7368
2.87, 7367
2.89, 7366
2.90, 7365
2.92, 7364
2.93, 7363
2.95, 7362
2.97, 7361
2.98, 7360
3.00, 7359
3.01, 7358
3.03, 7357
3.04, 7356
3.06, 7355
3.07, 7354
3.09, 7353
3.11, 7352
3.12, 7351
3.14, 7350
3.15, 7349
3.17, 7348
3.18, 7347
3.20, 7346
3.21, 7345
3.23, 7344
3.25, 7343
3.26, 7342
3.28, 7341
3.29, 7340
3.31, 7339
3.32, 7338
3.34, 7337
3.36, 7336
3.37, 7335
3.39, 7334
3.40, 7333
3.42, 7332
3.43, 7331
3.48, 7330
3.62, 7329
3.65, 7328
3.66, 7327
3.68, 7326
3.68, 7325
3.68, 7324
3.68, 7323
3.68, 7322
3.68, 7321
3.68, 7320
3.68, 7319
3.68, 7318
3.68, 7317
3.68, 7316
3.68, 7315
3.68, 7314
3.68, 7313
3.68, 7312
3.68, 7311
3.70, 7310
3.70, 7309
3.70, 7308
3.70, 7307
3.70, 7306
3.70, 7305
3.70, 7304
3.70, 7303
3.70, 7302
3.71, 7301
3.71, 7300
3.71, 7299
3.71, 7298
3.71, 7297
3.71, 7296
3.71, 7295
3.71, 7294
3.71, 7293
3.71, 7292
3.71, 7291
3.71, 7290
3.71, 7289
3.71, 7288
3.71, 7287
3.71, 7286
3.71, 7285
3.71, 7284
3.72, 7283
3.72, 7282
3.72, 7281
3.72, 7280
3.72, 7279
3.72, 7278
3.72, 7277
3.72, 7276
3.72, 7275
3.72, 7274
3.72, 7273
3.72, 7272
3.72, 7271
3.72, 7270
3.72, 7269
3.72, 7268
3.72, 7267
3.72, 7266
3.73, 7265
3.73, 7264
3.73, 7263
3.73, 7262
3.73, 7261
3.73, 7260
3.73, 7259
3.73, 7258
3.73, 7257
3.73, 7256
3.73, 7255
3.73, 7254
3.73, 7253
3.73, 7252
3.73, 7251
3.73, 7250
3.73, 7249
3.73, 7248
3.73, 7247
3.74, 7246
3.74, 7245
3.74, 7244
3.74, 7243
3.74, 7242
3.74, 7241
3.74, 7240
3.74, 7239
3.74, 7238
3.74, 7237
3.74, 7236
3.76, 7235
3.76, 7234
3.76, 7233
3.76, 7232
3.77, 7231
3.79, 7230
3.79, 7229
3.79, 7228
3.79, 7227
3.79, 7226
3.79, 7225
3.79, 7224
3.79, 7223
3.79, 7222
3.79, 7221
3.80, 7220
3.80, 7219
3.80, 7218
3.80, 7217
3.80, 7216
3.80, 7215
3.80, 7214
3.80, 7213
3.80, 7212
3.80, 7211
3.80, 7210
3.80, 7209
3.80, 7208
3.80, 7207
3.80, 7206
3.80, 7205
3.80, 7204
3.81, 7203
3.81, 7202
3.81, 7201
3.81, 7200
3.81, 7199
3.81, 7198
3.81, 7197
3.81, 7196
3.81, 7195
3.81, 7194
3.81, 7193
3.81, 7192
3.81, 7191
3.81, 7190
3.81, 7189
3.81, 7188
3.82, 7187
3.82, 7186
3.82, 7185
3.82, 7184
3.82, 7183
3.82, 7182
3.82, 7181
3.82, 7180
3.82, 7179
3.82, 7178
3.82, 7177
3.82, 7176
3.82, 7175
3.84, 7174
3.84, 7173
3.84, 7172
3.84, 7171
3.84, 7170
3.84, 7169
3.84, 7168
3.84, 7167
3.86, 7166
3.86, 7165
3.86, 7164
3.86, 7163
3.86, 7162
3.88, 7161
3.88, 7160
3.88, 7159
3.88, 7158
3.88, 7157
3.88, 7156
3.88, 7155
3.88, 7154
3.88, 7153
3.88, 7152
3.88, 7151
3.88, 7150
3.88, 7149
3.88, 7148
3.88, 7147
3.88, 7146
3.89, 7145
3.90, 7144
3.90, 7143
3.90, 7142
3.92, 7141
3.93, 7140
3.93, 7139
3.93, 7138
3.94, 7137
3.94, 7136
3.94, 7135
3.94, 7134
3.94, 7133
3.94, 7132
3.94, 7131
3.94, 7130
3.94, 7129
3.94, 7128
3.94, 7127
3.94, 7126
3.94, 7125
3.94, 7124
3.94, 7123
3.94, 7122
3.94, 7121
3.95, 7120
3.95, 7119
3.95, 7118
3.95, 7117
3.95, 7116
3.95, 7115
3.95, 7114
3.95, 7113
3.95, 7112
3.95, 7111
3.95, 7110
3.95, 7109
3.95, 7108
3.95, 7107
3.95, 7106
3.95, 7105
3.96, 7104
3.96, 7103
3.96, 7102
3.96, 7101
3.96, 7100
3.96, 7099
3.96, 7098
3.96, 7097
3.96, 7096
3.96, 7095
3.96, 7094
3.96, 7093
3.96, 7092
3.96, 7091
3.96, 7090
3.96, 7089
3.96, 7088
3.97, 7087
3.97, 7086
3.97, 7085
3.97, 7084
3.97, 7083
3.97, 7082
3.97, 7081
3.97, 7080
3.97, 7079
3.97, 7078
3.97, 7077
3.97, 7076
3.97, 7075
3.97, 7074
3.97, 7073
3.97, 7072
3.97, 7071
3.98, 7070
3.98, 7069
3.99, 7068
3.99, 7067
3.99, 7066
3.99, 7065
3.99, 7064
4.00, 7063
4.00, 7062
4.00, 7061
4.00, 7060
4.00, 7059
4.00, 7058
4.00, 7057
4.00, 7056
4.00, 7055
4.00, 7054
4.00, 7053
4.00, 7052
4.00, 7051
4.00, 7050
4.00, 7049
4.00, 7048
4.00, 7047
4.01, 7046
4.01, 7045
4.01, 7044
4.01, 7043
4.01, 7042
4.01, 7041
4.01, 7040
4.01, 7039
4.01, 7038
4.01, 7037
4.01, 7036
4.01, 7035
4.01, 7034
4.01, 7033
4.01, 7032
4.01, 7031
4.01, 7030
4.02, 7029
4.02, 7028
4.02, 7027
4.02, 7026
4.02, 7025
4.02, 7024
4.03, 7023
4.21, 7022
4.27, 7021
4.92, 7020
5.00, 7019
5.00, 7018
5.28, 7017
5.29, 7016
5.32, 7015
5.41, 7014
5.41, 7013
5.87, 7012
6.01, 7011
7.41, 7010
12.45, 7009
16.43, 7008
16.53, 7007
16.61, 7006
16.65, 7005
16.83, 7004
16.96, 7003
17.02, 7002
17.04, 7001
17.05, 7000
17.05, 6999
17.08, 6998
17.08, 6997
17.29, 6996
17.94, 6995
19.28, 6994
19.49, 6993
20.74, 6992
24.19, 6991
34.14, 6990
34.48, 6989
34.62, 6988
39.49, 6987
43.09, 6986
51.37, 6985
55.45, 6984
