0.00, 6806
0.00, 6805
0.00, 6804
0.00, 6803
0.00, 6802
0.00, 6801
0.00, 6800
0.00, 6799
0.00, 6798
0.01, 6797
0.01, 6796
0.01, 6795
0.01, 6794
0.01, 6793
0.01, 6792
0.01, 6791
0.01, 6790
0.01, 6789
0.01, 6788
0.01, 6787
0.01, 6786
0.01, 6785
0.01, 6784
0.01, 6783
0.01, 6782
0.01, 6781
0.01, 6780
0.01, 6779
0.01, 6778
0.01, 6777
0.02, 6776
0.02, 6775
0.02, 6774
0.02, 6773
0.02, 6772
0.02, 6771
0.02, 6770
0.02, 6769
0.02, 6768
0.02, 6767
0.02, 6766
0.02, 6765
0.02, 6764
0.02, 6763
0.02, 6762
0.02, 6761
0.02, 6760
0.02, 6759
0.02, 6758
0.02, 6757
0.03, 6756
0.03, 6755
0.03, 6754
0.03, 6753
0.03, 6752
0.03, 6751
0.03, 6750
0.03, 6749
0.03, 6748
0.03, 6747
0.03, 6746
0.03, 6745
0.03, 6744
0.03, 6743
0.03, 6742
0.03, 6741
0.03, 6740
0.03, 6739
0.03, 6738
0.03, 6737
0.04, 6736
0.04, 6735
0.04, 6734
0.04, 6733
0.04, 6732
0.04, 6731
0.04, 6730
0.04, 6729
0.04, 6728
0.04, 6727
0.04, 6726
0.04, 6725
0.04, 6724
0.04, 6723
0.04, 6722
0.04, 6721
0.04, 6720
0.04, 6719
0.04, 6718
0.04, 6717
0.05, 6716
0.05, 6715
0.05, 6714
0.05, 6713
0.05, 6712
0.05, 6711
0.05, 6710
0.05, 6709
0.05, 6708
0.05, 6707
0.05, 6706
0.05, 6705
0.05, 6704
0.05, 6703
0.05, 6702
0.05, 6701
0.05, 6700
0.05, 6699
0.05, 6698
0.05, 6697
0.05, 6696
0.06, 6695
0.06, 6694
0.06, 6693
0.06, 6692
0.06, 6691
0.06, 6690
0.06, 6689
0.06, 6688
0.06, 6687
0.06, 6686
0.06, 6685
0.06, 6684
0.06, 6683
0.06, 6682
0.06, 6681
0.06, 6680
0.06, 6679
0.06, 6678
0.06, 6677
0.06, 6676
0.07, 6675
0.07, 6674
0.07, 6673
0.07, 6672
0.07, 6671
0.07, 6670
0.07, 6669
0.07, 6668
0.07, 6667
0.07, 6666
0.07, 6665
0.07, 6664
0.07, 6663
0.07, 6662
0.07, 6661
0.07, 6660
0.07, 6659
0.10, 6658
0.10, 6657
0.10, 6656
0.10, 6655
0.10, 6654
0.10, 6653
0.10, 6652
0.10, 6651
0.10, 6650
0.11, 6649
0.11, 6648
0.11, 6647
0.11, 6646
0.11, 6645
0.11, 6644
0.11, 6643
0.11, 6642
0.11, 6641
0.11, 6640
0.11, 6639
0.11, 6638
0.11, 6637
0.11, 6636
0.11, 6635
0.11, 6634
0.11, 6633
0.11, 6632
0.11, 6631
0.11, 6630
0.11, 6629
0.12, 6628
0.12, 6627
0.12, 6626
0.12, 6625
0.12, 6624
0.12, 6623
0.12, 6622
0.12, 6621
0.12, 6620
0.12, 6619
0.12, 6618
0.12, 6617
0.12, 6616
0.12, 6615
0.12, 6614
0.15, 6613
0.15, 6612
0.15, 6611
0.18, 6610
0.18, 6609
0.18, 6608
0.18, 6607
0.18, 6606
0.18, 6605
0.18, 6604
0.18, 6603
0.18, 6602
0.21, 6601
0.24, 6600
0.24, 6599
0.24, 6598
0.27, 6597
30.73, 6596
30.73, 6595
30.73, 6594
30.74, 6593
30.74, 6592
30.74, 6591
30.74, 6590
30.74, 6589
30.74, 6588
30.74, 6587
30.74, 6586
30.74, 6585
30.74, 6584
30.74, 6583
30.74, 6582
30.74, 6581
30.74, 6580
30.74, 6579
30.74, 6578
30.74, 6577
30.74, 6576
30.75, 6575
30.75, 6574
30.75, 6573
30.75, 6572
30.75, 6571
30.75, 6570
30.75, 6569
30.75, 6568
30.75, 6567
30.75, 6566
30.75, 6565
30.75, 6564
30.75, 6563
30.75, 6562
30.75, 6561
30.75, 6560
30.75, 6559
30.75, 6558
30.75, 6557
30.75, 6556
30.76, 6555
30.76, 6554
30.76, 6553
30.76, 6552
30.76, 6551
30.76, 6550
30.76, 6549
30.76, 6548
30.76, 6547
30.76, 6546
30.76, 6545
30.76, 6544
30.76, 6543
30.76, 6542
30.76, 6541
30.76, 6540
30.76, 6539
30.76, 6538
30.76, 6537
30.77, 6536
30.77, 6535
30.77, 6534
30.77, 6533
30.77, 6532
30.77, 6531
30.77, 6530
30.77, 6529
30.77, 6528
30.77, 6527
30.77, 6526
30.77, 6525
30.77, 6524
30.77, 6523
30.77, 6522
30.77, 6521
30.77, 6520
30.77, 6519
30.77, 6518
30.80, 6517
30.80, 6516
30.83, 6515
30.89, 6514
30.89, 6513
30.90, 6512
30.90, 6511
30.90, 6510
30.90, 6509
30.90, 6508
30.90, 6507
30.90, 6506
30.90, 6505
30.90, 6504
30.90, 6503
30.90, 6502
30.90, 6501
30.90, 6500
30.90, 6499
30.90, 6498
30.90, 6497
30.90, 6496
30.90, 6495
30.91, 6494
30.91, 6493
30.91, 6492
30.91, 6491
30.91, 6490
30.91, 6489
30.91, 6488
30.91, 6487
30.91, 6486
30.91, 6485
30.91, 6484
30.91, 6483
30.91, 6482
30.91, 6481
30.91, 6480
30.91, 6479
30.91, 6478
30.91, 6477
30.92, 6476
30.92, 6475
30.92, 6474
30.92, 6473
30.92, 6472
30.95, 6471
31.01, 6470
31.01, 6469
31.01, 6468
31.01, 6467
31.01, 6466
31.01, 6465
31.01, 6464
31.01, 6463
31.01, 6462
31.01, 6461
31.01, 6460
31.01, 6459
31.01, 6458
31.01, 6457
31.01, 6456
31.01, 6455
31.02, 6454
31.02, 6453
31.02, 6452
31.02, 6451
31.02, 6450
31.02, 6449
31.05, 6448
31.05, 6447
31.05, 6446
31.05, 6445
31.05, 6444
31.05, 6443
31.05, 6442
31.05, 6441
31.05, 6440
31.05, 6439
31.05, 6438
31.05, 6437
31.05, 6436
31.05, 6435
31.05, 6434
31.05, 6433
31.05, 6432
31.06, 6431
31.06, 6430
31.06, 6429
31.06, 6428
31.06, 6427
31.06, 6426
31.09, 6425
31.18, 6424
31.18, 6423
31.18, 6422
31.18, 6421
31.19, 6420
31.19, 6419
31.19, 6418
31.19, 6417
31.19, 6416
31.19, 6415
31.19, 6414
31.19, 6413
31.19, 6412
31.22, 6411
31.22, 6410
31.22, 6409
31.22, 6408
31.22, 6407
31.22, 6406
31.22, 6405
31.22, 6404
31.22, 6403
31.22, 6402
31.23, 6401
31.23, 6400
31.23, 6399
31.26, 6398
31.32, 6397
31.32, 6396
31.32, 6395
31.32, 6394
31.32, 6393
31.32, 6392
31.32, 6391
31.32, 6390
31.32, 6389
31.32, 6388
31.32, 6387
31.35, 6386
31.38, 6385
31.38, 6384
31.38, 6383
31.38, 6382
31.38, 6381
31.41, 6380
31.44, 6379
31.45, 6378
31.45, 6377
31.45, 6376
31.45, 6375
31.45, 6374
31.45, 6373
31.45, 6372
31.45, 6371
31.45, 6370
31.45, 6369
31.45, 6368
31.45, 6367
31.45, 6366
31.45, 6365
31.45, 6364
31.45, 6363
31.45, 6362
31.45, 6361
31.48, 6360
31.51, 6359
31.51, 6358
31.54, 6357
31.55, 6356
31.55, 6355
31.55, 6354
31.55, 6353
31.58, 6352
31.61, 6351
31.64, 6350
31.66, 6349
31.66, 6348
31.67, 6347
31.69, 6346
31.70, 6345
31.73, 6344
31.76, 6343
31.76, 6342
31.76, 6341
31.76, 6340
31.79, 6339
31.83, 6338
31.86, 6337
31.89, 6336
31.89, 6335
31.89, 6334
31.89, 6333
31.89, 6332
31.89, 6331
31.90, 6330
31.90, 6329
31.90, 6328
31.90, 6327
31.90, 6326
31.90, 6325
31.90, 6324
31.90, 6323
31.90, 6322
31.90, 6321
31.90, 6320
31.90, 6319
31.90, 6318
31.90, 6317
31.90, 6316
31.90, 6315
31.99, 6314
32.41, 6313
32.45, 6312
32.49, 6311
32.49, 6310
32.49, 6309
32.53, 6308
32.61, 6307
32.68, 6306
32.68, 6305
32.68, 6304
32.74, 6303
32.74, 6302
32.78, 6301
32.84, 6300
32.87, 6299
32.88, 6298
32.88, 6297
32.88, 6296
32.88, 6295
32.88, 6294
32.91, 6293
32.94, 6292
32.94, 6291
32.94, 6290
32.94, 6289
32.94, 6288
32.94, 6287
32.94, 6286
32.94, 6285
32.94, 6284
32.94, 6283
32.98, 6282
33.01, 6281
33.01, 6280
33.01, 6279
33.01, 6278
33.01, 6277
33.01, 6276
33.04, 6275
33.04, 6274
33.04, 6273
33.04, 6272
33.04, 6271
33.04, 6270
33.05, 6269
33.05, 6268
33.05, 6267
33.05, 6266
33.05, 6265
33.05, 6264
33.05, 6263
33.05, 6262
33.05, 6261
33.05, 6260
33.05, 6259
33.05, 6258
33.05, 6257
33.26, 6256
33.26, 6255
36.93, 6254
36.96, 6253
37.05, 6252
37.14, 6251
37.23, 6250
37.23, 6249
37.52, 6248
37.55, 6247
37.66, 6246
37.81, 6245
38.96, 6244
38.96, 6243
38.97, 6242
38.97, 6241
38.97, 6240
38.97, 6239
38.97, 6238
39.14, 6237
43.49, 6236
43.57, 6235
43.57, 6234
43.57, 6233
43.60, 6232
43.71, 6231
43.71, 6230
44.34, 6229
44.89, 6228
44.93, 6227
46.13, 6226
46.13, 6225
46.13, 6224
46.33, 6223
49.20, 6222
49.20, 6221
49.73, 6220
49.73, 6219
49.74, 6218
49.74, 6217
50.45, 6216
51.05, 6215
51.28, 6214
51.70, 6213
51.73, 6212
51.76, 6211
51.93, 6210
52.04, 6209
52.13, 6208
52.88, 6207
52.88, 6206
52.88, 6205
52.88, 6204
52.89, 6203
52.89, 6202
54.52, 6201
55.22, 6200
55.31, 6199
55.31, 6198
56.20, 6197
56.38, 6196
56.99, 6195
56.99, 6194
56.99, 6193
56.99, 6192
56.99, 6191
57.11, 6190
57.11, 6189
57.22, 6188
57.25, 6187
57.28, 6186
57.40, 6185
57.53, 6184
57.68, 6183
57.70, 6182
57.74, 6181
57.94, 6180
57.99, 6179
58.08, 6178
58.10, 6177
58.44, 6176
58.56, 6175
58.56, 6174
58.70, 6173
59.53, 6172
