0.00, 1023
0.00, 1022
0.00, 1021
0.00, 1020
0.00, 1019
0.00, 1018
0.00, 1017
0.00, 1016
0.00, 1015
0.00, 1014
0.00, 1013
0.00, 1012
0.00, 1011
0.00, 1010
0.00, 1009
0.00, 1008
0.00, 1007
0.00, 1006
0.00, 1005
0.00, 1004
0.00, 1003
0.00, 1002
0.00, 1001
0.00, 1000
0.00, 999
0.00, 998
0.00, 997
0.00, 996
0.00, 995
0.00, 994
0.00, 993
0.00, 992
0.00, 991
0.00, 990
0.00, 989
0.00, 988
0.00, 987
0.00, 986
0.00, 985
0.00, 984
0.00, 983
0.00, 982
0.00, 981
0.00, 980
0.00, 979
0.00, 978
0.00, 977
0.00, 976
0.00, 975
0.00, 974
0.00, 973
0.00, 972
0.00, 971
0.00, 970
0.00, 969
0.00, 968
0.00, 967
0.00, 966
0.00, 965
0.00, 964
0.00, 963
0.00, 962
0.00, 961
0.00, 960
0.00, 959
0.00, 958
0.00, 957
0.00, 956
0.00, 955
0.00, 954
0.00, 953
0.00, 952
0.00, 951
0.00, 950
0.00, 949
0.00, 948
0.00, 947
0.00, 946
0.00, 945
0.00, 944
0.00, 943
0.00, 942
0.00, 941
0.00, 940
0.00, 939
0.00, 938
0.00, 937
0.00, 936
0.00, 935
0.00, 934
0.00, 933
0.00, 932
0.00, 931
0.00, 930
0.00, 929
0.00, 928
0.00, 927
0.00, 926
0.00, 925
0.00, 924
0.00, 923
0.00, 922
0.00, 921
0.00, 920
0.00, 919
0.00, 918
0.00, 917
0.00, 916
0.00, 915
0.00, 914
0.00, 913
0.00, 912
0.00, 911
0.00, 910
0.00, 909
0.00, 908
0.00, 907
0.00, 906
0.00, 905
0.00, 904
0.00, 903
0.00, 902
0.00, 901
0.00, 900
0.00, 899
0.00, 898
0.00, 897
0.00, 896
0.00, 895
0.00, 894
0.00, 893
0.00, 892
0.00, 891
0.00, 890
0.00, 889
0.00, 888
0.00, 887
0.01, 886
0.01, 885
0.01, 884
0.01, 883
0.01, 882
0.01, 881
0.01, 880
0.01, 879
0.01, 878
0.01, 877
0.01, 876
0.01, 875
0.01, 874
0.01, 873
0.01, 872
0.01, 871
0.01, 870
0.01, 869
0.01, 868
0.01, 867
0.01, 866
0.01, 865
0.01, 864
0.01, 863
0.01, 862
0.01, 861
0.01, 860
0.01, 859
0.01, 858
0.01, 857
0.01, 856
0.01, 855
0.01, 854
0.01, 853
0.01, 852
0.01, 851
0.01, 850
0.01, 849
0.01, 848
0.01, 847
0.01, 846
0.01, 845
0.01, 844
0.01, 843
0.01, 842
0.01, 841
0.01, 840
0.01, 839
0.01, 838
0.01, 837
0.01, 836
0.01, 835
0.01, 834
0.01, 833
0.01, 832
0.01, 831
0.01, 830
0.01, 829
0.01, 828
0.01, 827
0.01, 826
0.01, 825
0.01, 824
0.01, 823
0.01, 822
0.01, 821
0.01, 820
0.01, 819
0.01, 818
0.01, 817
0.01, 816
0.01, 815
0.01, 814
0.01, 813
0.01, 812
0.01, 811
0.01, 810
0.01, 809
0.01, 808
0.01, 807
0.01, 806
0.01, 805
0.01, 804
0.01, 803
0.01, 802
0.01, 801
0.01, 800
0.01, 799
0.01, 798
0.01, 797
0.01, 796
0.01, 795
0.01, 794
0.01, 793
0.01, 792
0.01, 791
0.01, 790
0.01, 789
0.01, 788
0.01, 787
0.01, 786
0.01, 785
0.01, 784
0.01, 783
0.01, 782
0.01, 781
0.01, 780
0.01, 779
0.01, 778
0.01, 777
0.01, 776
0.01, 775
0.01, 774
0.01, 773
0.02, 772
0.02, 771
0.02, 770
0.02, 769
0.02, 768
0.02, 767
0.02, 766
0.02, 765
0.02, 764
0.02, 763
0.02, 762
0.02, 761
0.02, 760
0.02, 759
0.02, 758
0.02, 757
0.02, 756
0.02, 755
0.03, 754
0.03, 753
0.03, 752
0.03, 751
0.03, 750
0.03, 749
0.03, 748
0.03, 747
0.04, 746
