0.00, 1132
0.00, 1131
0.00, 1130
0.00, 1129
0.00, 1128
0.00, 1127
0.00, 1126
0.00, 1125
0.00, 1124
0.00, 1123
0.00, 1122
0.00, 1121
0.00, 1120
0.00, 1119
0.00, 1118
0.00, 1117
0.00, 1116
0.00, 1115
0.00, 1114
0.00, 1113
0.00, 1112
0.00, 1111
0.00, 1110
0.00, 1109
0.00, 1108
0.00, 1107
0.00, 1106
0.00, 1105
0.00, 1104
0.00, 1103
0.00, 1102
0.00, 1101
0.00, 1100
0.00, 1099
0.00, 1098
0.00, 1097
0.00, 1096
0.00, 1095
0.00, 1094
0.00, 1093
0.00, 1092
0.00, 1091
0.00, 1090
0.00, 1089
0.00, 1088
0.00, 1087
0.00, 1086
0.00, 1085
0.00, 1084
0.00, 1083
0.00, 1082
0.00, 1081
0.00, 1080
0.00, 1079
0.00, 1078
0.00, 1077
0.00, 1076
0.00, 1075
0.00, 1074
0.00, 1073
0.00, 1072
0.00, 1071
0.00, 1070
0.00, 1069
0.00, 1068
0.00, 1067
0.00, 1066
0.00, 1065
0.00, 1064
0.00, 1063
0.00, 1062
0.00, 1061
0.00, 1060
0.00, 1059
0.00, 1058
0.00, 1057
0.00, 1056
0.00, 1055
0.00, 1054
0.00, 1053
0.00, 1052
0.00, 1051
0.00, 1050
0.00, 1049
0.00, 1048
0.00, 1047
0.00, 1046
0.00, 1045
0.00, 1044
0.00, 1043
0.00, 1042
0.00, 1041
0.00, 1040
0.00, 1039
0.00, 1038
0.00, 1037
0.00, 1036
0.00, 1035
0.00, 1034
0.00, 1033
0.00, 1032
0.00, 1031
0.00, 1030
0.00, 1029
0.00, 1028
0.00, 1027
0.00, 1026
0.00, 1025
0.00, 1024
0.00, 1023
0.00, 1022
0.00, 1021
0.00, 1020
0.00, 1019
0.00, 1018
0.00, 1017
0.00, 1016
0.00, 1015
0.00, 1014
0.00, 1013
0.00, 1012
0.00, 1011
0.00, 1010
0.00, 1009
0.00, 1008
0.00, 1007
0.00, 1006
0.00, 1005
0.00, 1004
0.00, 1003
0.00, 1002
0.00, 1001
0.00, 1000
0.00, 999
0.00, 998
0.00, 997
0.00, 996
0.00, 995
0.00, 994
0.00, 993
0.00, 992
0.00, 991
0.00, 990
0.00, 989
0.00, 988
0.00, 987
0.00, 986
0.00, 985
0.00, 984
0.00, 983
0.00, 982
0.00, 981
0.00, 980
0.00, 979
0.00, 978
0.00, 977
0.00, 976
0.00, 975
0.00, 974
0.00, 973
0.00, 972
0.00, 971
0.00, 970
0.00, 969
0.00, 968
0.00, 967
0.00, 966
0.00, 965
0.00, 964
0.00, 963
0.00, 962
0.00, 961
0.00, 960
0.00, 959
0.00, 958
0.00, 957
0.00, 956
0.00, 955
0.00, 954
0.00, 953
0.00, 952
0.00, 951
0.00, 950
0.00, 949
0.00, 948
0.00, 947
0.00, 946
0.00, 945
0.00, 944
0.00, 943
0.00, 942
0.00, 941
0.00, 940
0.00, 939
0.00, 938
0.00, 937
0.00, 936
0.00, 935
0.00, 934
0.00, 933
0.00, 932
0.00, 931
0.00, 930
0.00, 929
0.00, 928
0.00, 927
0.00, 926
0.00, 925
0.00, 924
0.00, 923
0.00, 922
0.00, 921
0.00, 920
0.00, 919
0.00, 918
0.00, 917
0.00, 916
0.00, 915
0.00, 914
0.00, 913
0.00, 912
0.00, 911
0.00, 910
0.00, 909
0.00, 908
0.00, 907
0.00, 906
0.00, 905
0.00, 904
0.00, 903
0.00, 902
0.00, 901
0.00, 900
0.00, 899
0.00, 898
0.00, 897
0.00, 896
0.00, 895
0.00, 894
0.00, 893
0.00, 892
0.00, 891
0.00, 890
0.00, 889
0.00, 888
0.00, 887
0.00, 886
0.00, 885
0.00, 884
0.00, 883
0.00, 882
0.00, 881
0.00, 880
0.00, 879
0.00, 878
0.00, 877
0.00, 876
0.00, 875
0.01, 874
0.01, 873
0.01, 872
0.01, 871
0.01, 870
0.01, 869
0.01, 868
0.01, 867
0.01, 866
0.01, 865
0.01, 864
0.01, 863
0.01, 862
0.01, 861
0.01, 860
0.01, 859
0.01, 858
0.01, 857
0.01, 856
0.01, 855
0.01, 854
0.01, 853
0.01, 852
0.01, 851
0.01, 850
0.01, 849
0.01, 848
0.01, 847
0.01, 846
0.01, 845
0.01, 844
0.01, 843
0.01, 842
0.01, 841
0.01, 840
0.01, 839
0.01, 838
0.01, 837
0.01, 836
0.01, 835
0.01, 834
0.01, 833
0.01, 832
0.01, 831
0.01, 830
0.01, 829
0.01, 828
0.01, 827
0.01, 826
0.01, 825
0.01, 824
0.01, 823
0.01, 822
0.01, 821
0.01, 820
0.01, 819
0.01, 818
0.01, 817
0.01, 816
0.01, 815
0.01, 814
0.01, 813
0.01, 812
0.01, 811
0.01, 810
0.01, 809
0.01, 808
0.01, 807
0.01, 806
0.01, 805
0.01, 804
0.01, 803
0.01, 802
0.01, 801
0.01, 800
0.01, 799
0.01, 798
0.01, 797
0.01, 796
0.01, 795
0.01, 794
0.01, 793
0.01, 792
0.01, 791
0.01, 790
0.01, 789
0.01, 788
0.01, 787
0.01, 786
0.01, 785
0.01, 784
0.01, 783
0.01, 782
0.01, 781
0.01, 780
0.01, 779
0.01, 778
0.01, 777
0.01, 776
0.01, 775
0.01, 774
0.01, 773
0.01, 772
0.01, 771
0.01, 770
0.01, 769
0.01, 768
0.01, 767
0.01, 766
0.01, 765
0.01, 764
0.01, 763
0.01, 762
0.01, 761
0.01, 760
0.01, 759
0.01, 758
0.01, 757
0.01, 756
0.01, 755
0.01, 754
0.01, 753
0.01, 752
0.01, 751
0.01, 750
0.01, 749
0.01, 748
0.01, 747
0.01, 746
0.01, 745
0.01, 744
0.01, 743
0.01, 742
0.01, 741
0.01, 740
0.01, 739
0.01, 738
0.01, 737
0.01, 736
0.01, 735
0.01, 734
0.01, 733
0.01, 732
0.01, 731
0.01, 730
0.01, 729
0.01, 728
0.01, 727
0.01, 726
0.01, 725
0.01, 724
0.01, 723
0.01, 722
0.01, 721
0.01, 720
0.01, 719
0.01, 718
0.01, 717
0.01, 716
0.01, 715
0.01, 714
0.01, 713
0.01, 712
0.01, 711
0.01, 710
0.01, 709
0.01, 708
0.01, 707
0.01, 706
0.01, 705
0.01, 704
0.01, 703
0.01, 702
0.01, 701
0.01, 700
0.01, 699
0.01, 698
0.01, 697
0.01, 696
0.01, 695
0.01, 694
0.01, 693
0.01, 692
0.01, 691
0.01, 690
0.01, 689
0.01, 688
0.01, 687
0.01, 686
0.01, 685
0.01, 684
0.01, 683
0.01, 682
0.01, 681
0.01, 680
0.01, 679
0.01, 678
0.01, 677
0.01, 676
0.01, 675
0.01, 674
0.01, 673
0.01, 672
0.01, 671
0.01, 670
0.01, 669
0.01, 668
0.01, 667
0.01, 666
0.01, 665
0.01, 664
0.01, 663
0.01, 662
0.01, 661
0.01, 660
0.01, 659
0.01, 658
0.01, 657
0.01, 656
0.01, 655
0.01, 654
0.01, 653
0.01, 652
0.02, 651
0.02, 650
0.02, 649
0.02, 648
0.02, 647
0.02, 646
0.02, 645
0.02, 644
0.02, 643
0.02, 642
0.02, 641
0.02, 640
0.02, 639
0.02, 638
0.02, 637
0.02, 636
0.02, 635
0.02, 634
0.02, 633
0.02, 632
0.02, 631
0.02, 630
0.02, 629
0.02, 628
0.02, 627
0.02, 626
0.02, 625
0.02, 624
0.02, 623
0.02, 622
0.02, 621
0.02, 620
0.03, 619
0.03, 618
0.03, 617
0.03, 616
0.03, 615
0.04, 614
