0.01, 7609
0.01, 7608
0.01, 7607
0.01, 7606
0.01, 7605
0.01, 7604
0.01, 7603
0.01, 7602
0.01, 7601
0.01, 7600
0.01, 7599
0.01, 7598
0.01, 7597
0.01, 7596
0.01, 7595
0.01, 7594
0.01, 7593
0.01, 7592
0.01, 7591
0.01, 7590
0.01, 7589
0.01, 7588
0.01, 7587
0.01, 7586
0.01, 7585
0.01, 7584
0.01, 7583
0.01, 7582
0.01, 7581
0.01, 7580
0.01, 7579
0.01, 7578
0.01, 7577
0.01, 7576
0.01, 7575
0.01, 7574
0.01, 7573
0.01, 7572
0.01, 7571
0.01, 7570
0.01, 7569
0.01, 7568
0.01, 7567
0.01, 7566
0.01, 7565
0.01, 7564
0.01, 7563
0.01, 7562
0.01, 7561
0.01, 7560
0.01, 7559
0.01, 7558
0.01, 7557
0.01, 7556
0.01, 7555
0.01, 7554
0.01, 7553
0.01, 7552
0.01, 7551
0.01, 7550
0.01, 7549
0.01, 7548
0.01, 7547
0.01, 7546
0.01, 7545
0.01, 7544
0.01, 7543
0.01, 7542
0.01, 7541
0.01, 7540
0.01, 7539
0.01, 7538
0.01, 7537
0.01, 7536
0.01, 7535
0.01, 7534
0.01, 7533
0.01, 7532
0.01, 7531
0.01, 7530
0.01, 7529
0.01, 7528
0.01, 7527
0.01, 7526
0.01, 7525
0.01, 7524
0.01, 7523
0.01, 7522
0.01, 7521
0.01, 7520
0.01, 7519
0.01, 7518
0.01, 7517
0.01, 7516
0.01, 7515
0.01, 7514
0.01, 7513
0.01, 7512
0.01, 7511
0.01, 7510
0.01, 7509
0.01, 7508
0.01, 7507
0.01, 7506
0.01, 7505
0.01, 7504
0.01, 7503
0.01, 7502
0.01, 7501
0.01, 7500
0.01, 7499
0.01, 7498
0.01, 7497
0.01, 7496
0.01, 7495
0.01, 7494
0.01, 7493
0.01, 7492
0.01, 7491
0.01, 7490
0.01, 7489
0.01, 7488
0.01, 7487
0.01, 7486
0.01, 7485
0.01, 7484
0.01, 7483
0.01, 7482
0.01, 7481
0.01, 7480
0.01, 7479
0.01, 7478
0.01, 7477
0.01, 7476
0.01, 7475
0.01, 7474
0.01, 7473
0.02, 7472
0.02, 7471
0.02, 7470
0.02, 7469
0.02, 7468
0.02, 7467
0.02, 7466
0.02, 7465
0.02, 7464
0.02, 7463
0.02, 7462
0.02, 7461
0.02, 7460
0.02, 7459
0.02, 7458
0.02, 7457
0.02, 7456
0.02, 7455
0.02, 7454
0.02, 7453
0.02, 7452
0.02, 7451
0.02, 7450
0.02, 7449
0.02, 7448
0.02, 7447
0.02, 7446
0.02, 7445
0.02, 7444
0.02, 7443
0.02, 7442
0.02, 7441
0.02, 7440
0.02, 7439
0.02, 7438
0.02, 7437
0.02, 7436
0.02, 7435
0.02, 7434
0.02, 7433
0.02, 7432
0.02, 7431
0.02, 7430
0.02, 7429
0.02, 7428
0.02, 7427
0.02, 7426
0.02, 7425
0.02, 7424
0.02, 7423
0.02, 7422
0.02, 7421
0.02, 7420
0.02, 7419
0.02, 7418
0.02, 7417
0.02, 7416
0.02, 7415
0.02, 7414
0.02, 7413
0.02, 7412
0.02, 7411
0.02, 7410
0.02, 7409
0.02, 7408
0.02, 7407
0.02, 7406
0.02, 7405
0.02, 7404
0.02, 7403
0.02, 7402
0.02, 7401
0.02, 7400
0.02, 7399
0.02, 7398
0.02, 7397
0.02, 7396
0.02, 7395
0.02, 7394
0.02, 7393
0.02, 7392
0.02, 7391
0.02, 7390
0.02, 7389
0.02, 7388
0.02, 7387
0.02, 7386
0.02, 7385
0.02, 7384
0.02, 7383
0.02, 7382
0.02, 7381
0.02, 7380
0.02, 7379
0.02, 7378
0.02, 7377
0.02, 7376
0.02, 7375
0.02, 7374
0.02, 7373
0.02, 7372
0.02, 7371
0.02, 7370
0.03, 7369
0.03, 7368
0.03, 7367
0.03, 7366
0.03, 7365
0.03, 7364
0.03, 7363
0.03, 7362
0.03, 7361
0.03, 7360
0.03, 7359
0.03, 7358
0.03, 7357
0.03, 7356
0.03, 7355
0.03, 7354
0.03, 7353
0.03, 7352
0.03, 7351
0.03, 7350
0.03, 7349
0.03, 7348
0.03, 7347
0.03, 7346
0.03, 7345
0.03, 7344
0.03, 7343
0.03, 7342
0.03, 7341
0.03, 7340
0.03, 7339
0.03, 7338
0.03, 7337
0.03, 7336
0.03, 7335
0.03, 7334
0.03, 7333
0.03, 7332
0.03, 7331
0.03, 7330
0.03, 7329
0.03, 7328
0.03, 7327
0.03, 7326
0.03, 7325
0.03, 7324
0.03, 7323
0.03, 7322
0.03, 7321
0.03, 7320
0.03, 7319
0.03, 7318
0.03, 7317
0.03, 7316
0.03, 7315
0.03, 7314
0.03, 7313
0.03, 7312
0.03, 7311
0.03, 7310
0.03, 7309
0.03, 7308
0.03, 7307
0.03, 7306
0.03, 7305
0.03, 7304
0.03, 7303
0.03, 7302
0.03, 7301
0.03, 7300
0.03, 7299
0.03, 7298
0.03, 7297
0.03, 7296
0.03, 7295
0.03, 7294
0.03, 7293
0.03, 7292
0.03, 7291
0.03, 7290
0.03, 7289
0.03, 7288
0.03, 7287
0.03, 7286
0.04, 7285
0.04, 7284
0.04, 7283
0.04, 7282
0.04, 7281
0.04, 7280
0.04, 7279
0.04, 7278
0.04, 7277
0.04, 7276
0.04, 7275
0.04, 7274
0.04, 7273
0.04, 7272
0.04, 7271
0.04, 7270
0.04, 7269
0.04, 7268
0.04, 7267
0.04, 7266
0.04, 7265
0.04, 7264
0.04, 7263
0.04, 7262
0.04, 7261
0.04, 7260
0.04, 7259
0.04, 7258
0.04, 7257
0.04, 7256
0.04, 7255
0.04, 7254
0.04, 7253
0.04, 7252
0.04, 7251
0.04, 7250
0.04, 7249
0.04, 7248
0.04, 7247
0.04, 7246
0.04, 7245
0.04, 7244
0.04, 7243
0.04, 7242
0.04, 7241
0.04, 7240
0.04, 7239
0.04, 7238
0.04, 7237
0.04, 7236
0.04, 7235
0.04, 7234
0.04, 7233
0.04, 7232
0.04, 7231
0.04, 7230
0.04, 7229
0.04, 7228
0.04, 7227
0.04, 7226
0.04, 7225
0.04, 7224
0.04, 7223
0.04, 7222
0.04, 7221
0.04, 7220
0.04, 7219
0.04, 7218
0.04, 7217
0.04, 7216
0.04, 7215
0.04, 7214
0.04, 7213
0.04, 7212
0.04, 7211
0.04, 7210
0.04, 7209
0.04, 7208
0.04, 7207
0.04, 7206
0.04, 7205
0.04, 7204
0.04, 7203
0.04, 7202
0.04, 7201
0.05, 7200
0.05, 7199
0.05, 7198
0.05, 7197
0.05, 7196
0.05, 7195
0.05, 7194
0.05, 7193
0.05, 7192
0.05, 7191
0.05, 7190
0.05, 7189
0.05, 7188
0.05, 7187
0.05, 7186
0.05, 7185
0.05, 7184
0.05, 7183
0.05, 7182
0.05, 7181
0.05, 7180
0.05, 7179
0.05, 7178
0.05, 7177
0.05, 7176
0.05, 7175
0.05, 7174
0.05, 7173
0.05, 7172
0.05, 7171
0.05, 7170
0.05, 7169
0.05, 7168
0.05, 7167
0.05, 7166
0.05, 7165
0.05, 7164
0.05, 7163
0.05, 7162
0.05, 7161
0.05, 7160
0.05, 7159
0.05, 7158
0.05, 7157
0.05, 7156
0.05, 7155
0.05, 7154
0.05, 7153
0.05, 7152
0.05, 7151
0.05, 7150
0.05, 7149
0.05, 7148
0.05, 7147
0.05, 7146
0.05, 7145
0.05, 7144
0.05, 7143
0.05, 7142
0.05, 7141
0.05, 7140
0.05, 7139
0.05, 7138
0.05, 7137
0.05, 7136
0.05, 7135
0.05, 7134
0.05, 7133
0.05, 7132
0.05, 7131
0.05, 7130
0.05, 7129
0.05, 7128
0.05, 7127
0.05, 7126
0.05, 7125
0.05, 7124
0.05, 7123
0.05, 7122
0.05, 7121
0.05, 7120
0.05, 7119
0.05, 7118
0.05, 7117
0.06, 7116
0.06, 7115
0.06, 7114
0.06, 7113
0.06, 7112
0.06, 7111
0.06, 7110
0.06, 7109
0.06, 7108
0.06, 7107
0.06, 7106
0.06, 7105
0.06, 7104
0.06, 7103
0.06, 7102
0.06, 7101
0.06, 7100
0.06, 7099
0.06, 7098
0.06, 7097
0.06, 7096
0.06, 7095
0.06, 7094
0.06, 7093
0.06, 7092
0.06, 7091
0.06, 7090
0.06, 7089
0.06, 7088
0.06, 7087
0.06, 7086
0.06, 7085
0.06, 7084
0.06, 7083
0.06, 7082
0.06, 7081
0.06, 7080
0.06, 7079
0.06, 7078
0.06, 7077
0.06, 7076
0.06, 7075
0.06, 7074
0.06, 7073
0.06, 7072
0.06, 7071
0.06, 7070
0.06, 7069
0.06, 7068
0.06, 7067
0.06, 7066
0.06, 7065
0.06, 7064
0.06, 7063
0.06, 7062
0.06, 7061
0.06, 7060
0.06, 7059
0.06, 7058
0.06, 7057
0.06, 7056
0.06, 7055
0.06, 7054
0.06, 7053
0.06, 7052
0.06, 7051
0.06, 7050
0.06, 7049
0.06, 7048
0.06, 7047
0.06, 7046
0.06, 7045
0.06, 7044
0.06, 7043
0.06, 7042
0.06, 7041
0.06, 7040
0.06, 7039
0.06, 7038
0.06, 7037
0.06, 7036
0.06, 7035
0.07, 7034
0.07, 7033
0.07, 7032
0.07, 7031
0.07, 7030
0.07, 7029
0.07, 7028
0.07, 7027
0.07, 7026
0.07, 7025
0.07, 7024
0.07, 7023
0.07, 7022
0.07, 7021
0.07, 7020
0.07, 7019
0.07, 7018
0.07, 7017
0.07, 7016
0.07, 7015
0.07, 7014
0.07, 7013
0.07, 7012
0.07, 7011
0.07, 7010
0.07, 7009
0.07, 7008
0.07, 7007
0.07, 7006
0.07, 7005
0.07, 7004
0.07, 7003
0.07, 7002
0.07, 7001
0.07, 7000
0.07, 6999
0.07, 6998
0.07, 6997
0.07, 6996
0.07, 6995
0.07, 6994
0.07, 6993
0.07, 6992
0.07, 6991
0.07, 6990
0.07, 6989
0.07, 6988
0.07, 6987
0.07, 6986
0.07, 6985
0.07, 6984
0.07, 6983
0.07, 6982
0.07, 6981
0.07, 6980
0.07, 6979
0.07, 6978
0.07, 6977
0.07, 6976
0.07, 6975
0.07, 6974
0.07, 6973
0.07, 6972
0.07, 6971
0.07, 6970
0.07, 6969
0.07, 6968
0.07, 6967
0.07, 6966
0.07, 6965
0.07, 6964
0.07, 6963
0.07, 6962
0.07, 6961
0.07, 6960
0.07, 6959
0.07, 6958
0.07, 6957
0.07, 6956
0.07, 6955
0.07, 6954
0.07, 6953
0.07, 6952
0.07, 6951
0.07, 6950
0.07, 6949
0.07, 6948
0.07, 6947
0.07, 6946
0.07, 6945
0.07, 6944
0.08, 6943
0.08, 6942
0.08, 6941
0.08, 6940
0.08, 6939
0.08, 6938
0.08, 6937
0.08, 6936
0.08, 6935
0.08, 6934
0.08, 6933
0.08, 6932
0.08, 6931
0.08, 6930
0.08, 6929
0.08, 6928
0.08, 6927
0.08, 6926
0.08, 6925
0.08, 6924
0.08, 6923
0.08, 6922
0.08, 6921
0.08, 6920
0.08, 6919
0.08, 6918
0.08, 6917
0.08, 6916
0.08, 6915
0.08, 6914
0.08, 6913
0.08, 6912
0.08, 6911
0.08, 6910
0.08, 6909
0.08, 6908
0.08, 6907
0.08, 6906
0.08, 6905
0.08, 6904
0.08, 6903
0.08, 6902
0.08, 6901
0.08, 6900
0.08, 6899
0.08, 6898
0.08, 6897
0.08, 6896
0.08, 6895
0.08, 6894
0.08, 6893
0.08, 6892
0.08, 6891
0.08, 6890
0.08, 6889
0.08, 6888
0.08, 6887
0.08, 6886
0.08, 6885
0.08, 6884
0.08, 6883
0.08, 6882
0.08, 6881
0.08, 6880
0.08, 6879
0.08, 6878
0.08, 6877
0.08, 6876
0.08, 6875
0.08, 6874
0.08, 6873
0.08, 6872
0.08, 6871
0.08, 6870
0.08, 6869
0.08, 6868
0.08, 6867
0.08, 6866
0.08, 6865
0.09, 6864
0.09, 6863
0.09, 6862
0.09, 6861
0.09, 6860
0.09, 6859
0.09, 6858
0.09, 6857
0.09, 6856
0.09, 6855
0.09, 6854
0.09, 6853
0.09, 6852
0.09, 6851
0.09, 6850
0.09, 6849
0.09, 6848
0.09, 6847
0.09, 6846
0.09, 6845
0.09, 6844
0.09, 6843
0.09, 6842
0.09, 6841
0.09, 6840
0.09, 6839
0.09, 6838
0.09, 6837
0.09, 6836
0.09, 6835
0.09, 6834
0.09, 6833
0.09, 6832
0.09, 6831
0.09, 6830
0.09, 6829
0.09, 6828
0.09, 6827
0.09, 6826
0.09, 6825
0.09, 6824
0.09, 6823
0.09, 6822
0.09, 6821
0.09, 6820
0.09, 6819
0.09, 6818
0.09, 6817
0.09, 6816
0.09, 6815
0.09, 6814
0.09, 6813
0.09, 6812
0.09, 6811
0.09, 6810
0.09, 6809
0.09, 6808
0.09, 6807
0.09, 6806
0.09, 6805
0.09, 6804
0.09, 6803
0.09, 6802
0.09, 6801
0.09, 6800
0.09, 6799
0.09, 6798
0.09, 6797
0.09, 6796
0.09, 6795
0.09, 6794
0.09, 6793
0.09, 6792
0.09, 6791
0.09, 6790
0.09, 6789
0.10, 6788
0.10, 6787
0.10, 6786
0.10, 6785
0.10, 6784
0.10, 6783
0.10, 6782
0.10, 6781
0.10, 6780
0.10, 6779
0.10, 6778
0.10, 6777
0.10, 6776
0.10, 6775
0.10, 6774
0.10, 6773
0.10, 6772
0.10, 6771
0.10, 6770
0.10, 6769
0.10, 6768
0.10, 6767
0.10, 6766
0.10, 6765
0.10, 6764
0.10, 6763
0.10, 6762
0.10, 6761
0.10, 6760
0.10, 6759
0.10, 6758
0.10, 6757
0.10, 6756
0.10, 6755
0.10, 6754
0.10, 6753
0.10, 6752
0.10, 6751
0.10, 6750
0.10, 6749
0.10, 6748
0.10, 6747
0.10, 6746
0.10, 6745
0.10, 6744
0.10, 6743
0.10, 6742
0.10, 6741
0.10, 6740
0.10, 6739
0.10, 6738
0.10, 6737
0.10, 6736
0.10, 6735
0.10, 6734
0.10, 6733
0.10, 6732
0.10, 6731
0.10, 6730
0.10, 6729
0.10, 6728
0.10, 6727
0.10, 6726
0.10, 6725
0.10, 6724
0.10, 6723
0.10, 6722
0.10, 6721
0.10, 6720
0.10, 6719
0.10, 6718
0.10, 6717
0.10, 6716
0.10, 6715
0.10, 6714
0.10, 6713
0.10, 6712
0.10, 6711
0.10, 6710
0.10, 6709
0.10, 6708
0.10, 6707
0.10, 6706
0.10, 6705
0.10, 6704
0.10, 6703
0.10, 6702
0.10, 6701
0.10, 6700
0.10, 6699
0.10, 6698
0.10, 6697
0.10, 6696
0.10, 6695
0.11, 6694
0.11, 6693
0.11, 6692
0.11, 6691
0.11, 6690
0.11, 6689
0.11, 6688
0.11, 6687
0.11, 6686
0.11, 6685
0.11, 6684
0.11, 6683
0.11, 6682
0.11, 6681
0.11, 6680
0.11, 6679
0.11, 6678
0.11, 6677
0.11, 6676
0.11, 6675
0.11, 6674
0.11, 6673
0.11, 6672
0.11, 6671
0.11, 6670
0.11, 6669
0.11, 6668
0.11, 6667
0.11, 6666
0.11, 6665
0.11, 6664
0.11, 6663
0.11, 6662
0.11, 6661
0.11, 6660
0.11, 6659
0.11, 6658
0.11, 6657
0.11, 6656
0.11, 6655
0.11, 6654
0.11, 6653
0.11, 6652
0.11, 6651
0.11, 6650
0.11, 6649
0.11, 6648
0.11, 6647
0.11, 6646
0.11, 6645
0.11, 6644
0.11, 6643
0.11, 6642
0.11, 6641
0.11, 6640
0.11, 6639
0.11, 6638
0.11, 6637
0.11, 6636
0.11, 6635
0.11, 6634
0.11, 6633
0.11, 6632
0.11, 6631
0.11, 6630
0.11, 6629
0.11, 6628
0.11, 6627
0.11, 6626
0.11, 6625
0.11, 6624
0.11, 6623
0.11, 6622
0.11, 6621
0.11, 6620
0.11, 6619
0.11, 6618
0.11, 6617
0.11, 6616
0.11, 6615
0.12, 6614
0.12, 6613
0.12, 6612
0.12, 6611
0.12, 6610
0.12, 6609
0.12, 6608
0.12, 6607
0.12, 6606
0.12, 6605
0.12, 6604
0.12, 6603
0.12, 6602
0.12, 6601
0.12, 6600
0.12, 6599
0.12, 6598
0.12, 6597
0.12, 6596
0.12, 6595
0.12, 6594
0.12, 6593
0.12, 6592
0.12, 6591
0.12, 6590
0.12, 6589
0.12, 6588
0.12, 6587
0.12, 6586
0.12, 6585
0.12, 6584
0.12, 6583
0.12, 6582
0.12, 6581
0.12, 6580
0.12, 6579
0.12, 6578
0.12, 6577
0.12, 6576
0.12, 6575
0.12, 6574
0.12, 6573
0.12, 6572
0.12, 6571
0.12, 6570
0.12, 6569
0.12, 6568
0.12, 6567
0.12, 6566
0.12, 6565
0.12, 6564
0.12, 6563
0.12, 6562
0.12, 6561
0.12, 6560
0.12, 6559
0.12, 6558
0.12, 6557
0.12, 6556
0.12, 6555
0.12, 6554
0.12, 6553
0.12, 6552
0.12, 6551
0.12, 6550
0.12, 6549
0.12, 6548
0.12, 6547
0.12, 6546
0.12, 6545
0.12, 6544
0.12, 6543
0.12, 6542
0.12, 6541
0.12, 6540
0.12, 6539
0.12, 6538
0.12, 6537
0.12, 6536
0.12, 6535
0.12, 6534
0.12, 6533
0.12, 6532
0.12, 6531
0.12, 6530
0.13, 6529
0.13, 6528
0.13, 6527
0.13, 6526
0.13, 6525
0.13, 6524
0.13, 6523
0.13, 6522
0.13, 6521
0.13, 6520
0.13, 6519
0.13, 6518
0.13, 6517
0.13, 6516
0.13, 6515
0.13, 6514
0.13, 6513
0.13, 6512
0.13, 6511
0.13, 6510
0.13, 6509
0.13, 6508
0.13, 6507
0.13, 6506
0.13, 6505
0.13, 6504
0.13, 6503
0.13, 6502
0.13, 6501
0.13, 6500
0.13, 6499
0.13, 6498
0.13, 6497
0.13, 6496
0.13, 6495
0.13, 6494
0.13, 6493
0.13, 6492
0.13, 6491
0.13, 6490
0.13, 6489
0.13, 6488
0.13, 6487
0.13, 6486
0.13, 6485
0.13, 6484
0.13, 6483
0.13, 6482
0.13, 6481
0.13, 6480
0.13, 6479
0.13, 6478
0.13, 6477
0.13, 6476
0.13, 6475
0.13, 6474
0.13, 6473
0.13, 6472
0.13, 6471
0.13, 6470
0.13, 6469
0.13, 6468
0.13, 6467
0.13, 6466
0.13, 6465
0.13, 6464
0.13, 6463
0.13, 6462
0.13, 6461
0.13, 6460
0.13, 6459
0.13, 6458
0.13, 6457
0.13, 6456
0.13, 6455
0.13, 6454
0.13, 6453
0.13, 6452
0.13, 6451
0.14, 6450
0.14, 6449
0.14, 6448
0.14, 6447
0.14, 6446
0.14, 6445
0.14, 6444
0.14, 6443
0.14, 6442
0.14, 6441
0.14, 6440
0.14, 6439
0.14, 6438
0.14, 6437
0.14, 6436
0.14, 6435
0.14, 6434
0.14, 6433
0.14, 6432
0.14, 6431
0.14, 6430
0.14, 6429
0.14, 6428
0.14, 6427
0.14, 6426
0.14, 6425
0.14, 6424
0.14, 6423
0.14, 6422
0.14, 6421
0.14, 6420
0.14, 6419
0.14, 6418
0.14, 6417
0.14, 6416
0.14, 6415
0.14, 6414
0.14, 6413
0.14, 6412
0.14, 6411
0.14, 6410
0.14, 6409
0.14, 6408
0.14, 6407
0.14, 6406
0.14, 6405
0.14, 6404
0.14, 6403
0.14, 6402
0.14, 6401
0.14, 6400
0.14, 6399
0.14, 6398
0.14, 6397
0.14, 6396
0.14, 6395
0.14, 6394
0.14, 6393
0.14, 6392
0.14, 6391
0.14, 6390
0.14, 6389
0.14, 6388
0.14, 6387
0.14, 6386
0.14, 6385
0.14, 6384
0.14, 6383
0.14, 6382
0.14, 6381
0.14, 6380
0.14, 6379
0.14, 6378
0.14, 6377
0.14, 6376
0.14, 6375
0.14, 6374
0.14, 6373
0.14, 6372
0.14, 6371
0.14, 6370
0.14, 6369
0.14, 6368
0.14, 6367
0.14, 6366
0.14, 6365
0.14, 6364
0.14, 6363
0.14, 6362
0.15, 6361
0.15, 6360
0.15, 6359
0.15, 6358
0.15, 6357
0.15, 6356
0.15, 6355
0.15, 6354
0.15, 6353
0.15, 6352
0.15, 6351
0.15, 6350
0.15, 6349
0.15, 6348
0.15, 6347
0.15, 6346
0.15, 6345
0.15, 6344
0.15, 6343
0.15, 6342
0.15, 6341
0.15, 6340
0.15, 6339
0.15, 6338
0.15, 6337
0.15, 6336
0.15, 6335
0.15, 6334
0.15, 6333
0.15, 6332
0.15, 6331
0.15, 6330
0.15, 6329
0.15, 6328
0.15, 6327
0.15, 6326
0.15, 6325
0.15, 6324
0.15, 6323
0.15, 6322
0.15, 6321
0.15, 6320
0.15, 6319
0.15, 6318
0.15, 6317
0.15, 6316
0.15, 6315
0.15, 6314
0.15, 6313
0.15, 6312
0.15, 6311
0.15, 6310
0.15, 6309
0.15, 6308
0.15, 6307
0.15, 6306
0.15, 6305
0.15, 6304
0.15, 6303
0.15, 6302
0.15, 6301
0.15, 6300
0.15, 6299
0.15, 6298
0.15, 6297
0.15, 6296
0.15, 6295
0.15, 6294
0.15, 6293
0.15, 6292
0.15, 6291
0.15, 6290
0.15, 6289
0.15, 6288
0.15, 6287
0.15, 6286
0.15, 6285
0.15, 6284
0.15, 6283
0.15, 6282
0.15, 6281
0.15, 6280
0.15, 6279
0.15, 6278
0.15, 6277
0.15, 6276
0.15, 6275
0.16, 6274
0.16, 6273
0.16, 6272
0.16, 6271
0.16, 6270
0.16, 6269
0.16, 6268
0.16, 6267
0.16, 6266
0.16, 6265
0.16, 6264
0.16, 6263
0.16, 6262
0.16, 6261
0.16, 6260
0.16, 6259
0.16, 6258
0.16, 6257
0.16, 6256
0.16, 6255
0.16, 6254
0.16, 6253
0.16, 6252
0.16, 6251
0.16, 6250
0.16, 6249
0.16, 6248
0.16, 6247
0.16, 6246
0.16, 6245
0.16, 6244
0.16, 6243
0.16, 6242
0.16, 6241
0.16, 6240
0.16, 6239
0.16, 6238
0.16, 6237
0.16, 6236
0.16, 6235
0.16, 6234
0.16, 6233
0.16, 6232
0.16, 6231
0.16, 6230
0.16, 6229
0.16, 6228
0.16, 6227
0.16, 6226
0.16, 6225
0.16, 6224
0.16, 6223
0.16, 6222
0.16, 6221
0.16, 6220
0.16, 6219
0.16, 6218
0.16, 6217
0.16, 6216
0.16, 6215
0.16, 6214
0.16, 6213
0.16, 6212
0.16, 6211
0.16, 6210
0.16, 6209
0.16, 6208
0.16, 6207
0.16, 6206
0.16, 6205
0.16, 6204
0.16, 6203
0.16, 6202
0.16, 6201
0.16, 6200
0.16, 6199
0.16, 6198
0.16, 6197
0.16, 6196
0.16, 6195
0.16, 6194
0.16, 6193
0.16, 6192
0.16, 6191
0.16, 6190
0.16, 6189
0.16, 6188
0.16, 6187
0.16, 6186
0.16, 6185
0.16, 6184
0.16, 6183
0.16, 6182
0.16, 6181
0.16, 6180
0.16, 6179
0.16, 6178
0.16, 6177
0.16, 6176
0.17, 6175
0.17, 6174
0.17, 6173
0.17, 6172
0.17, 6171
0.17, 6170
0.17, 6169
0.17, 6168
0.17, 6167
0.17, 6166
0.17, 6165
0.17, 6164
0.17, 6163
0.17, 6162
0.17, 6161
0.17, 6160
0.17, 6159
0.17, 6158
0.17, 6157
0.17, 6156
0.17, 6155
0.17, 6154
0.17, 6153
0.17, 6152
0.17, 6151
0.17, 6150
0.17, 6149
0.17, 6148
0.17, 6147
0.17, 6146
0.17, 6145
0.17, 6144
0.17, 6143
0.17, 6142
0.17, 6141
0.17, 6140
0.17, 6139
0.17, 6138
0.17, 6137
0.17, 6136
0.17, 6135
0.17, 6134
0.17, 6133
0.17, 6132
0.17, 6131
0.17, 6130
0.17, 6129
0.17, 6128
0.17, 6127
0.17, 6126
0.17, 6125
0.17, 6124
0.17, 6123
0.17, 6122
0.17, 6121
0.17, 6120
0.17, 6119
0.17, 6118
0.17, 6117
0.17, 6116
0.17, 6115
0.17, 6114
0.17, 6113
0.17, 6112
0.17, 6111
0.17, 6110
0.17, 6109
0.17, 6108
0.17, 6107
0.17, 6106
0.17, 6105
0.17, 6104
0.17, 6103
0.17, 6102
0.17, 6101
0.17, 6100
0.17, 6099
0.17, 6098
0.17, 6097
0.17, 6096
0.17, 6095
0.17, 6094
0.17, 6093
0.17, 6092
0.17, 6091
0.17, 6090
0.17, 6089
0.17, 6088
0.17, 6087
0.17, 6086
0.17, 6085
0.17, 6084
0.17, 6083
0.17, 6082
0.17, 6081
0.17, 6080
0.17, 6079
0.18, 6078
0.18, 6077
0.18, 6076
0.18, 6075
0.18, 6074
0.18, 6073
0.18, 6072
0.18, 6071
0.18, 6070
0.18, 6069
0.18, 6068
0.18, 6067
0.18, 6066
0.18, 6065
0.18, 6064
0.18, 6063
0.18, 6062
0.18, 6061
0.18, 6060
0.18, 6059
0.18, 6058
0.18, 6057
0.18, 6056
0.18, 6055
0.18, 6054
0.18, 6053
0.18, 6052
0.18, 6051
0.18, 6050
0.18, 6049
0.18, 6048
0.18, 6047
0.18, 6046
0.18, 6045
0.18, 6044
0.18, 6043
0.18, 6042
0.18, 6041
0.18, 6040
0.18, 6039
0.18, 6038
0.18, 6037
0.18, 6036
0.18, 6035
0.18, 6034
0.18, 6033
0.18, 6032
0.18, 6031
0.18, 6030
0.18, 6029
0.18, 6028
0.18, 6027
0.18, 6026
0.18, 6025
0.18, 6024
0.18, 6023
0.18, 6022
0.18, 6021
0.18, 6020
0.18, 6019
0.18, 6018
0.18, 6017
0.18, 6016
0.18, 6015
0.18, 6014
0.18, 6013
0.18, 6012
0.18, 6011
0.18, 6010
0.18, 6009
0.18, 6008
0.18, 6007
0.19, 6006
0.19, 6005
0.19, 6004
0.19, 6003
0.19, 6002
0.19, 6001
0.19, 6000
0.19, 5999
0.19, 5998
0.19, 5997
0.19, 5996
0.19, 5995
0.19, 5994
0.19, 5993
0.19, 5992
0.19, 5991
0.19, 5990
0.19, 5989
0.19, 5988
0.19, 5987
0.19, 5986
0.19, 5985
0.19, 5984
0.19, 5983
0.19, 5982
0.19, 5981
0.19, 5980
0.19, 5979
0.19, 5978
0.19, 5977
0.19, 5976
0.19, 5975
0.19, 5974
0.19, 5973
0.19, 5972
0.19, 5971
0.19, 5970
0.19, 5969
0.19, 5968
0.19, 5967
0.19, 5966
0.19, 5965
0.19, 5964
0.19, 5963
0.19, 5962
0.19, 5961
0.19, 5960
0.19, 5959
0.19, 5958
0.19, 5957
0.19, 5956
0.19, 5955
0.19, 5954
0.19, 5953
0.19, 5952
0.19, 5951
0.19, 5950
0.19, 5949
0.19, 5948
0.19, 5947
0.19, 5946
0.19, 5945
0.19, 5944
0.19, 5943
0.19, 5942
0.19, 5941
0.20, 5940
0.20, 5939
0.20, 5938
0.20, 5937
0.20, 5936
0.20, 5935
0.20, 5934
0.20, 5933
0.20, 5932
0.20, 5931
0.20, 5930
0.20, 5929
0.20, 5928
0.20, 5927
0.20, 5926
0.20, 5925
0.20, 5924
0.20, 5923
0.20, 5922
0.20, 5921
0.20, 5920
0.20, 5919
0.20, 5918
0.20, 5917
0.20, 5916
0.20, 5915
0.20, 5914
0.20, 5913
0.20, 5912
0.20, 5911
0.20, 5910
0.20, 5909
0.20, 5908
0.20, 5907
0.20, 5906
0.20, 5905
0.20, 5904
0.20, 5903
0.20, 5902
0.20, 5901
0.20, 5900
0.20, 5899
0.20, 5898
0.20, 5897
0.20, 5896
0.20, 5895
0.20, 5894
0.20, 5893
0.20, 5892
0.20, 5891
0.20, 5890
0.20, 5889
0.20, 5888
0.20, 5887
0.20, 5886
0.20, 5885
0.20, 5884
0.20, 5883
0.20, 5882
0.21, 5881
0.21, 5880
0.21, 5879
0.21, 5878
0.21, 5877
0.21, 5876
0.21, 5875
0.21, 5874
0.21, 5873
0.21, 5872
0.21, 5871
0.21, 5870
0.21, 5869
0.21, 5868
0.21, 5867
0.21, 5866
0.21, 5865
0.21, 5864
0.21, 5863
0.21, 5862
0.21, 5861
0.21, 5860
0.21, 5859
0.21, 5858
0.21, 5857
0.21, 5856
0.21, 5855
0.21, 5854
0.21, 5853
0.21, 5852
0.21, 5851
0.21, 5850
0.21, 5849
0.21, 5848
0.21, 5847
0.21, 5846
0.21, 5845
0.21, 5844
0.21, 5843
0.21, 5842
0.21, 5841
0.21, 5840
0.21, 5839
0.21, 5838
0.21, 5837
0.21, 5836
0.21, 5835
0.21, 5834
0.21, 5833
0.21, 5832
0.21, 5831
0.21, 5830
0.21, 5829
0.21, 5828
0.21, 5827
0.21, 5826
0.21, 5825
0.21, 5824
0.21, 5823
0.21, 5822
0.21, 5821
0.21, 5820
0.21, 5819
0.21, 5818
0.22, 5817
0.22, 5816
0.22, 5815
0.22, 5814
0.22, 5813
0.22, 5812
0.22, 5811
0.22, 5810
0.22, 5809
0.22, 5808
0.22, 5807
0.22, 5806
0.22, 5805
0.22, 5804
0.22, 5803
0.22, 5802
0.22, 5801
0.22, 5800
0.22, 5799
0.22, 5798
0.22, 5797
0.22, 5796
0.22, 5795
0.22, 5794
0.22, 5793
0.22, 5792
0.22, 5791
0.22, 5790
0.22, 5789
0.22, 5788
0.22, 5787
0.22, 5786
0.22, 5785
0.22, 5784
0.22, 5783
0.22, 5782
0.22, 5781
0.22, 5780
0.22, 5779
0.22, 5778
0.22, 5777
0.22, 5776
0.22, 5775
0.22, 5774
0.22, 5773
0.22, 5772
0.22, 5771
0.22, 5770
0.22, 5769
0.22, 5768
0.22, 5767
0.22, 5766
0.22, 5765
0.22, 5764
0.22, 5763
0.23, 5762
0.23, 5761
0.23, 5760
0.23, 5759
0.23, 5758
0.23, 5757
0.23, 5756
0.23, 5755
0.23, 5754
0.23, 5753
0.23, 5752
0.23, 5751
0.23, 5750
0.23, 5749
0.23, 5748
0.23, 5747
0.23, 5746
0.23, 5745
0.23, 5744
0.23, 5743
0.23, 5742
0.23, 5741
0.23, 5740
0.23, 5739
0.23, 5738
0.23, 5737
0.23, 5736
0.23, 5735
0.23, 5734
0.23, 5733
0.23, 5732
0.23, 5731
0.23, 5730
0.23, 5729
0.23, 5728
0.23, 5727
0.23, 5726
0.23, 5725
0.23, 5724
0.23, 5723
0.23, 5722
0.23, 5721
0.23, 5720
0.23, 5719
0.23, 5718
0.23, 5717
0.23, 5716
0.23, 5715
0.23, 5714
0.23, 5713
0.23, 5712
0.23, 5711
0.23, 5710
0.23, 5709
0.23, 5708
0.23, 5707
0.23, 5706
0.23, 5705
0.23, 5704
0.23, 5703
0.23, 5702
0.23, 5701
0.23, 5700
0.23, 5699
0.23, 5698
0.23, 5697
0.23, 5696
0.23, 5695
0.23, 5694
0.23, 5693
0.23, 5692
0.23, 5691
0.23, 5690
0.23, 5689
0.23, 5688
0.23, 5687
0.23, 5686
0.24, 5685
0.24, 5684
0.24, 5683
0.24, 5682
0.24, 5681
0.24, 5680
0.24, 5679
0.24, 5678
0.24, 5677
0.24, 5676
0.24, 5675
0.24, 5674
0.24, 5673
0.24, 5672
0.24, 5671
0.24, 5670
0.24, 5669
0.24, 5668
0.24, 5667
0.24, 5666
0.24, 5665
0.24, 5664
0.24, 5663
0.24, 5662
0.24, 5661
0.24, 5660
0.24, 5659
0.24, 5658
0.24, 5657
0.24, 5656
0.24, 5655
0.24, 5654
0.24, 5653
0.24, 5652
0.24, 5651
0.24, 5650
0.24, 5649
0.24, 5648
0.24, 5647
0.24, 5646
0.24, 5645
0.24, 5644
0.24, 5643
0.24, 5642
0.24, 5641
0.24, 5640
0.24, 5639
0.24, 5638
0.24, 5637
0.24, 5636
0.24, 5635
0.24, 5634
0.24, 5633
0.24, 5632
0.24, 5631
0.24, 5630
0.24, 5629
0.24, 5628
0.24, 5627
0.24, 5626
0.24, 5625
0.24, 5624
0.25, 5623
0.25, 5622
0.25, 5621
0.25, 5620
0.25, 5619
0.25, 5618
0.25, 5617
0.25, 5616
0.25, 5615
0.25, 5614
0.25, 5613
0.25, 5612
0.25, 5611
0.25, 5610
0.25, 5609
0.25, 5608
0.25, 5607
0.25, 5606
0.25, 5605
0.25, 5604
0.25, 5603
0.25, 5602
0.25, 5601
0.25, 5600
0.25, 5599
0.25, 5598
0.25, 5597
0.25, 5596
0.25, 5595
0.25, 5594
0.25, 5593
0.25, 5592
0.25, 5591
0.25, 5590
0.25, 5589
0.25, 5588
0.25, 5587
0.25, 5586
0.25, 5585
0.25, 5584
0.25, 5583
0.25, 5582
0.25, 5581
0.25, 5580
0.25, 5579
0.25, 5578
0.25, 5577
0.25, 5576
0.25, 5575
0.25, 5574
0.25, 5573
0.25, 5572
0.25, 5571
0.25, 5570
0.25, 5569
0.25, 5568
0.25, 5567
0.25, 5566
0.25, 5565
0.25, 5564
0.25, 5563
0.25, 5562
0.25, 5561
0.26, 5560
0.26, 5559
0.26, 5558
0.26, 5557
0.26, 5556
0.26, 5555
0.26, 5554
0.26, 5553
0.26, 5552
0.26, 5551
0.26, 5550
0.26, 5549
0.26, 5548
0.26, 5547
0.26, 5546
0.26, 5545
0.26, 5544
0.26, 5543
0.26, 5542
0.26, 5541
0.26, 5540
0.26, 5539
0.26, 5538
0.26, 5537
0.26, 5536
0.26, 5535
0.26, 5534
0.26, 5533
0.26, 5532
0.26, 5531
0.26, 5530
0.26, 5529
0.26, 5528
0.26, 5527
0.26, 5526
0.26, 5525
0.26, 5524
0.26, 5523
0.26, 5522
0.26, 5521
0.26, 5520
0.26, 5519
0.26, 5518
0.26, 5517
0.26, 5516
0.26, 5515
0.26, 5514
0.26, 5513
0.26, 5512
0.26, 5511
0.26, 5510
0.26, 5509
0.26, 5508
0.26, 5507
0.26, 5506
0.26, 5505
0.26, 5504
0.26, 5503
0.26, 5502
0.26, 5501
0.26, 5500
0.26, 5499
0.26, 5498
0.26, 5497
0.26, 5496
0.26, 5495
0.26, 5494
0.26, 5493
0.26, 5492
0.26, 5491
0.26, 5490
0.26, 5489
0.26, 5488
0.26, 5487
0.26, 5486
0.26, 5485
0.27, 5484
0.27, 5483
0.27, 5482
0.27, 5481
0.27, 5480
0.27, 5479
0.27, 5478
0.27, 5477
0.27, 5476
0.27, 5475
0.27, 5474
0.27, 5473
0.27, 5472
0.27, 5471
0.27, 5470
0.27, 5469
0.27, 5468
0.27, 5467
0.27, 5466
0.27, 5465
0.27, 5464
0.27, 5463
0.27, 5462
0.27, 5461
0.27, 5460
0.27, 5459
0.27, 5458
0.27, 5457
0.27, 5456
0.27, 5455
0.27, 5454
0.27, 5453
0.27, 5452
0.27, 5451
0.27, 5450
0.27, 5449
0.27, 5448
0.27, 5447
0.27, 5446
0.27, 5445
0.27, 5444
0.27, 5443
0.27, 5442
0.27, 5441
0.27, 5440
0.27, 5439
0.27, 5438
0.27, 5437
0.27, 5436
0.27, 5435
0.27, 5434
0.27, 5433
0.27, 5432
0.27, 5431
0.27, 5430
0.27, 5429
0.27, 5428
0.27, 5427
0.27, 5426
0.27, 5425
0.27, 5424
0.28, 5423
0.28, 5422
0.28, 5421
0.28, 5420
0.28, 5419
0.28, 5418
0.28, 5417
0.28, 5416
0.28, 5415
0.28, 5414
0.28, 5413
0.28, 5412
0.28, 5411
0.28, 5410
0.28, 5409
0.28, 5408
0.28, 5407
0.28, 5406
0.28, 5405
0.28, 5404
0.28, 5403
0.28, 5402
0.28, 5401
0.28, 5400
0.28, 5399
0.28, 5398
0.28, 5397
0.28, 5396
0.28, 5395
0.28, 5394
0.28, 5393
0.28, 5392
0.28, 5391
0.28, 5390
0.28, 5389
0.28, 5388
0.28, 5387
0.28, 5386
0.28, 5385
0.28, 5384
0.28, 5383
0.28, 5382
0.28, 5381
0.28, 5380
0.28, 5379
0.28, 5378
0.28, 5377
0.28, 5376
0.28, 5375
0.28, 5374
0.28, 5373
0.28, 5372
0.28, 5371
0.28, 5370
0.28, 5369
0.28, 5368
0.28, 5367
0.28, 5366
0.28, 5365
0.28, 5364
0.28, 5363
0.28, 5362
0.28, 5361
0.28, 5360
0.28, 5359
0.28, 5358
0.28, 5357
0.28, 5356
0.28, 5355
0.28, 5354
0.29, 5353
0.29, 5352
0.29, 5351
0.29, 5350
0.29, 5349
0.29, 5348
0.29, 5347
0.29, 5346
0.29, 5345
0.29, 5344
0.29, 5343
0.29, 5342
0.29, 5341
0.29, 5340
0.29, 5339
0.29, 5338
0.29, 5337
0.29, 5336
0.29, 5335
0.29, 5334
0.29, 5333
0.29, 5332
0.29, 5331
0.29, 5330
0.29, 5329
0.29, 5328
0.29, 5327
0.29, 5326
0.29, 5325
0.29, 5324
0.29, 5323
0.29, 5322
0.29, 5321
0.29, 5320
0.29, 5319
0.29, 5318
0.29, 5317
0.29, 5316
0.29, 5315
0.29, 5314
0.29, 5313
0.29, 5312
0.29, 5311
0.29, 5310
0.29, 5309
0.29, 5308
0.29, 5307
0.29, 5306
0.29, 5305
0.29, 5304
0.29, 5303
0.29, 5302
0.29, 5301
0.29, 5300
0.29, 5299
0.29, 5298
0.29, 5297
0.29, 5296
0.29, 5295
0.29, 5294
0.29, 5293
0.29, 5292
0.29, 5291
0.29, 5290
0.30, 5289
0.30, 5288
0.30, 5287
0.30, 5286
0.30, 5285
0.30, 5284
0.30, 5283
0.30, 5282
0.30, 5281
0.30, 5280
0.30, 5279
0.30, 5278
0.30, 5277
0.30, 5276
0.30, 5275
0.30, 5274
0.30, 5273
0.30, 5272
0.30, 5271
0.30, 5270
0.30, 5269
0.30, 5268
0.30, 5267
0.30, 5266
0.30, 5265
0.30, 5264
0.30, 5263
0.30, 5262
0.30, 5261
0.30, 5260
0.30, 5259
0.30, 5258
0.30, 5257
0.30, 5256
0.30, 5255
0.30, 5254
0.30, 5253
0.30, 5252
0.30, 5251
0.30, 5250
0.30, 5249
0.30, 5248
0.30, 5247
0.30, 5246
0.30, 5245
0.30, 5244
0.30, 5243
0.30, 5242
0.30, 5241
0.30, 5240
0.30, 5239
0.30, 5238
0.30, 5237
0.30, 5236
0.30, 5235
0.30, 5234
0.30, 5233
0.30, 5232
0.30, 5231
0.30, 5230
0.30, 5229
0.30, 5228
0.30, 5227
0.30, 5226
0.30, 5225
0.30, 5224
0.30, 5223
0.30, 5222
0.30, 5221
0.31, 5220
0.31, 5219
0.31, 5218
0.31, 5217
0.31, 5216
0.31, 5215
0.31, 5214
0.31, 5213
0.31, 5212
0.31, 5211
0.31, 5210
0.31, 5209
0.31, 5208
0.31, 5207
0.31, 5206
0.31, 5205
0.31, 5204
0.31, 5203
0.31, 5202
0.31, 5201
0.31, 5200
0.31, 5199
0.31, 5198
0.31, 5197
0.31, 5196
0.31, 5195
0.31, 5194
0.31, 5193
0.31, 5192
0.31, 5191
0.31, 5190
0.31, 5189
0.31, 5188
0.31, 5187
0.31, 5186
0.31, 5185
0.31, 5184
0.31, 5183
0.31, 5182
0.31, 5181
0.31, 5180
0.31, 5179
0.31, 5178
0.31, 5177
0.31, 5176
0.31, 5175
0.31, 5174
0.31, 5173
0.31, 5172
0.31, 5171
0.31, 5170
0.31, 5169
0.31, 5168
0.31, 5167
0.31, 5166
0.31, 5165
0.31, 5164
0.31, 5163
0.31, 5162
0.31, 5161
0.31, 5160
0.31, 5159
0.31, 5158
0.31, 5157
0.31, 5156
0.31, 5155
0.31, 5154
0.31, 5153
0.31, 5152
0.31, 5151
0.31, 5150
0.31, 5149
0.31, 5148
0.31, 5147
0.31, 5146
0.31, 5145
0.31, 5144
0.32, 5143
0.32, 5142
0.32, 5141
0.32, 5140
0.32, 5139
0.32, 5138
0.32, 5137
0.32, 5136
0.32, 5135
0.32, 5134
0.32, 5133
0.32, 5132
0.32, 5131
0.32, 5130
0.32, 5129
0.32, 5128
0.32, 5127
0.32, 5126
0.32, 5125
0.32, 5124
0.32, 5123
0.32, 5122
0.32, 5121
0.32, 5120
0.32, 5119
0.32, 5118
0.32, 5117
0.32, 5116
0.32, 5115
0.32, 5114
0.32, 5113
0.32, 5112
0.32, 5111
0.32, 5110
0.32, 5109
0.32, 5108
0.32, 5107
0.32, 5106
0.32, 5105
0.32, 5104
0.32, 5103
0.32, 5102
0.32, 5101
0.32, 5100
0.32, 5099
0.32, 5098
0.32, 5097
0.32, 5096
0.32, 5095
0.32, 5094
0.32, 5093
0.32, 5092
0.32, 5091
0.32, 5090
0.32, 5089
0.32, 5088
0.32, 5087
0.32, 5086
0.32, 5085
0.32, 5084
0.32, 5083
0.32, 5082
0.32, 5081
0.32, 5080
0.32, 5079
0.33, 5078
0.33, 5077
0.33, 5076
0.33, 5075
0.33, 5074
0.33, 5073
0.33, 5072
0.33, 5071
0.33, 5070
0.33, 5069
0.33, 5068
0.33, 5067
0.33, 5066
0.33, 5065
0.33, 5064
0.33, 5063
0.33, 5062
0.33, 5061
0.33, 5060
0.33, 5059
0.33, 5058
0.33, 5057
0.33, 5056
0.33, 5055
0.33, 5054
0.33, 5053
0.33, 5052
0.33, 5051
0.33, 5050
0.33, 5049
0.33, 5048
0.33, 5047
0.33, 5046
0.33, 5045
0.33, 5044
0.33, 5043
0.33, 5042
0.33, 5041
0.33, 5040
0.33, 5039
0.33, 5038
0.33, 5037
0.33, 5036
0.33, 5035
0.33, 5034
0.33, 5033
0.33, 5032
0.33, 5031
0.33, 5030
0.33, 5029
0.33, 5028
0.33, 5027
0.33, 5026
0.33, 5025
0.33, 5024
0.33, 5023
0.33, 5022
0.33, 5021
0.33, 5020
0.33, 5019
0.33, 5018
0.33, 5017
0.33, 5016
0.33, 5015
0.33, 5014
0.33, 5013
0.33, 5012
0.34, 5011
0.34, 5010
0.34, 5009
0.34, 5008
0.34, 5007
0.34, 5006
0.34, 5005
0.34, 5004
0.34, 5003
0.34, 5002
0.34, 5001
0.34, 5000
0.34, 4999
0.34, 4998
0.34, 4997
0.34, 4996
0.34, 4995
0.34, 4994
0.34, 4993
0.34, 4992
0.34, 4991
0.34, 4990
0.34, 4989
0.34, 4988
0.34, 4987
0.34, 4986
0.34, 4985
0.34, 4984
0.34, 4983
0.34, 4982
0.34, 4981
0.34, 4980
0.34, 4979
0.34, 4978
0.34, 4977
0.34, 4976
0.34, 4975
0.34, 4974
0.34, 4973
0.34, 4972
0.34, 4971
0.34, 4970
0.34, 4969
0.34, 4968
0.34, 4967
0.34, 4966
0.34, 4965
0.34, 4964
0.34, 4963
0.34, 4962
0.34, 4961
0.34, 4960
0.34, 4959
0.34, 4958
0.34, 4957
0.34, 4956
0.34, 4955
0.34, 4954
0.34, 4953
0.34, 4952
0.34, 4951
0.34, 4950
0.34, 4949
0.34, 4948
0.34, 4947
0.34, 4946
0.34, 4945
0.34, 4944
0.34, 4943
0.34, 4942
0.34, 4941
0.34, 4940
0.34, 4939
0.35, 4938
0.35, 4937
0.35, 4936
0.35, 4935
0.35, 4934
0.35, 4933
0.35, 4932
0.35, 4931
0.35, 4930
0.35, 4929
0.35, 4928
0.35, 4927
0.35, 4926
0.35, 4925
0.35, 4924
0.35, 4923
0.35, 4922
0.35, 4921
0.35, 4920
0.35, 4919
0.35, 4918
0.35, 4917
0.35, 4916
0.35, 4915
0.35, 4914
0.35, 4913
0.35, 4912
0.35, 4911
0.35, 4910
0.35, 4909
0.35, 4908
0.35, 4907
0.35, 4906
0.35, 4905
0.35, 4904
0.35, 4903
0.35, 4902
0.35, 4901
0.35, 4900
0.35, 4899
0.35, 4898
0.35, 4897
0.35, 4896
0.35, 4895
0.35, 4894
0.35, 4893
0.35, 4892
0.36, 4891
0.36, 4890
0.36, 4889
0.36, 4888
0.36, 4887
0.36, 4886
0.36, 4885
0.36, 4884
0.36, 4883
0.36, 4882
0.36, 4881
0.36, 4880
0.36, 4879
0.36, 4878
0.36, 4877
0.36, 4876
0.36, 4875
0.36, 4874
0.36, 4873
0.36, 4872
0.36, 4871
0.36, 4870
0.36, 4869
0.36, 4868
0.36, 4867
0.36, 4866
0.36, 4865
0.36, 4864
0.36, 4863
0.36, 4862
0.36, 4861
0.36, 4860
0.36, 4859
0.36, 4858
0.36, 4857
0.36, 4856
0.36, 4855
0.36, 4854
0.36, 4853
0.36, 4852
0.36, 4851
0.36, 4850
0.36, 4849
0.36, 4848
0.36, 4847
0.36, 4846
0.36, 4845
0.37, 4844
0.37, 4843
0.37, 4842
0.37, 4841
0.37, 4840
0.37, 4839
0.37, 4838
0.37, 4837
0.37, 4836
0.37, 4835
0.37, 4834
0.37, 4833
0.37, 4832
0.37, 4831
0.37, 4830
0.37, 4829
0.37, 4828
0.37, 4827
0.37, 4826
0.37, 4825
0.37, 4824
0.37, 4823
0.37, 4822
0.37, 4821
0.37, 4820
0.37, 4819
0.37, 4818
0.37, 4817
0.37, 4816
0.37, 4815
0.37, 4814
0.37, 4813
0.37, 4812
0.37, 4811
0.37, 4810
0.37, 4809
0.37, 4808
0.37, 4807
0.37, 4806
0.38, 4805
0.38, 4804
0.38, 4803
0.38, 4802
0.38, 4801
0.38, 4800
0.38, 4799
0.38, 4798
0.38, 4797
0.38, 4796
0.38, 4795
0.38, 4794
0.38, 4793
0.38, 4792
0.38, 4791
0.38, 4790
0.38, 4789
0.38, 4788
0.38, 4787
0.38, 4786
0.38, 4785
0.38, 4784
0.38, 4783
0.38, 4782
0.38, 4781
0.38, 4780
0.38, 4779
0.38, 4778
0.38, 4777
0.38, 4776
0.38, 4775
0.38, 4774
0.38, 4773
0.38, 4772
0.38, 4771
0.38, 4770
0.38, 4769
0.38, 4768
0.38, 4767
0.38, 4766
0.38, 4765
0.38, 4764
0.38, 4763
0.38, 4762
0.38, 4761
0.38, 4760
0.38, 4759
0.38, 4758
0.38, 4757
0.38, 4756
0.38, 4755
0.39, 4754
0.39, 4753
0.39, 4752
0.39, 4751
0.39, 4750
0.39, 4749
0.39, 4748
0.39, 4747
0.39, 4746
0.39, 4745
0.39, 4744
0.39, 4743
0.39, 4742
0.39, 4741
0.39, 4740
0.39, 4739
0.39, 4738
0.39, 4737
0.39, 4736
0.39, 4735
0.39, 4734
0.39, 4733
0.39, 4732
0.39, 4731
0.39, 4730
0.39, 4729
0.39, 4728
0.39, 4727
0.39, 4726
0.39, 4725
0.39, 4724
0.39, 4723
0.39, 4722
0.39, 4721
0.39, 4720
0.39, 4719
0.39, 4718
0.39, 4717
0.39, 4716
0.39, 4715
0.39, 4714
0.39, 4713
0.39, 4712
0.40, 4711
0.40, 4710
0.40, 4709
0.40, 4708
0.40, 4707
0.40, 4706
0.40, 4705
0.40, 4704
0.40, 4703
0.40, 4702
0.40, 4701
0.40, 4700
0.40, 4699
0.40, 4698
0.40, 4697
0.40, 4696
0.40, 4695
0.40, 4694
0.40, 4693
0.40, 4692
0.40, 4691
0.40, 4690
0.40, 4689
0.40, 4688
0.40, 4687
0.40, 4686
0.40, 4685
0.40, 4684
0.40, 4683
0.40, 4682
0.40, 4681
0.40, 4680
0.40, 4679
0.40, 4678
0.40, 4677
0.40, 4676
0.40, 4675
0.40, 4674
0.40, 4673
0.40, 4672
0.40, 4671
0.40, 4670
0.41, 4669
0.41, 4668
0.41, 4667
0.41, 4666
0.41, 4665
0.41, 4664
0.41, 4663
0.41, 4662
0.41, 4661
0.41, 4660
0.41, 4659
0.41, 4658
0.41, 4657
0.41, 4656
0.41, 4655
0.41, 4654
0.41, 4653
0.41, 4652
0.41, 4651
0.41, 4650
0.41, 4649
0.41, 4648
0.41, 4647
0.41, 4646
0.41, 4645
0.41, 4644
0.41, 4643
0.41, 4642
0.41, 4641
0.41, 4640
0.41, 4639
0.41, 4638
0.41, 4637
0.41, 4636
0.41, 4635
0.41, 4634
0.41, 4633
0.41, 4632
0.41, 4631
0.41, 4630
0.41, 4629
0.41, 4628
0.41, 4627
0.42, 4626
0.42, 4625
0.42, 4624
0.42, 4623
0.42, 4622
0.42, 4621
0.42, 4620
0.42, 4619
0.42, 4618
0.42, 4617
0.42, 4616
0.42, 4615
0.42, 4614
0.42, 4613
0.42, 4612
0.42, 4611
0.42, 4610
0.42, 4609
0.42, 4608
0.42, 4607
0.42, 4606
0.42, 4605
0.42, 4604
0.42, 4603
0.42, 4602
0.42, 4601
0.42, 4600
0.42, 4599
0.42, 4598
0.42, 4597
0.42, 4596
0.42, 4595
0.42, 4594
0.42, 4593
0.42, 4592
0.42, 4591
0.42, 4590
0.42, 4589
0.42, 4588
0.42, 4587
0.42, 4586
0.42, 4585
0.42, 4584
0.42, 4583
0.42, 4582
0.42, 4581
0.42, 4580
0.42, 4579
0.43, 4578
0.43, 4577
0.43, 4576
0.43, 4575
0.43, 4574
0.43, 4573
0.43, 4572
0.43, 4571
0.43, 4570
0.43, 4569
0.43, 4568
0.43, 4567
0.43, 4566
0.43, 4565
0.43, 4564
0.43, 4563
0.43, 4562
0.43, 4561
0.43, 4560
0.43, 4559
0.43, 4558
0.43, 4557
0.43, 4556
0.43, 4555
0.43, 4554
0.43, 4553
0.43, 4552
0.43, 4551
0.43, 4550
0.43, 4549
0.43, 4548
0.43, 4547
0.43, 4546
0.43, 4545
0.43, 4544
0.43, 4543
0.43, 4542
0.43, 4541
0.43, 4540
0.43, 4539
0.43, 4538
0.43, 4537
0.43, 4536
0.43, 4535
0.43, 4534
0.43, 4533
0.44, 4532
0.44, 4531
0.44, 4530
0.44, 4529
0.44, 4528
0.44, 4527
0.44, 4526
0.44, 4525
0.44, 4524
0.44, 4523
0.44, 4522
0.44, 4521
0.44, 4520
0.44, 4519
0.44, 4518
0.44, 4517
0.44, 4516
0.44, 4515
0.44, 4514
0.44, 4513
0.44, 4512
0.44, 4511
0.44, 4510
0.44, 4509
0.44, 4508
0.44, 4507
0.44, 4506
0.44, 4505
0.44, 4504
0.44, 4503
0.44, 4502
0.44, 4501
0.44, 4500
0.44, 4499
0.44, 4498
0.44, 4497
0.44, 4496
0.44, 4495
0.45, 4494
0.45, 4493
0.45, 4492
0.45, 4491
0.45, 4490
0.45, 4489
0.45, 4488
0.45, 4487
0.45, 4486
0.45, 4485
0.45, 4484
0.45, 4483
0.45, 4482
0.45, 4481
0.45, 4480
0.45, 4479
0.45, 4478
0.45, 4477
0.45, 4476
0.45, 4475
0.45, 4474
0.45, 4473
0.45, 4472
0.45, 4471
0.45, 4470
0.45, 4469
0.45, 4468
0.45, 4467
0.45, 4466
0.45, 4465
0.45, 4464
0.45, 4463
0.45, 4462
0.45, 4461
0.45, 4460
0.45, 4459
0.45, 4458
0.45, 4457
0.45, 4456
0.45, 4455
0.45, 4454
0.45, 4453
0.45, 4452
0.45, 4451
0.45, 4450
0.45, 4449
0.45, 4448
0.45, 4447
0.45, 4446
0.45, 4445
0.45, 4444
0.45, 4443
0.45, 4442
0.45, 4441
0.45, 4440
0.45, 4439
0.46, 4438
0.46, 4437
0.46, 4436
0.46, 4435
0.46, 4434
0.46, 4433
0.46, 4432
0.46, 4431
0.46, 4430
0.46, 4429
0.46, 4428
0.46, 4427
0.46, 4426
0.46, 4425
0.46, 4424
0.46, 4423
0.46, 4422
0.46, 4421
0.46, 4420
0.46, 4419
0.46, 4418
0.46, 4417
0.46, 4416
0.46, 4415
0.46, 4414
0.46, 4413
0.46, 4412
0.46, 4411
0.46, 4410
0.46, 4409
0.46, 4408
0.46, 4407
0.46, 4406
0.46, 4405
0.46, 4404
0.46, 4403
0.46, 4402
0.46, 4401
0.46, 4400
0.46, 4399
0.46, 4398
0.46, 4397
0.46, 4396
0.46, 4395
0.46, 4394
0.46, 4393
0.47, 4392
0.47, 4391
0.47, 4390
0.47, 4389
0.47, 4388
0.47, 4387
0.47, 4386
0.47, 4385
0.47, 4384
0.47, 4383
0.47, 4382
0.47, 4381
0.47, 4380
0.47, 4379
0.47, 4378
0.47, 4377
0.47, 4376
0.47, 4375
0.47, 4374
0.47, 4373
0.47, 4372
0.47, 4371
0.47, 4370
0.47, 4369
0.47, 4368
0.47, 4367
0.47, 4366
0.47, 4365
0.47, 4364
0.47, 4363
0.47, 4362
0.47, 4361
0.47, 4360
0.47, 4359
0.47, 4358
0.47, 4357
0.47, 4356
0.47, 4355
0.47, 4354
0.47, 4353
0.47, 4352
0.47, 4351
0.47, 4350
0.47, 4349
0.47, 4348
0.47, 4347
0.47, 4346
0.48, 4345
0.48, 4344
0.48, 4343
0.48, 4342
0.48, 4341
0.48, 4340
0.48, 4339
0.48, 4338
0.48, 4337
0.48, 4336
0.48, 4335
0.48, 4334
0.48, 4333
0.48, 4332
0.48, 4331
0.48, 4330
0.48, 4329
0.48, 4328
0.48, 4327
0.48, 4326
0.48, 4325
0.48, 4324
0.48, 4323
0.48, 4322
0.49, 4321
0.49, 4320
0.49, 4319
0.49, 4318
0.49, 4317
0.49, 4316
0.49, 4315
0.49, 4314
0.49, 4313
0.49, 4312
0.49, 4311
0.49, 4310
0.49, 4309
0.49, 4308
0.49, 4307
0.49, 4306
0.49, 4305
0.49, 4304
0.49, 4303
0.49, 4302
0.49, 4301
0.50, 4300
0.50, 4299
0.50, 4298
0.50, 4297
0.50, 4296
0.50, 4295
0.50, 4294
0.50, 4293
0.50, 4292
0.50, 4291
0.50, 4290
0.50, 4289
0.50, 4288
0.50, 4287
0.50, 4286
0.50, 4285
0.50, 4284
0.50, 4283
0.50, 4282
0.50, 4281
0.50, 4280
0.50, 4279
0.50, 4278
0.50, 4277
0.50, 4276
0.50, 4275
0.50, 4274
0.50, 4273
0.50, 4272
0.50, 4271
0.50, 4270
0.51, 4269
0.51, 4268
0.51, 4267
0.51, 4266
0.51, 4265
0.51, 4264
0.51, 4263
0.51, 4262
0.51, 4261
0.51, 4260
0.51, 4259
0.51, 4258
0.51, 4257
0.51, 4256
0.51, 4255
0.51, 4254
0.51, 4253
0.51, 4252
0.51, 4251
0.51, 4250
0.51, 4249
0.51, 4248
0.51, 4247
0.51, 4246
0.51, 4245
0.51, 4244
0.51, 4243
0.52, 4242
0.52, 4241
0.52, 4240
0.52, 4239
0.52, 4238
0.52, 4237
0.52, 4236
0.52, 4235
0.52, 4234
0.52, 4233
0.52, 4232
0.52, 4231
0.52, 4230
0.52, 4229
0.52, 4228
0.52, 4227
0.52, 4226
0.52, 4225
0.52, 4224
0.52, 4223
0.52, 4222
0.52, 4221
0.52, 4220
0.52, 4219
0.52, 4218
0.52, 4217
0.52, 4216
0.52, 4215
0.52, 4214
0.52, 4213
0.53, 4212
0.53, 4211
0.53, 4210
0.53, 4209
0.53, 4208
0.53, 4207
0.53, 4206
0.53, 4205
0.53, 4204
0.53, 4203
0.53, 4202
0.53, 4201
0.53, 4200
0.53, 4199
0.53, 4198
0.53, 4197
0.53, 4196
0.53, 4195
0.53, 4194
0.53, 4193
0.53, 4192
0.53, 4191
0.53, 4190
0.53, 4189
0.53, 4188
0.53, 4187
0.53, 4186
0.53, 4185
0.53, 4184
0.53, 4183
0.53, 4182
0.53, 4181
0.53, 4180
0.54, 4179
0.54, 4178
0.54, 4177
0.54, 4176
0.54, 4175
0.54, 4174
0.54, 4173
0.54, 4172
0.54, 4171
0.54, 4170
0.54, 4169
0.54, 4168
0.54, 4167
0.54, 4166
0.54, 4165
0.54, 4164
0.54, 4163
0.54, 4162
0.54, 4161
0.54, 4160
0.54, 4159
0.54, 4158
0.54, 4157
0.54, 4156
0.54, 4155
0.54, 4154
0.54, 4153
0.55, 4152
0.55, 4151
0.55, 4150
0.55, 4149
0.55, 4148
0.55, 4147
0.55, 4146
0.55, 4145
0.55, 4144
0.55, 4143
0.55, 4142
0.55, 4141
0.55, 4140
0.55, 4139
0.55, 4138
0.55, 4137
0.55, 4136
0.55, 4135
0.55, 4134
0.55, 4133
0.55, 4132
0.55, 4131
0.55, 4130
0.55, 4129
0.55, 4128
0.55, 4127
0.55, 4126
0.55, 4125
0.55, 4124
0.55, 4123
0.55, 4122
0.55, 4121
0.55, 4120
0.55, 4119
0.55, 4118
0.55, 4117
0.56, 4116
0.56, 4115
0.56, 4114
0.56, 4113
0.56, 4112
0.56, 4111
0.56, 4110
0.56, 4109
0.56, 4108
0.57, 4107
0.57, 4106
0.57, 4105
0.57, 4104
0.57, 4103
0.57, 4102
0.57, 4101
0.57, 4100
0.57, 4099
0.58, 4098
0.58, 4097
0.58, 4096
0.58, 4095
0.58, 4094
0.58, 4093
0.58, 4092
0.58, 4091
0.59, 4090
0.59, 4089
0.59, 4088
0.59, 4087
0.59, 4086
0.59, 4085
0.59, 4084
0.59, 4083
0.59, 4082
0.59, 4081
0.60, 4080
0.60, 4079
0.60, 4078
0.60, 4077
0.60, 4076
0.60, 4075
0.60, 4074
0.60, 4073
0.60, 4072
0.60, 4071
0.60, 4070
0.60, 4069
0.60, 4068
0.60, 4067
0.60, 4066
0.60, 4065
0.60, 4064
0.60, 4063
0.61, 4062
0.61, 4061
0.61, 4060
0.61, 4059
0.61, 4058
0.61, 4057
0.61, 4056
0.61, 4055
0.61, 4054
0.61, 4053
0.61, 4052
0.61, 4051
0.61, 4050
0.61, 4049
0.61, 4048
0.62, 4047
0.62, 4046
0.62, 4045
0.62, 4044
0.62, 4043
0.62, 4042
0.62, 4041
0.62, 4040
0.62, 4039
0.62, 4038
0.62, 4037
0.62, 4036
0.62, 4035
0.62, 4034
0.62, 4033
0.63, 4032
0.63, 4031
0.63, 4030
0.63, 4029
0.63, 4028
0.63, 4027
0.63, 4026
0.63, 4025
0.63, 4024
0.63, 4023
0.63, 4022
0.63, 4021
0.63, 4020
0.63, 4019
0.63, 4018
0.64, 4017
0.64, 4016
0.64, 4015
0.64, 4014
0.64, 4013
0.64, 4012
0.64, 4011
0.65, 4010
0.65, 4009
0.65, 4008
0.65, 4007
0.65, 4006
0.66, 4005
0.66, 4004
0.66, 4003
0.66, 4002
0.66, 4001
0.66, 4000
0.66, 3999
0.66, 3998
0.66, 3997
0.66, 3996
0.66, 3995
0.67, 3994
0.67, 3993
0.67, 3992
0.67, 3991
0.67, 3990
0.67, 3989
0.67, 3988
0.67, 3987
0.67, 3986
0.67, 3985
0.67, 3984
0.67, 3983
0.67, 3982
0.68, 3981
0.68, 3980
0.68, 3979
0.68, 3978
0.68, 3977
0.68, 3976
0.69, 3975
0.69, 3974
0.69, 3973
0.70, 3972
0.70, 3971
0.70, 3970
0.70, 3969
0.71, 3968
0.72, 3967
0.72, 3966
0.72, 3965
0.72, 3964
0.72, 3963
0.73, 3962
0.73, 3961
0.73, 3960
0.73, 3959
0.74, 3958
0.74, 3957
0.75, 3956
0.75, 3955
0.76, 3954
0.76, 3953
0.77, 3952
0.79, 3951
0.80, 3950
0.82, 3949
0.82, 3948
0.83, 3947
0.83, 3946
0.84, 3945
0.93, 3944
0.95, 3943
0.96, 3942
