0.00, 1460
0.00, 1459
0.00, 1458
0.00, 1457
0.00, 1456
0.00, 1455
0.00, 1454
0.00, 1453
0.00, 1452
0.00, 1451
0.00, 1450
0.00, 1449
0.00, 1448
0.00, 1447
0.00, 1446
0.00, 1445
0.00, 1444
0.00, 1443
0.00, 1442
0.00, 1441
0.00, 1440
0.00, 1439
0.00, 1438
0.00, 1437
0.00, 1436
0.00, 1435
0.00, 1434
0.00, 1433
0.00, 1432
0.00, 1431
0.00, 1430
0.00, 1429
0.00, 1428
0.00, 1427
0.00, 1426
0.00, 1425
0.00, 1424
0.00, 1423
0.00, 1422
0.00, 1421
0.00, 1420
0.00, 1419
0.00, 1418
0.00, 1417
0.00, 1416
0.00, 1415
0.00, 1414
0.00, 1413
0.00, 1412
0.00, 1411
0.00, 1410
0.00, 1409
0.00, 1408
0.00, 1407
0.00, 1406
0.00, 1405
0.00, 1404
0.00, 1403
0.00, 1402
0.00, 1401
0.00, 1400
0.00, 1399
0.00, 1398
0.00, 1397
0.00, 1396
0.00, 1395
0.00, 1394
0.00, 1393
0.00, 1392
0.00, 1391
0.00, 1390
0.00, 1389
0.00, 1388
0.00, 1387
0.00, 1386
0.00, 1385
0.00, 1384
0.00, 1383
0.00, 1382
0.00, 1381
0.00, 1380
0.00, 1379
0.00, 1378
0.00, 1377
0.00, 1376
0.00, 1375
0.00, 1374
0.00, 1373
0.00, 1372
0.00, 1371
0.00, 1370
0.00, 1369
0.00, 1368
0.00, 1367
0.00, 1366
0.00, 1365
0.00, 1364
0.00, 1363
0.00, 1362
0.00, 1361
0.00, 1360
0.00, 1359
0.00, 1358
0.00, 1357
0.00, 1356
0.00, 1355
0.00, 1354
0.00, 1353
0.00, 1352
0.00, 1351
0.00, 1350
0.00, 1349
0.00, 1348
0.00, 1347
0.00, 1346
0.00, 1345
0.00, 1344
0.00, 1343
0.00, 1342
0.00, 1341
0.00, 1340
0.00, 1339
0.00, 1338
0.00, 1337
0.00, 1336
0.00, 1335
0.00, 1334
0.00, 1333
0.00, 1332
0.00, 1331
0.00, 1330
0.00, 1329
0.00, 1328
0.00, 1327
0.00, 1326
0.00, 1325
0.00, 1324
0.00, 1323
0.00, 1322
0.00, 1321
0.00, 1320
0.00, 1319
0.00, 1318
0.00, 1317
0.00, 1316
0.00, 1315
0.00, 1314
0.00, 1313
0.00, 1312
0.00, 1311
0.00, 1310
0.00, 1309
0.00, 1308
0.00, 1307
0.00, 1306
0.00, 1305
0.01, 1304
0.01, 1303
0.01, 1302
0.01, 1301
0.01, 1300
0.01, 1299
0.01, 1298
0.01, 1297
0.01, 1296
0.01, 1295
0.01, 1294
0.01, 1293
0.01, 1292
0.01, 1291
0.01, 1290
0.01, 1289
0.01, 1288
0.01, 1287
0.01, 1286
0.01, 1285
0.01, 1284
0.01, 1283
0.01, 1282
0.01, 1281
0.01, 1280
0.01, 1279
0.01, 1278
0.01, 1277
0.01, 1276
0.01, 1275
0.01, 1274
0.01, 1273
0.01, 1272
0.01, 1271
0.01, 1270
0.01, 1269
0.01, 1268
0.01, 1267
0.01, 1266
0.01, 1265
0.01, 1264
0.01, 1263
0.01, 1262
0.01, 1261
0.01, 1260
0.01, 1259
0.01, 1258
0.01, 1257
0.01, 1256
0.01, 1255
0.01, 1254
0.01, 1253
0.01, 1252
0.01, 1251
0.01, 1250
0.01, 1249
0.01, 1248
0.01, 1247
0.01, 1246
0.01, 1245
0.01, 1244
0.01, 1243
0.01, 1242
0.01, 1241
0.01, 1240
0.01, 1239
0.01, 1238
0.01, 1237
0.01, 1236
0.01, 1235
0.01, 1234
0.01, 1233
0.01, 1232
0.01, 1231
0.01, 1230
0.01, 1229
0.01, 1228
0.01, 1227
0.01, 1226
0.01, 1225
0.01, 1224
0.01, 1223
0.01, 1222
0.01, 1221
0.01, 1220
0.01, 1219
0.01, 1218
0.01, 1217
0.01, 1216
0.01, 1215
0.01, 1214
0.01, 1213
0.01, 1212
0.01, 1211
0.01, 1210
0.01, 1209
0.01, 1208
0.01, 1207
0.01, 1206
0.01, 1205
0.01, 1204
0.01, 1203
0.01, 1202
0.01, 1201
0.01, 1200
0.01, 1199
0.01, 1198
0.01, 1197
0.01, 1196
0.01, 1195
0.01, 1194
0.01, 1193
0.01, 1192
0.01, 1191
0.01, 1190
0.01, 1189
0.01, 1188
0.01, 1187
0.01, 1186
0.01, 1185
0.01, 1184
0.01, 1183
0.01, 1182
0.01, 1181
0.01, 1180
0.01, 1179
0.01, 1178
0.01, 1177
0.01, 1176
0.01, 1175
0.01, 1174
0.01, 1173
0.01, 1172
0.01, 1171
0.01, 1170
0.01, 1169
0.01, 1168
0.01, 1167
0.01, 1166
0.01, 1165
0.01, 1164
0.01, 1163
0.01, 1162
0.01, 1161
0.01, 1160
0.01, 1159
0.01, 1158
0.01, 1157
0.01, 1156
0.01, 1155
0.01, 1154
0.01, 1153
0.01, 1152
0.01, 1151
0.01, 1150
0.01, 1149
0.01, 1148
0.01, 1147
0.01, 1146
0.01, 1145
0.01, 1144
0.01, 1143
0.01, 1142
0.01, 1141
0.01, 1140
0.01, 1139
0.01, 1138
0.01, 1137
0.01, 1136
0.01, 1135
0.01, 1134
0.01, 1133
0.01, 1132
0.01, 1131
0.01, 1130
0.01, 1129
0.01, 1128
0.01, 1127
0.01, 1126
0.01, 1125
0.01, 1124
0.01, 1123
0.01, 1122
0.01, 1121
0.01, 1120
0.01, 1119
0.01, 1118
0.01, 1117
0.01, 1116
0.01, 1115
0.01, 1114
0.01, 1113
0.01, 1112
0.01, 1111
0.01, 1110
0.01, 1109
0.01, 1108
0.01, 1107
0.01, 1106
0.01, 1105
0.01, 1104
0.01, 1103
0.01, 1102
0.01, 1101
0.01, 1100
0.01, 1099
0.01, 1098
0.01, 1097
0.01, 1096
0.01, 1095
0.01, 1094
0.01, 1093
0.01, 1092
0.01, 1091
0.01, 1090
0.01, 1089
0.01, 1088
0.01, 1087
0.01, 1086
0.01, 1085
0.01, 1084
0.01, 1083
0.01, 1082
0.01, 1081
0.01, 1080
0.01, 1079
0.01, 1078
0.01, 1077
0.01, 1076
0.01, 1075
0.01, 1074
0.01, 1073
0.01, 1072
0.01, 1071
0.01, 1070
0.01, 1069
0.01, 1068
0.01, 1067
0.01, 1066
0.01, 1065
0.01, 1064
0.01, 1063
0.02, 1062
0.02, 1061
0.02, 1060
0.02, 1059
0.02, 1058
0.02, 1057
0.02, 1056
0.02, 1055
0.02, 1054
0.02, 1053
0.02, 1052
0.02, 1051
0.02, 1050
0.02, 1049
0.02, 1048
0.02, 1047
0.02, 1046
0.02, 1045
0.02, 1044
0.02, 1043
0.02, 1042
0.02, 1041
0.02, 1040
0.02, 1039
0.02, 1038
0.02, 1037
0.02, 1036
0.02, 1035
0.02, 1034
0.02, 1033
0.02, 1032
0.02, 1031
0.02, 1030
0.02, 1029
0.02, 1028
0.02, 1027
0.02, 1026
0.02, 1025
0.02, 1024
0.02, 1023
0.02, 1022
0.02, 1021
0.02, 1020
0.02, 1019
0.02, 1018
0.02, 1017
0.02, 1016
0.02, 1015
0.02, 1014
0.02, 1013
0.02, 1012
0.02, 1011
0.02, 1010
0.02, 1009
0.02, 1008
0.02, 1007
0.02, 1006
0.02, 1005
0.02, 1004
0.02, 1003
0.02, 1002
0.02, 1001
0.02, 1000
0.02, 999
0.02, 998
0.02, 997
0.02, 996
0.02, 995
0.02, 994
0.02, 993
0.02, 992
0.02, 991
0.02, 990
0.02, 989
0.02, 988
0.02, 987
0.02, 986
0.02, 985
0.02, 984
0.02, 983
0.02, 982
0.02, 981
0.02, 980
0.02, 979
0.02, 978
0.02, 977
0.02, 976
0.02, 975
0.02, 974
0.02, 973
0.02, 972
0.02, 971
0.02, 970
0.02, 969
0.02, 968
0.02, 967
0.02, 966
0.02, 965
0.02, 964
0.02, 963
0.02, 962
0.02, 961
0.02, 960
0.02, 959
0.02, 958
0.02, 957
0.02, 956
0.02, 955
0.02, 954
0.02, 953
0.02, 952
0.02, 951
0.02, 950
0.02, 949
0.02, 948
0.02, 947
0.02, 946
0.02, 945
0.02, 944
0.02, 943
0.02, 942
0.02, 941
0.02, 940
0.02, 939
0.02, 938
0.02, 937
0.02, 936
0.03, 935
0.03, 934
0.03, 933
0.03, 932
0.03, 931
0.03, 930
0.03, 929
0.03, 928
0.03, 927
0.03, 926
0.03, 925
0.03, 924
0.03, 923
0.03, 922
0.03, 921
0.03, 920
0.03, 919
0.03, 918
0.03, 917
0.03, 916
0.03, 915
0.03, 914
0.03, 913
0.03, 912
0.03, 911
0.03, 910
0.03, 909
0.03, 908
0.03, 907
0.03, 906
0.03, 905
0.03, 904
0.03, 903
0.03, 902
0.04, 901
0.04, 900
0.04, 899
