0.00, 4940
0.00, 4939
0.00, 4938
0.00, 4937
0.00, 4936
0.00, 4935
0.00, 4934
0.00, 4933
0.00, 4932
0.00, 4931
0.00, 4930
0.00, 4929
0.00, 4928
0.00, 4927
0.00, 4926
0.00, 4925
0.00, 4924
0.00, 4923
0.00, 4922
0.00, 4921
0.00, 4920
0.00, 4919
0.00, 4918
0.00, 4917
0.00, 4916
0.00, 4915
0.00, 4914
0.00, 4913
0.00, 4912
0.00, 4911
0.00, 4910
0.00, 4909
0.00, 4908
0.00, 4907
0.00, 4906
0.00, 4905
0.00, 4904
0.00, 4903
0.00, 4902
0.00, 4901
0.00, 4900
0.00, 4899
0.00, 4898
0.00, 4897
0.00, 4896
0.00, 4895
0.00, 4894
0.00, 4893
0.00, 4892
0.00, 4891
0.00, 4890
0.00, 4889
0.00, 4888
0.00, 4887
0.00, 4886
0.00, 4885
0.00, 4884
0.00, 4883
0.00, 4882
0.00, 4881
0.00, 4880
0.00, 4879
0.00, 4878
0.00, 4877
0.00, 4876
0.00, 4875
0.00, 4874
0.00, 4873
0.00, 4872
0.00, 4871
0.00, 4870
0.00, 4869
0.00, 4868
0.00, 4867
0.00, 4866
0.00, 4865
0.00, 4864
0.00, 4863
0.00, 4862
0.00, 4861
0.00, 4860
0.00, 4859
0.00, 4858
0.00, 4857
0.00, 4856
0.00, 4855
0.00, 4854
0.00, 4853
0.00, 4852
0.00, 4851
0.00, 4850
0.00, 4849
0.00, 4848
0.00, 4847
0.00, 4846
0.00, 4845
0.00, 4844
0.00, 4843
0.00, 4842
0.00, 4841
0.00, 4840
0.00, 4839
0.00, 4838
0.00, 4837
0.00, 4836
0.00, 4835
0.00, 4834
0.00, 4833
0.00, 4832
0.00, 4831
0.00, 4830
0.00, 4829
0.00, 4828
0.00, 4827
0.00, 4826
0.00, 4825
0.00, 4824
0.00, 4823
0.00, 4822
0.00, 4821
0.00, 4820
0.00, 4819
0.00, 4818
0.00, 4817
0.00, 4816
0.00, 4815
0.00, 4814
0.00, 4813
0.00, 4812
0.00, 4811
0.00, 4810
0.00, 4809
0.00, 4808
0.00, 4807
0.00, 4806
0.00, 4805
0.00, 4804
0.00, 4803
0.00, 4802
0.00, 4801
0.00, 4800
0.00, 4799
0.00, 4798
0.00, 4797
0.00, 4796
0.00, 4795
0.00, 4794
0.00, 4793
0.00, 4792
0.00, 4791
0.00, 4790
0.00, 4789
0.00, 4788
0.00, 4787
0.00, 4786
0.00, 4785
0.00, 4784
0.00, 4783
0.00, 4782
0.00, 4781
0.00, 4780
0.00, 4779
0.00, 4778
0.00, 4777
0.00, 4776
0.00, 4775
0.00, 4774
0.00, 4773
0.00, 4772
0.00, 4771
0.00, 4770
0.00, 4769
0.00, 4768
0.00, 4767
0.00, 4766
0.00, 4765
0.00, 4764
0.00, 4763
0.00, 4762
0.00, 4761
0.00, 4760
0.00, 4759
0.00, 4758
0.00, 4757
0.00, 4756
0.00, 4755
0.00, 4754
0.00, 4753
0.00, 4752
0.01, 4751
0.01, 4750
0.01, 4749
0.01, 4748
0.01, 4747
0.01, 4746
0.01, 4745
0.01, 4744
0.01, 4743
0.01, 4742
0.01, 4741
0.01, 4740
0.01, 4739
0.01, 4738
0.01, 4737
0.01, 4736
0.01, 4735
0.01, 4734
0.01, 4733
0.01, 4732
0.01, 4731
0.01, 4730
0.01, 4729
0.01, 4728
0.01, 4727
0.01, 4726
0.01, 4725
0.01, 4724
0.01, 4723
0.01, 4722
0.01, 4721
0.01, 4720
0.01, 4719
0.01, 4718
0.01, 4717
0.01, 4716
0.01, 4715
0.01, 4714
0.01, 4713
0.01, 4712
0.01, 4711
0.01, 4710
0.01, 4709
0.01, 4708
0.01, 4707
0.01, 4706
0.01, 4705
0.01, 4704
0.01, 4703
0.01, 4702
0.01, 4701
0.01, 4700
0.01, 4699
0.01, 4698
0.01, 4697
0.01, 4696
0.01, 4695
0.01, 4694
0.01, 4693
0.01, 4692
0.01, 4691
0.01, 4690
0.01, 4689
0.01, 4688
0.01, 4687
0.01, 4686
0.01, 4685
0.01, 4684
0.01, 4683
0.01, 4682
0.01, 4681
0.01, 4680
0.01, 4679
0.01, 4678
0.01, 4677
0.01, 4676
0.01, 4675
0.01, 4674
0.01, 4673
0.01, 4672
0.01, 4671
0.01, 4670
0.01, 4669
0.01, 4668
0.01, 4667
0.01, 4666
0.01, 4665
0.01, 4664
0.01, 4663
0.01, 4662
0.01, 4661
0.01, 4660
0.01, 4659
0.01, 4658
0.01, 4657
0.01, 4656
0.01, 4655
0.01, 4654
0.01, 4653
0.01, 4652
0.01, 4651
0.01, 4650
0.01, 4649
0.01, 4648
0.01, 4647
0.01, 4646
0.01, 4645
0.01, 4644
0.01, 4643
0.01, 4642
0.01, 4641
0.01, 4640
0.01, 4639
0.01, 4638
0.01, 4637
0.01, 4636
0.01, 4635
0.01, 4634
0.01, 4633
0.01, 4632
0.01, 4631
0.01, 4630
0.01, 4629
0.01, 4628
0.01, 4627
0.01, 4626
0.01, 4625
0.01, 4624
0.01, 4623
0.01, 4622
0.01, 4621
0.01, 4620
0.01, 4619
0.01, 4618
0.01, 4617
0.01, 4616
0.01, 4615
0.01, 4614
0.01, 4613
0.01, 4612
0.01, 4611
0.01, 4610
0.01, 4609
0.01, 4608
0.01, 4607
0.01, 4606
0.01, 4605
0.01, 4604
0.01, 4603
0.01, 4602
0.01, 4601
0.01, 4600
0.01, 4599
0.01, 4598
0.01, 4597
0.01, 4596
0.01, 4595
0.01, 4594
0.01, 4593
0.01, 4592
0.01, 4591
0.01, 4590
0.01, 4589
0.01, 4588
0.01, 4587
0.01, 4586
0.01, 4585
0.01, 4584
0.01, 4583
0.01, 4582
0.01, 4581
0.01, 4580
0.01, 4579
0.01, 4578
0.01, 4577
0.01, 4576
0.01, 4575
0.01, 4574
0.01, 4573
0.01, 4572
0.01, 4571
0.01, 4570
0.01, 4569
0.01, 4568
0.01, 4567
0.01, 4566
0.01, 4565
0.01, 4564
0.01, 4563
0.01, 4562
0.01, 4561
0.01, 4560
0.01, 4559
0.01, 4558
0.01, 4557
0.01, 4556
0.01, 4555
0.01, 4554
0.01, 4553
0.01, 4552
0.01, 4551
0.01, 4550
0.01, 4549
0.01, 4548
0.01, 4547
0.01, 4546
0.01, 4545
0.01, 4544
0.01, 4543
0.01, 4542
0.01, 4541
0.01, 4540
0.01, 4539
0.01, 4538
0.01, 4537
0.01, 4536
0.01, 4535
0.01, 4534
0.01, 4533
0.01, 4532
0.01, 4531
0.01, 4530
0.01, 4529
0.01, 4528
0.01, 4527
0.01, 4526
0.01, 4525
0.01, 4524
0.01, 4523
0.01, 4522
0.01, 4521
0.01, 4520
0.01, 4519
0.01, 4518
0.01, 4517
0.01, 4516
0.01, 4515
0.01, 4514
0.01, 4513
0.01, 4512
0.01, 4511
0.01, 4510
0.01, 4509
0.01, 4508
0.01, 4507
0.01, 4506
0.01, 4505
0.01, 4504
0.01, 4503
0.01, 4502
0.01, 4501
0.01, 4500
0.01, 4499
0.01, 4498
0.01, 4497
0.01, 4496
0.01, 4495
0.01, 4494
0.01, 4493
0.01, 4492
0.01, 4491
0.01, 4490
0.01, 4489
0.01, 4488
0.01, 4487
0.01, 4486
0.01, 4485
0.01, 4484
0.01, 4483
0.01, 4482
0.01, 4481
0.01, 4480
0.01, 4479
0.01, 4478
0.01, 4477
0.01, 4476
0.01, 4475
0.01, 4474
0.01, 4473
0.01, 4472
0.01, 4471
0.01, 4470
0.01, 4469
0.01, 4468
0.01, 4467
0.01, 4466
0.01, 4465
0.01, 4464
0.01, 4463
0.01, 4462
0.01, 4461
0.01, 4460
0.01, 4459
0.01, 4458
0.01, 4457
0.01, 4456
0.01, 4455
0.01, 4454
0.01, 4453
0.01, 4452
0.01, 4451
0.01, 4450
0.01, 4449
0.01, 4448
0.01, 4447
0.01, 4446
0.01, 4445
0.01, 4444
0.01, 4443
0.01, 4442
0.01, 4441
0.01, 4440
0.02, 4439
0.02, 4438
0.02, 4437
0.02, 4436
0.02, 4435
0.02, 4434
0.02, 4433
0.02, 4432
0.02, 4431
0.02, 4430
0.02, 4429
0.02, 4428
0.02, 4427
0.02, 4426
0.02, 4425
0.02, 4424
0.02, 4423
0.02, 4422
0.02, 4421
0.02, 4420
0.02, 4419
0.02, 4418
0.02, 4417
0.02, 4416
0.02, 4415
0.02, 4414
0.02, 4413
0.02, 4412
0.02, 4411
0.02, 4410
0.02, 4409
0.02, 4408
0.02, 4407
0.02, 4406
0.02, 4405
0.02, 4404
0.02, 4403
0.02, 4402
0.02, 4401
0.02, 4400
0.02, 4399
0.02, 4398
0.02, 4397
0.02, 4396
0.02, 4395
0.02, 4394
0.02, 4393
0.02, 4392
0.02, 4391
0.02, 4390
0.02, 4389
0.02, 4388
0.02, 4387
0.02, 4386
0.02, 4385
0.02, 4384
0.02, 4383
0.02, 4382
0.02, 4381
0.02, 4380
0.02, 4379
0.02, 4378
0.02, 4377
0.02, 4376
0.02, 4375
0.02, 4374
0.02, 4373
0.02, 4372
0.02, 4371
0.02, 4370
0.02, 4369
0.02, 4368
0.02, 4367
0.02, 4366
0.02, 4365
0.02, 4364
0.02, 4363
0.02, 4362
0.02, 4361
0.02, 4360
0.02, 4359
0.02, 4358
0.02, 4357
0.02, 4356
0.02, 4355
0.02, 4354
0.02, 4353
0.02, 4352
0.02, 4351
0.02, 4350
0.02, 4349
0.02, 4348
0.02, 4347
0.02, 4346
0.02, 4345
0.02, 4344
0.02, 4343
0.02, 4342
0.02, 4341
0.02, 4340
0.02, 4339
0.02, 4338
0.02, 4337
0.02, 4336
0.02, 4335
0.02, 4334
0.02, 4333
0.02, 4332
0.02, 4331
0.02, 4330
0.02, 4329
0.02, 4328
0.02, 4327
0.02, 4326
0.02, 4325
0.02, 4324
0.02, 4323
0.02, 4322
0.02, 4321
0.02, 4320
0.02, 4319
0.02, 4318
0.02, 4317
0.02, 4316
0.02, 4315
0.02, 4314
0.02, 4313
0.02, 4312
0.02, 4311
0.02, 4310
0.02, 4309
0.02, 4308
0.02, 4307
0.02, 4306
0.02, 4305
0.02, 4304
0.02, 4303
0.02, 4302
0.02, 4301
0.02, 4300
0.02, 4299
0.02, 4298
0.02, 4297
0.02, 4296
0.02, 4295
0.02, 4294
0.02, 4293
0.02, 4292
0.02, 4291
0.02, 4290
0.02, 4289
0.02, 4288
0.02, 4287
0.02, 4286
0.02, 4285
0.02, 4284
0.02, 4283
0.02, 4282
0.02, 4281
0.02, 4280
0.02, 4279
0.02, 4278
0.02, 4277
0.02, 4276
0.02, 4275
0.02, 4274
0.02, 4273
0.02, 4272
0.02, 4271
0.02, 4270
0.02, 4269
0.02, 4268
0.03, 4267
0.03, 4266
0.03, 4265
0.03, 4264
0.03, 4263
0.03, 4262
0.03, 4261
0.03, 4260
0.03, 4259
0.03, 4258
0.03, 4257
0.03, 4256
0.03, 4255
0.03, 4254
0.03, 4253
0.03, 4252
0.03, 4251
0.03, 4250
0.03, 4249
0.03, 4248
0.03, 4247
0.03, 4246
0.03, 4245
0.03, 4244
0.03, 4243
0.03, 4242
0.03, 4241
0.03, 4240
0.03, 4239
0.03, 4238
0.03, 4237
0.03, 4236
0.03, 4235
0.03, 4234
0.03, 4233
0.03, 4232
0.03, 4231
0.03, 4230
0.03, 4229
0.03, 4228
0.03, 4227
0.03, 4226
0.03, 4225
0.03, 4224
0.03, 4223
0.03, 4222
0.03, 4221
0.03, 4220
0.03, 4219
0.03, 4218
0.03, 4217
0.03, 4216
0.03, 4215
0.03, 4214
0.03, 4213
0.03, 4212
0.03, 4211
0.03, 4210
0.03, 4209
0.03, 4208
0.03, 4207
0.03, 4206
0.03, 4205
0.03, 4204
0.03, 4203
0.03, 4202
0.03, 4201
0.03, 4200
0.03, 4199
0.03, 4198
0.03, 4197
0.03, 4196
0.03, 4195
0.03, 4194
0.03, 4193
0.03, 4192
0.03, 4191
0.03, 4190
0.03, 4189
0.03, 4188
0.03, 4187
0.03, 4186
0.03, 4185
0.03, 4184
0.03, 4183
0.03, 4182
0.03, 4181
0.03, 4180
0.03, 4179
0.03, 4178
0.03, 4177
0.03, 4176
0.03, 4175
0.03, 4174
0.03, 4173
0.03, 4172
0.03, 4171
0.03, 4170
0.03, 4169
0.03, 4168
0.03, 4167
0.03, 4166
0.03, 4165
0.03, 4164
0.03, 4163
0.03, 4162
0.03, 4161
0.03, 4160
0.03, 4159
0.03, 4158
0.03, 4157
0.03, 4156
0.03, 4155
0.03, 4154
0.03, 4153
0.03, 4152
0.03, 4151
0.03, 4150
0.03, 4149
0.03, 4148
0.03, 4147
0.03, 4146
0.03, 4145
0.03, 4144
0.03, 4143
0.03, 4142
0.03, 4141
0.03, 4140
0.03, 4139
0.03, 4138
0.03, 4137
0.03, 4136
0.03, 4135
0.03, 4134
0.03, 4133
0.03, 4132
0.03, 4131
0.03, 4130
0.03, 4129
0.03, 4128
0.03, 4127
0.03, 4126
0.03, 4125
0.03, 4124
0.03, 4123
0.03, 4122
0.03, 4121
0.03, 4120
0.03, 4119
0.03, 4118
0.03, 4117
0.03, 4116
0.03, 4115
0.03, 4114
0.03, 4113
0.03, 4112
0.03, 4111
0.04, 4110
0.04, 4109
0.04, 4108
0.04, 4107
0.04, 4106
0.04, 4105
0.04, 4104
0.04, 4103
0.04, 4102
0.04, 4101
0.04, 4100
0.04, 4099
0.04, 4098
0.04, 4097
0.04, 4096
0.04, 4095
0.04, 4094
0.04, 4093
0.04, 4092
0.04, 4091
0.04, 4090
0.04, 4089
0.04, 4088
0.04, 4087
0.04, 4086
0.04, 4085
0.04, 4084
0.04, 4083
0.04, 4082
0.04, 4081
0.04, 4080
0.04, 4079
0.04, 4078
0.04, 4077
0.04, 4076
0.04, 4075
0.04, 4074
0.04, 4073
0.04, 4072
0.04, 4071
0.04, 4070
0.04, 4069
0.04, 4068
0.04, 4067
0.04, 4066
0.04, 4065
0.04, 4064
0.04, 4063
0.04, 4062
0.04, 4061
0.04, 4060
0.04, 4059
0.04, 4058
0.04, 4057
0.04, 4056
0.04, 4055
0.04, 4054
0.04, 4053
0.04, 4052
0.04, 4051
0.04, 4050
0.04, 4049
0.04, 4048
0.04, 4047
0.04, 4046
0.04, 4045
0.04, 4044
0.04, 4043
0.04, 4042
0.04, 4041
0.04, 4040
0.04, 4039
0.04, 4038
0.04, 4037
0.04, 4036
0.04, 4035
0.04, 4034
0.04, 4033
0.04, 4032
0.04, 4031
0.04, 4030
0.04, 4029
0.04, 4028
0.04, 4027
0.04, 4026
0.04, 4025
0.04, 4024
0.04, 4023
0.04, 4022
0.04, 4021
0.04, 4020
0.04, 4019
0.04, 4018
0.04, 4017
0.04, 4016
0.04, 4015
0.04, 4014
0.04, 4013
0.04, 4012
0.04, 4011
0.04, 4010
0.04, 4009
0.04, 4008
0.04, 4007
0.04, 4006
0.04, 4005
0.04, 4004
0.04, 4003
0.04, 4002
0.04, 4001
0.04, 4000
0.04, 3999
0.04, 3998
0.04, 3997
0.04, 3996
0.04, 3995
0.04, 3994
0.04, 3993
0.04, 3992
0.04, 3991
0.04, 3990
0.04, 3989
0.04, 3988
0.04, 3987
0.04, 3986
0.04, 3985
0.04, 3984
0.04, 3983
0.04, 3982
0.04, 3981
0.04, 3980
0.04, 3979
0.04, 3978
0.04, 3977
0.04, 3976
0.04, 3975
0.04, 3974
0.04, 3973
0.04, 3972
0.05, 3971
0.05, 3970
0.05, 3969
0.05, 3968
0.05, 3967
0.05, 3966
0.05, 3965
0.05, 3964
0.05, 3963
0.05, 3962
0.05, 3961
0.05, 3960
0.05, 3959
0.05, 3958
0.05, 3957
0.05, 3956
0.05, 3955
0.05, 3954
0.05, 3953
0.05, 3952
0.05, 3951
0.05, 3950
0.05, 3949
0.05, 3948
0.05, 3947
0.05, 3946
0.05, 3945
0.05, 3944
0.05, 3943
0.05, 3942
0.05, 3941
0.05, 3940
0.05, 3939
0.05, 3938
0.05, 3937
0.05, 3936
0.05, 3935
0.05, 3934
0.05, 3933
0.05, 3932
0.05, 3931
0.05, 3930
0.05, 3929
0.05, 3928
0.05, 3927
0.05, 3926
0.05, 3925
0.05, 3924
0.05, 3923
0.05, 3922
0.05, 3921
0.05, 3920
0.05, 3919
0.05, 3918
0.05, 3917
0.05, 3916
0.05, 3915
0.05, 3914
0.05, 3913
0.05, 3912
0.05, 3911
0.05, 3910
0.05, 3909
0.05, 3908
0.05, 3907
0.05, 3906
0.05, 3905
0.05, 3904
0.05, 3903
0.05, 3902
0.05, 3901
0.05, 3900
0.05, 3899
0.05, 3898
0.05, 3897
0.05, 3896
0.05, 3895
0.05, 3894
0.05, 3893
0.05, 3892
0.05, 3891
0.05, 3890
0.05, 3889
0.05, 3888
0.05, 3887
0.05, 3886
0.05, 3885
0.05, 3884
0.05, 3883
0.05, 3882
0.05, 3881
0.05, 3880
0.05, 3879
0.05, 3878
0.05, 3877
0.05, 3876
0.05, 3875
0.05, 3874
0.05, 3873
0.05, 3872
0.05, 3871
0.05, 3870
0.05, 3869
0.05, 3868
0.05, 3867
0.05, 3866
0.05, 3865
0.05, 3864
0.05, 3863
0.05, 3862
0.05, 3861
0.05, 3860
0.05, 3859
0.05, 3858
0.05, 3857
0.05, 3856
0.05, 3855
0.05, 3854
0.05, 3853
0.05, 3852
0.05, 3851
0.05, 3850
0.05, 3849
0.05, 3848
0.05, 3847
0.05, 3846
0.05, 3845
0.05, 3844
0.05, 3843
0.05, 3842
0.05, 3841
0.06, 3840
0.06, 3839
0.06, 3838
0.06, 3837
0.06, 3836
0.06, 3835
0.06, 3834
0.06, 3833
0.06, 3832
0.06, 3831
0.06, 3830
0.06, 3829
0.06, 3828
0.06, 3827
0.06, 3826
0.06, 3825
0.06, 3824
0.06, 3823
0.06, 3822
0.06, 3821
0.06, 3820
0.06, 3819
0.06, 3818
0.06, 3817
0.06, 3816
0.06, 3815
0.06, 3814
0.06, 3813
0.06, 3812
0.06, 3811
0.06, 3810
0.06, 3809
0.06, 3808
0.06, 3807
0.06, 3806
0.06, 3805
0.06, 3804
0.06, 3803
0.06, 3802
0.06, 3801
0.06, 3800
0.06, 3799
0.06, 3798
0.06, 3797
0.06, 3796
0.06, 3795
0.06, 3794
0.06, 3793
0.06, 3792
0.06, 3791
0.06, 3790
0.06, 3789
0.06, 3788
0.06, 3787
0.06, 3786
0.06, 3785
0.06, 3784
0.06, 3783
0.06, 3782
0.06, 3781
0.06, 3780
0.06, 3779
0.06, 3778
0.06, 3777
0.06, 3776
0.06, 3775
0.06, 3774
0.06, 3773
0.06, 3772
0.06, 3771
0.06, 3770
0.06, 3769
0.06, 3768
0.06, 3767
0.06, 3766
0.06, 3765
0.06, 3764
0.06, 3763
0.06, 3762
0.06, 3761
0.06, 3760
0.06, 3759
0.06, 3758
0.06, 3757
0.06, 3756
0.06, 3755
0.06, 3754
0.06, 3753
0.06, 3752
0.06, 3751
0.06, 3750
0.06, 3749
0.06, 3748
0.06, 3747
0.06, 3746
0.06, 3745
0.06, 3744
0.06, 3743
0.06, 3742
0.06, 3741
0.06, 3740
0.06, 3739
0.06, 3738
0.06, 3737
0.06, 3736
0.06, 3735
0.06, 3734
0.06, 3733
0.06, 3732
0.06, 3731
0.06, 3730
0.06, 3729
0.06, 3728
0.06, 3727
0.06, 3726
0.06, 3725
0.06, 3724
0.06, 3723
0.06, 3722
0.06, 3721
0.06, 3720
0.06, 3719
0.07, 3718
0.07, 3717
0.07, 3716
0.07, 3715
0.07, 3714
0.07, 3713
0.07, 3712
0.07, 3711
0.07, 3710
0.07, 3709
0.07, 3708
0.07, 3707
0.07, 3706
0.07, 3705
0.07, 3704
0.07, 3703
0.07, 3702
0.07, 3701
0.07, 3700
0.07, 3699
0.07, 3698
0.07, 3697
0.07, 3696
0.07, 3695
0.07, 3694
0.07, 3693
0.07, 3692
0.07, 3691
0.07, 3690
0.07, 3689
0.07, 3688
0.07, 3687
0.07, 3686
0.07, 3685
0.07, 3684
0.07, 3683
0.07, 3682
0.07, 3681
0.07, 3680
0.07, 3679
0.07, 3678
0.07, 3677
0.07, 3676
0.07, 3675
0.07, 3674
0.07, 3673
0.07, 3672
0.07, 3671
0.07, 3670
0.07, 3669
0.07, 3668
0.07, 3667
0.07, 3666
0.07, 3665
0.07, 3664
0.07, 3663
0.07, 3662
0.07, 3661
0.07, 3660
0.07, 3659
0.07, 3658
0.07, 3657
0.07, 3656
0.07, 3655
0.07, 3654
0.07, 3653
0.07, 3652
0.07, 3651
0.07, 3650
0.07, 3649
0.07, 3648
0.07, 3647
0.07, 3646
0.07, 3645
0.07, 3644
0.07, 3643
0.07, 3642
0.07, 3641
0.07, 3640
0.07, 3639
0.07, 3638
0.07, 3637
0.07, 3636
0.07, 3635
0.07, 3634
0.07, 3633
0.07, 3632
0.07, 3631
0.07, 3630
0.07, 3629
0.07, 3628
0.07, 3627
0.07, 3626
0.07, 3625
0.07, 3624
0.07, 3623
0.07, 3622
0.07, 3621
0.07, 3620
0.07, 3619
0.07, 3618
0.07, 3617
0.07, 3616
0.07, 3615
0.07, 3614
0.07, 3613
0.07, 3612
0.07, 3611
0.07, 3610
0.07, 3609
0.07, 3608
0.07, 3607
0.07, 3606
0.07, 3605
0.07, 3604
0.07, 3603
0.07, 3602
0.07, 3601
0.07, 3600
0.07, 3599
0.07, 3598
0.07, 3597
0.07, 3596
0.07, 3595
0.07, 3594
0.07, 3593
0.07, 3592
0.07, 3591
0.07, 3590
0.07, 3589
0.07, 3588
0.07, 3587
0.07, 3586
0.07, 3585
0.07, 3584
0.07, 3583
0.07, 3582
0.07, 3581
0.07, 3580
0.07, 3579
0.07, 3578
0.07, 3577
0.07, 3576
0.07, 3575
0.07, 3574
0.07, 3573
0.07, 3572
0.07, 3571
0.07, 3570
0.07, 3569
0.07, 3568
0.07, 3567
0.07, 3566
0.07, 3565
0.07, 3564
0.07, 3563
0.07, 3562
0.07, 3561
0.07, 3560
0.07, 3559
0.07, 3558
0.07, 3557
0.07, 3556
0.07, 3555
0.07, 3554
0.07, 3553
0.07, 3552
0.07, 3551
0.07, 3550
0.07, 3549
0.07, 3548
0.07, 3547
0.07, 3546
0.07, 3545
0.07, 3544
0.07, 3543
0.07, 3542
0.07, 3541
0.07, 3540
0.07, 3539
0.07, 3538
0.07, 3537
0.07, 3536
0.07, 3535
0.07, 3534
0.07, 3533
0.07, 3532
0.07, 3531
0.07, 3530
0.07, 3529
0.07, 3528
0.07, 3527
0.07, 3526
0.07, 3525
0.07, 3524
0.07, 3523
0.07, 3522
0.07, 3521
0.07, 3520
0.07, 3519
0.07, 3518
0.07, 3517
0.07, 3516
0.07, 3515
0.07, 3514
0.07, 3513
0.07, 3512
0.07, 3511
0.07, 3510
0.07, 3509
0.07, 3508
0.07, 3507
0.07, 3506
0.07, 3505
0.07, 3504
0.07, 3503
0.07, 3502
0.07, 3501
0.07, 3500
0.07, 3499
0.07, 3498
0.07, 3497
0.07, 3496
0.07, 3495
0.07, 3494
0.07, 3493
0.07, 3492
0.07, 3491
0.07, 3490
0.07, 3489
0.07, 3488
0.07, 3487
0.07, 3486
0.07, 3485
0.07, 3484
0.07, 3483
0.07, 3482
0.07, 3481
0.07, 3480
0.07, 3479
0.07, 3478
0.07, 3477
0.07, 3476
0.07, 3475
0.07, 3474
0.07, 3473
0.07, 3472
0.07, 3471
0.07, 3470
0.07, 3469
0.07, 3468
0.07, 3467
0.07, 3466
0.07, 3465
0.07, 3464
0.07, 3463
0.07, 3462
0.07, 3461
0.07, 3460
0.07, 3459
0.07, 3458
0.07, 3457
0.07, 3456
0.07, 3455
0.07, 3454
0.07, 3453
0.07, 3452
0.07, 3451
0.07, 3450
0.07, 3449
0.07, 3448
0.07, 3447
0.07, 3446
0.07, 3445
0.07, 3444
0.07, 3443
0.07, 3442
0.07, 3441
0.07, 3440
0.07, 3439
0.07, 3438
0.08, 3437
0.08, 3436
0.08, 3435
0.08, 3434
0.08, 3433
0.08, 3432
0.08, 3431
0.08, 3430
0.08, 3429
0.08, 3428
0.08, 3427
0.08, 3426
0.08, 3425
0.08, 3424
0.08, 3423
0.08, 3422
0.08, 3421
0.08, 3420
0.08, 3419
0.08, 3418
0.08, 3417
0.08, 3416
0.08, 3415
0.08, 3414
0.08, 3413
0.08, 3412
0.08, 3411
0.08, 3410
0.08, 3409
0.08, 3408
0.08, 3407
0.08, 3406
0.08, 3405
0.08, 3404
0.08, 3403
0.08, 3402
0.08, 3401
0.08, 3400
0.08, 3399
0.08, 3398
0.08, 3397
0.08, 3396
0.08, 3395
0.08, 3394
0.08, 3393
0.08, 3392
0.08, 3391
0.08, 3390
0.08, 3389
0.08, 3388
0.08, 3387
0.08, 3386
0.08, 3385
0.08, 3384
0.08, 3383
0.08, 3382
0.08, 3381
0.08, 3380
0.08, 3379
0.08, 3378
0.08, 3377
0.08, 3376
0.08, 3375
0.08, 3374
0.08, 3373
0.08, 3372
0.08, 3371
0.08, 3370
0.08, 3369
0.08, 3368
0.08, 3367
0.08, 3366
0.08, 3365
0.08, 3364
0.08, 3363
0.08, 3362
0.08, 3361
0.08, 3360
0.08, 3359
0.08, 3358
0.08, 3357
0.08, 3356
0.08, 3355
0.08, 3354
0.08, 3353
0.08, 3352
0.08, 3351
0.08, 3350
0.08, 3349
0.08, 3348
0.08, 3347
0.08, 3346
0.08, 3345
0.08, 3344
0.08, 3343
0.08, 3342
0.08, 3341
0.08, 3340
0.08, 3339
0.08, 3338
0.08, 3337
0.08, 3336
0.08, 3335
0.08, 3334
0.08, 3333
0.08, 3332
0.08, 3331
0.08, 3330
0.08, 3329
0.08, 3328
0.08, 3327
0.08, 3326
0.08, 3325
0.08, 3324
0.08, 3323
0.08, 3322
0.08, 3321
0.08, 3320
0.08, 3319
0.08, 3318
0.08, 3317
0.08, 3316
0.08, 3315
0.08, 3314
0.08, 3313
0.08, 3312
0.08, 3311
0.08, 3310
0.08, 3309
0.08, 3308
0.08, 3307
0.08, 3306
0.08, 3305
0.08, 3304
0.08, 3303
0.08, 3302
0.08, 3301
0.08, 3300
0.08, 3299
0.08, 3298
0.08, 3297
0.09, 3296
0.09, 3295
0.09, 3294
0.09, 3293
0.09, 3292
0.09, 3291
0.09, 3290
0.09, 3289
0.09, 3288
0.09, 3287
0.09, 3286
0.09, 3285
0.09, 3284
0.09, 3283
0.09, 3282
0.09, 3281
0.09, 3280
0.09, 3279
0.09, 3278
0.09, 3277
0.09, 3276
0.09, 3275
0.09, 3274
0.09, 3273
0.09, 3272
0.09, 3271
0.09, 3270
0.09, 3269
0.09, 3268
0.09, 3267
0.09, 3266
0.09, 3265
0.09, 3264
0.09, 3263
0.09, 3262
0.09, 3261
0.09, 3260
0.09, 3259
0.09, 3258
0.09, 3257
0.09, 3256
0.09, 3255
0.09, 3254
0.09, 3253
0.09, 3252
0.09, 3251
0.09, 3250
0.09, 3249
0.09, 3248
0.09, 3247
0.09, 3246
0.09, 3245
0.09, 3244
0.09, 3243
0.09, 3242
0.09, 3241
0.09, 3240
0.09, 3239
0.09, 3238
0.09, 3237
0.09, 3236
0.09, 3235
0.09, 3234
0.09, 3233
0.09, 3232
0.09, 3231
0.09, 3230
0.09, 3229
0.09, 3228
0.09, 3227
0.09, 3226
0.09, 3225
0.09, 3224
0.09, 3223
0.09, 3222
0.09, 3221
0.09, 3220
0.09, 3219
0.09, 3218
0.09, 3217
0.09, 3216
0.09, 3215
0.09, 3214
0.09, 3213
0.09, 3212
0.09, 3211
0.09, 3210
0.09, 3209
0.09, 3208
0.09, 3207
0.09, 3206
0.09, 3205
0.09, 3204
0.09, 3203
0.09, 3202
0.09, 3201
0.09, 3200
0.09, 3199
0.09, 3198
0.09, 3197
0.09, 3196
0.09, 3195
0.09, 3194
0.09, 3193
0.09, 3192
0.09, 3191
0.09, 3190
0.09, 3189
0.09, 3188
0.09, 3187
0.09, 3186
0.09, 3185
0.09, 3184
0.09, 3183
0.09, 3182
0.09, 3181
0.09, 3180
0.09, 3179
0.09, 3178
0.09, 3177
0.09, 3176
0.09, 3175
0.09, 3174
0.09, 3173
0.09, 3172
0.09, 3171
0.09, 3170
0.09, 3169
0.09, 3168
0.09, 3167
0.10, 3166
0.10, 3165
0.10, 3164
0.10, 3163
0.10, 3162
0.10, 3161
0.10, 3160
0.10, 3159
0.10, 3158
0.10, 3157
0.10, 3156
0.10, 3155
0.10, 3154
0.10, 3153
0.10, 3152
0.10, 3151
0.10, 3150
0.10, 3149
0.10, 3148
0.10, 3147
0.10, 3146
0.10, 3145
0.10, 3144
0.10, 3143
0.10, 3142
0.10, 3141
0.10, 3140
0.10, 3139
0.10, 3138
0.10, 3137
0.10, 3136
0.10, 3135
0.10, 3134
0.10, 3133
0.10, 3132
0.10, 3131
0.10, 3130
0.10, 3129
0.10, 3128
0.10, 3127
0.10, 3126
0.10, 3125
0.10, 3124
0.10, 3123
0.10, 3122
0.10, 3121
0.10, 3120
0.10, 3119
0.10, 3118
0.10, 3117
0.10, 3116
0.10, 3115
0.10, 3114
0.10, 3113
0.10, 3112
0.10, 3111
0.10, 3110
0.10, 3109
0.10, 3108
0.10, 3107
0.10, 3106
0.10, 3105
0.10, 3104
0.10, 3103
0.10, 3102
0.10, 3101
0.10, 3100
0.10, 3099
0.10, 3098
0.10, 3097
0.10, 3096
0.10, 3095
0.10, 3094
0.10, 3093
0.10, 3092
0.10, 3091
0.10, 3090
0.10, 3089
0.10, 3088
0.10, 3087
0.10, 3086
0.10, 3085
0.10, 3084
0.10, 3083
0.10, 3082
0.10, 3081
0.10, 3080
0.10, 3079
0.10, 3078
0.10, 3077
0.10, 3076
0.10, 3075
0.10, 3074
0.10, 3073
0.10, 3072
0.10, 3071
0.10, 3070
0.10, 3069
0.10, 3068
0.10, 3067
0.10, 3066
0.10, 3065
0.10, 3064
0.10, 3063
0.10, 3062
0.10, 3061
0.10, 3060
0.10, 3059
0.10, 3058
0.10, 3057
0.10, 3056
0.10, 3055
0.10, 3054
0.10, 3053
0.10, 3052
0.10, 3051
0.10, 3050
0.10, 3049
0.10, 3048
0.11, 3047
0.11, 3046
0.11, 3045
0.11, 3044
0.11, 3043
0.11, 3042
0.11, 3041
0.11, 3040
0.11, 3039
0.11, 3038
0.11, 3037
0.11, 3036
0.11, 3035
0.11, 3034
0.11, 3033
0.11, 3032
0.11, 3031
0.11, 3030
0.11, 3029
0.11, 3028
0.11, 3027
0.11, 3026
0.11, 3025
0.11, 3024
0.11, 3023
0.11, 3022
0.11, 3021
0.11, 3020
0.11, 3019
0.11, 3018
0.11, 3017
0.11, 3016
0.11, 3015
0.11, 3014
0.11, 3013
0.11, 3012
0.11, 3011
0.11, 3010
0.11, 3009
0.11, 3008
0.11, 3007
0.11, 3006
0.11, 3005
0.11, 3004
0.11, 3003
0.11, 3002
0.11, 3001
0.11, 3000
0.11, 2999
0.11, 2998
0.11, 2997
0.11, 2996
0.11, 2995
0.11, 2994
0.11, 2993
0.11, 2992
0.11, 2991
0.11, 2990
0.11, 2989
0.11, 2988
0.11, 2987
0.11, 2986
0.11, 2985
0.11, 2984
0.11, 2983
0.11, 2982
0.11, 2981
0.11, 2980
0.11, 2979
0.11, 2978
0.11, 2977
0.11, 2976
0.11, 2975
0.11, 2974
0.11, 2973
0.11, 2972
0.11, 2971
0.11, 2970
0.11, 2969
0.11, 2968
0.11, 2967
0.11, 2966
0.11, 2965
0.11, 2964
0.11, 2963
0.11, 2962
0.11, 2961
0.11, 2960
0.11, 2959
0.11, 2958
0.11, 2957
0.11, 2956
0.11, 2955
0.11, 2954
0.11, 2953
0.11, 2952
0.11, 2951
0.11, 2950
0.11, 2949
0.11, 2948
0.11, 2947
0.11, 2946
0.11, 2945
0.11, 2944
0.11, 2943
0.11, 2942
0.11, 2941
0.11, 2940
0.11, 2939
0.11, 2938
0.12, 2937
0.12, 2936
0.12, 2935
0.12, 2934
0.12, 2933
0.12, 2932
0.12, 2931
0.12, 2930
0.12, 2929
0.12, 2928
0.12, 2927
0.12, 2926
0.12, 2925
0.12, 2924
0.12, 2923
0.12, 2922
0.12, 2921
0.12, 2920
0.12, 2919
0.12, 2918
0.12, 2917
0.12, 2916
0.12, 2915
0.12, 2914
0.12, 2913
0.12, 2912
0.12, 2911
0.12, 2910
0.12, 2909
0.12, 2908
0.12, 2907
0.12, 2906
0.12, 2905
0.12, 2904
0.12, 2903
0.12, 2902
0.12, 2901
0.12, 2900
0.12, 2899
0.12, 2898
0.12, 2897
0.12, 2896
0.12, 2895
0.12, 2894
0.12, 2893
0.12, 2892
0.12, 2891
0.12, 2890
0.12, 2889
0.12, 2888
0.12, 2887
0.12, 2886
0.12, 2885
0.12, 2884
0.12, 2883
0.12, 2882
0.12, 2881
0.12, 2880
0.12, 2879
0.12, 2878
0.12, 2877
0.12, 2876
0.12, 2875
0.12, 2874
0.12, 2873
0.12, 2872
0.12, 2871
0.12, 2870
0.12, 2869
0.12, 2868
0.12, 2867
0.12, 2866
0.12, 2865
0.12, 2864
0.12, 2863
0.12, 2862
0.12, 2861
0.12, 2860
0.12, 2859
0.12, 2858
0.12, 2857
0.12, 2856
0.12, 2855
0.12, 2854
0.12, 2853
0.12, 2852
0.12, 2851
0.12, 2850
0.12, 2849
0.12, 2848
0.12, 2847
0.12, 2846
0.13, 2845
0.13, 2844
0.13, 2843
0.13, 2842
0.13, 2841
0.13, 2840
0.13, 2839
0.13, 2838
0.13, 2837
0.13, 2836
0.13, 2835
0.13, 2834
0.13, 2833
0.13, 2832
0.13, 2831
0.13, 2830
0.13, 2829
0.13, 2828
0.13, 2827
0.13, 2826
0.13, 2825
0.13, 2824
0.13, 2823
0.13, 2822
0.13, 2821
0.13, 2820
0.13, 2819
0.13, 2818
0.13, 2817
0.13, 2816
0.13, 2815
0.13, 2814
0.13, 2813
0.13, 2812
0.13, 2811
0.13, 2810
0.13, 2809
0.13, 2808
0.13, 2807
0.13, 2806
0.13, 2805
0.13, 2804
0.13, 2803
0.13, 2802
0.13, 2801
0.13, 2800
0.13, 2799
0.13, 2798
0.13, 2797
0.13, 2796
0.13, 2795
0.13, 2794
0.13, 2793
0.13, 2792
0.13, 2791
0.13, 2790
0.13, 2789
0.13, 2788
0.13, 2787
0.13, 2786
0.13, 2785
0.13, 2784
0.13, 2783
0.13, 2782
0.13, 2781
0.13, 2780
0.13, 2779
0.13, 2778
0.13, 2777
0.13, 2776
0.13, 2775
0.13, 2774
0.13, 2773
0.13, 2772
0.13, 2771
0.13, 2770
0.13, 2769
0.13, 2768
0.13, 2767
0.13, 2766
0.13, 2765
0.13, 2764
0.13, 2763
0.13, 2762
0.13, 2761
0.13, 2760
0.13, 2759
0.13, 2758
0.13, 2757
0.13, 2756
0.13, 2755
0.13, 2754
0.13, 2753
0.13, 2752
0.13, 2751
0.13, 2750
0.13, 2749
0.13, 2748
0.13, 2747
0.13, 2746
0.13, 2745
0.13, 2744
0.13, 2743
0.14, 2742
0.14, 2741
0.14, 2740
0.14, 2739
0.14, 2738
0.14, 2737
0.14, 2736
0.14, 2735
0.14, 2734
0.14, 2733
0.14, 2732
0.14, 2731
0.14, 2730
0.14, 2729
0.14, 2728
0.14, 2727
0.14, 2726
0.14, 2725
0.14, 2724
0.14, 2723
0.14, 2722
0.14, 2721
0.14, 2720
0.14, 2719
0.14, 2718
0.14, 2717
0.14, 2716
0.14, 2715
0.14, 2714
0.14, 2713
0.14, 2712
0.14, 2711
0.14, 2710
0.14, 2709
0.14, 2708
0.14, 2707
0.14, 2706
0.14, 2705
0.14, 2704
0.14, 2703
0.14, 2702
0.14, 2701
0.14, 2700
0.14, 2699
0.14, 2698
0.14, 2697
0.14, 2696
0.14, 2695
0.14, 2694
0.14, 2693
0.14, 2692
0.14, 2691
0.14, 2690
0.14, 2689
0.14, 2688
0.14, 2687
0.14, 2686
0.14, 2685
0.14, 2684
0.14, 2683
0.14, 2682
0.14, 2681
0.14, 2680
0.14, 2679
0.14, 2678
0.14, 2677
0.14, 2676
0.14, 2675
0.14, 2674
0.14, 2673
0.14, 2672
0.14, 2671
0.14, 2670
0.14, 2669
0.14, 2668
0.14, 2667
0.14, 2666
0.14, 2665
0.14, 2664
0.14, 2663
0.14, 2662
0.14, 2661
0.14, 2660
0.14, 2659
0.14, 2658
0.14, 2657
0.14, 2656
0.14, 2655
0.15, 2654
0.15, 2653
0.15, 2652
0.15, 2651
0.15, 2650
0.15, 2649
0.15, 2648
0.15, 2647
0.15, 2646
0.15, 2645
0.15, 2644
0.15, 2643
0.15, 2642
0.15, 2641
0.15, 2640
0.15, 2639
0.15, 2638
0.15, 2637
0.15, 2636
0.15, 2635
0.15, 2634
0.15, 2633
0.15, 2632
0.15, 2631
0.15, 2630
0.15, 2629
0.15, 2628
0.15, 2627
0.15, 2626
0.15, 2625
0.15, 2624
0.15, 2623
0.15, 2622
0.15, 2621
0.15, 2620
0.15, 2619
0.15, 2618
0.15, 2617
0.15, 2616
0.15, 2615
0.15, 2614
0.15, 2613
0.15, 2612
0.15, 2611
0.15, 2610
0.15, 2609
0.15, 2608
0.15, 2607
0.15, 2606
0.15, 2605
0.15, 2604
0.15, 2603
0.15, 2602
0.15, 2601
0.15, 2600
0.15, 2599
0.15, 2598
0.15, 2597
0.15, 2596
0.15, 2595
0.15, 2594
0.15, 2593
0.15, 2592
0.15, 2591
0.15, 2590
0.15, 2589
0.15, 2588
0.15, 2587
0.15, 2586
0.15, 2585
0.15, 2584
0.16, 2583
0.16, 2582
0.16, 2581
0.16, 2580
0.16, 2579
0.16, 2578
0.16, 2577
0.16, 2576
0.16, 2575
0.16, 2574
0.16, 2573
0.16, 2572
0.16, 2571
0.16, 2570
0.16, 2569
0.16, 2568
0.16, 2567
0.16, 2566
0.16, 2565
0.16, 2564
0.16, 2563
0.16, 2562
0.16, 2561
0.16, 2560
0.16, 2559
0.16, 2558
0.16, 2557
0.16, 2556
0.16, 2555
0.16, 2554
0.16, 2553
0.16, 2552
0.16, 2551
0.16, 2550
0.16, 2549
0.16, 2548
0.16, 2547
0.16, 2546
0.16, 2545
0.16, 2544
0.16, 2543
0.16, 2542
0.16, 2541
0.16, 2540
0.16, 2539
0.16, 2538
0.16, 2537
0.16, 2536
0.16, 2535
0.16, 2534
0.16, 2533
0.16, 2532
0.16, 2531
0.16, 2530
0.16, 2529
0.16, 2528
0.16, 2527
0.16, 2526
0.16, 2525
0.16, 2524
0.16, 2523
0.16, 2522
0.16, 2521
0.16, 2520
0.16, 2519
0.16, 2518
0.16, 2517
0.16, 2516
0.16, 2515
0.16, 2514
0.16, 2513
0.16, 2512
0.16, 2511
0.16, 2510
0.16, 2509
0.16, 2508
0.16, 2507
0.17, 2506
0.17, 2505
0.17, 2504
0.17, 2503
0.17, 2502
0.17, 2501
0.17, 2500
0.17, 2499
0.17, 2498
0.17, 2497
0.17, 2496
0.17, 2495
0.17, 2494
0.17, 2493
0.17, 2492
0.17, 2491
0.17, 2490
0.17, 2489
0.17, 2488
0.17, 2487
0.17, 2486
0.17, 2485
0.17, 2484
0.17, 2483
0.17, 2482
0.17, 2481
0.17, 2480
0.17, 2479
0.17, 2478
0.17, 2477
0.17, 2476
0.17, 2475
0.17, 2474
0.17, 2473
0.17, 2472
0.17, 2471
0.17, 2470
0.17, 2469
0.17, 2468
0.17, 2467
0.17, 2466
0.17, 2465
0.17, 2464
0.18, 2463
0.18, 2462
0.18, 2461
0.18, 2460
0.18, 2459
0.18, 2458
0.18, 2457
0.18, 2456
0.18, 2455
0.18, 2454
0.18, 2453
0.18, 2452
0.18, 2451
0.18, 2450
0.18, 2449
0.18, 2448
0.18, 2447
0.18, 2446
0.18, 2445
0.18, 2444
0.18, 2443
0.18, 2442
0.18, 2441
0.18, 2440
0.18, 2439
0.18, 2438
0.18, 2437
0.18, 2436
0.18, 2435
0.18, 2434
0.18, 2433
0.18, 2432
0.18, 2431
0.18, 2430
0.18, 2429
0.18, 2428
0.18, 2427
0.18, 2426
0.18, 2425
0.18, 2424
0.18, 2423
0.18, 2422
0.18, 2421
0.18, 2420
0.18, 2419
0.18, 2418
0.19, 2417
0.19, 2416
0.19, 2415
0.19, 2414
0.19, 2413
0.19, 2412
0.19, 2411
0.19, 2410
0.19, 2409
0.19, 2408
0.19, 2407
0.19, 2406
0.19, 2405
0.19, 2404
0.19, 2403
0.19, 2402
0.19, 2401
0.19, 2400
0.19, 2399
0.19, 2398
0.19, 2397
0.19, 2396
0.19, 2395
0.19, 2394
0.19, 2393
0.19, 2392
0.19, 2391
0.19, 2390
0.19, 2389
0.19, 2388
0.19, 2387
0.19, 2386
0.19, 2385
0.20, 2384
0.20, 2383
0.20, 2382
0.20, 2381
0.20, 2380
0.20, 2379
0.20, 2378
0.20, 2377
0.20, 2376
0.20, 2375
0.20, 2374
0.20, 2373
0.20, 2372
0.20, 2371
0.20, 2370
0.20, 2369
0.20, 2368
0.20, 2367
0.20, 2366
0.20, 2365
0.20, 2364
0.20, 2363
0.20, 2362
0.20, 2361
0.20, 2360
0.20, 2359
0.20, 2358
0.20, 2357
0.20, 2356
0.20, 2355
0.20, 2354
0.20, 2353
0.20, 2352
0.21, 2351
0.21, 2350
0.21, 2349
0.21, 2348
0.21, 2347
0.21, 2346
0.21, 2345
0.21, 2344
0.21, 2343
0.21, 2342
0.21, 2341
0.21, 2340
0.21, 2339
0.21, 2338
0.21, 2337
0.21, 2336
0.21, 2335
0.21, 2334
0.21, 2333
0.21, 2332
0.21, 2331
0.21, 2330
0.21, 2329
0.21, 2328
0.21, 2327
0.21, 2326
0.21, 2325
0.21, 2324
0.22, 2323
0.22, 2322
0.22, 2321
0.22, 2320
0.22, 2319
0.22, 2318
0.22, 2317
0.22, 2316
0.22, 2315
0.22, 2314
0.23, 2313
0.23, 2312
0.23, 2311
0.23, 2310
0.23, 2309
0.23, 2308
0.23, 2307
0.23, 2306
0.23, 2305
0.23, 2304
0.23, 2303
0.24, 2302
0.24, 2301
0.24, 2300
0.24, 2299
0.24, 2298
0.24, 2297
0.24, 2296
0.24, 2295
0.24, 2294
0.24, 2293
0.24, 2292
0.25, 2291
0.25, 2290
0.25, 2289
0.25, 2288
0.25, 2287
0.26, 2286
0.26, 2285
0.26, 2284
0.26, 2283
0.26, 2282
0.27, 2281
0.27, 2280
0.27, 2279
0.27, 2278
0.28, 2277
0.28, 2276
0.28, 2275
0.28, 2274
0.28, 2273
0.29, 2272
0.30, 2271
0.30, 2270
0.31, 2269
