0.01, 11022
0.01, 11021
0.01, 11020
0.01, 11019
0.01, 11018
0.01, 11017
0.01, 11016
0.01, 11015
0.01, 11014
0.01, 11013
0.01, 11012
0.01, 11011
0.01, 11010
0.01, 11009
0.01, 11008
0.01, 11007
0.01, 11006
0.01, 11005
0.01, 11004
0.01, 11003
0.01, 11002
0.01, 11001
0.01, 11000
0.01, 10999
0.01, 10998
0.01, 10997
0.01, 10996
0.01, 10995
0.01, 10994
0.01, 10993
0.01, 10992
0.01, 10991
0.01, 10990
0.01, 10989
0.01, 10988
0.01, 10987
0.01, 10986
0.01, 10985
0.01, 10984
0.01, 10983
0.01, 10982
0.01, 10981
0.01, 10980
0.01, 10979
0.01, 10978
0.01, 10977
0.01, 10976
0.01, 10975
0.01, 10974
0.01, 10973
0.01, 10972
0.01, 10971
0.01, 10970
0.01, 10969
0.01, 10968
0.01, 10967
0.01, 10966
0.01, 10965
0.01, 10964
0.01, 10963
0.01, 10962
0.01, 10961
0.01, 10960
0.01, 10959
0.01, 10958
0.01, 10957
0.01, 10956
0.01, 10955
0.01, 10954
0.01, 10953
0.01, 10952
0.01, 10951
0.01, 10950
0.01, 10949
0.01, 10948
0.01, 10947
0.01, 10946
0.01, 10945
0.01, 10944
0.01, 10943
0.01, 10942
0.01, 10941
0.01, 10940
0.01, 10939
0.01, 10938
0.01, 10937
0.01, 10936
0.01, 10935
0.01, 10934
0.01, 10933
0.01, 10932
0.01, 10931
0.01, 10930
0.01, 10929
0.01, 10928
0.01, 10927
0.01, 10926
0.01, 10925
0.01, 10924
0.01, 10923
0.01, 10922
0.01, 10921
0.01, 10920
0.01, 10919
0.01, 10918
0.01, 10917
0.01, 10916
0.01, 10915
0.01, 10914
0.01, 10913
0.01, 10912
0.01, 10911
0.01, 10910
0.01, 10909
0.01, 10908
0.01, 10907
0.01, 10906
0.01, 10905
0.01, 10904
0.01, 10903
0.01, 10902
0.01, 10901
0.01, 10900
0.01, 10899
0.01, 10898
0.01, 10897
0.01, 10896
0.01, 10895
0.01, 10894
0.01, 10893
0.01, 10892
0.01, 10891
0.01, 10890
0.01, 10889
0.01, 10888
0.01, 10887
0.01, 10886
0.01, 10885
0.01, 10884
0.01, 10883
0.01, 10882
0.01, 10881
0.01, 10880
0.01, 10879
0.01, 10878
0.01, 10877
0.01, 10876
0.01, 10875
0.01, 10874
0.01, 10873
0.02, 10872
0.02, 10871
0.02, 10870
0.02, 10869
0.02, 10868
0.02, 10867
0.02, 10866
0.02, 10865
0.02, 10864
0.02, 10863
0.02, 10862
0.02, 10861
0.02, 10860
0.02, 10859
0.02, 10858
0.02, 10857
0.02, 10856
0.02, 10855
0.02, 10854
0.02, 10853
0.02, 10852
0.02, 10851
0.02, 10850
0.02, 10849
0.02, 10848
0.02, 10847
0.02, 10846
0.02, 10845
0.02, 10844
0.02, 10843
0.02, 10842
0.02, 10841
0.02, 10840
0.02, 10839
0.02, 10838
0.02, 10837
0.02, 10836
0.02, 10835
0.02, 10834
0.02, 10833
0.02, 10832
0.02, 10831
0.02, 10830
0.02, 10829
0.02, 10828
0.02, 10827
0.02, 10826
0.02, 10825
0.02, 10824
0.02, 10823
0.02, 10822
0.02, 10821
0.02, 10820
0.02, 10819
0.02, 10818
0.02, 10817
0.02, 10816
0.02, 10815
0.02, 10814
0.02, 10813
0.02, 10812
0.02, 10811
0.02, 10810
0.02, 10809
0.02, 10808
0.02, 10807
0.02, 10806
0.02, 10805
0.02, 10804
0.02, 10803
0.02, 10802
0.02, 10801
0.02, 10800
0.02, 10799
0.02, 10798
0.02, 10797
0.02, 10796
0.02, 10795
0.02, 10794
0.02, 10793
0.02, 10792
0.02, 10791
0.02, 10790
0.02, 10789
0.02, 10788
0.02, 10787
0.02, 10786
0.02, 10785
0.02, 10784
0.02, 10783
0.02, 10782
0.02, 10781
0.02, 10780
0.02, 10779
0.02, 10778
0.02, 10777
0.02, 10776
0.02, 10775
0.02, 10774
0.02, 10773
0.02, 10772
0.02, 10771
0.02, 10770
0.02, 10769
0.02, 10768
0.02, 10767
0.02, 10766
0.02, 10765
0.02, 10764
0.02, 10763
0.02, 10762
0.02, 10761
0.02, 10760
0.02, 10759
0.02, 10758
0.02, 10757
0.02, 10756
0.02, 10755
0.02, 10754
0.02, 10753
0.02, 10752
0.02, 10751
0.02, 10750
0.02, 10749
0.02, 10748
0.02, 10747
0.02, 10746
0.02, 10745
0.02, 10744
0.02, 10743
0.02, 10742
0.02, 10741
0.02, 10740
0.02, 10739
0.02, 10738
0.02, 10737
0.02, 10736
0.02, 10735
0.02, 10734
0.02, 10733
0.02, 10732
0.02, 10731
0.02, 10730
0.02, 10729
0.02, 10728
0.02, 10727
0.02, 10726
0.02, 10725
0.02, 10724
0.02, 10723
0.02, 10722
0.02, 10721
0.02, 10720
0.02, 10719
0.02, 10718
0.02, 10717
0.02, 10716
0.02, 10715
0.02, 10714
0.02, 10713
0.02, 10712
0.02, 10711
0.02, 10710
0.02, 10709
0.02, 10708
0.02, 10707
0.02, 10706
0.02, 10705
0.03, 10704
0.03, 10703
0.03, 10702
0.03, 10701
0.03, 10700
0.03, 10699
0.03, 10698
0.03, 10697
0.03, 10696
0.03, 10695
0.03, 10694
0.03, 10693
0.03, 10692
0.03, 10691
0.03, 10690
0.03, 10689
0.03, 10688
0.03, 10687
0.03, 10686
0.03, 10685
0.03, 10684
0.03, 10683
0.03, 10682
0.03, 10681
0.03, 10680
0.03, 10679
0.03, 10678
0.03, 10677
0.03, 10676
0.03, 10675
0.03, 10674
0.03, 10673
0.03, 10672
0.03, 10671
0.03, 10670
0.03, 10669
0.03, 10668
0.03, 10667
0.03, 10666
0.03, 10665
0.03, 10664
0.03, 10663
0.03, 10662
0.03, 10661
0.03, 10660
0.03, 10659
0.03, 10658
0.03, 10657
0.03, 10656
0.03, 10655
0.03, 10654
0.03, 10653
0.03, 10652
0.03, 10651
0.03, 10650
0.03, 10649
0.03, 10648
0.03, 10647
0.03, 10646
0.03, 10645
0.03, 10644
0.03, 10643
0.03, 10642
0.03, 10641
0.03, 10640
0.03, 10639
0.03, 10638
0.03, 10637
0.03, 10636
0.03, 10635
0.03, 10634
0.03, 10633
0.03, 10632
0.03, 10631
0.03, 10630
0.03, 10629
0.03, 10628
0.03, 10627
0.03, 10626
0.03, 10625
0.03, 10624
0.03, 10623
0.03, 10622
0.03, 10621
0.03, 10620
0.03, 10619
0.03, 10618
0.03, 10617
0.03, 10616
0.03, 10615
0.03, 10614
0.03, 10613
0.03, 10612
0.03, 10611
0.03, 10610
0.03, 10609
0.03, 10608
0.03, 10607
0.03, 10606
0.03, 10605
0.03, 10604
0.03, 10603
0.03, 10602
0.03, 10601
0.03, 10600
0.03, 10599
0.03, 10598
0.03, 10597
0.03, 10596
0.03, 10595
0.03, 10594
0.03, 10593
0.03, 10592
0.03, 10591
0.03, 10590
0.03, 10589
0.03, 10588
0.03, 10587
0.03, 10586
0.03, 10585
0.03, 10584
0.03, 10583
0.03, 10582
0.03, 10581
0.03, 10580
0.03, 10579
0.03, 10578
0.03, 10577
0.03, 10576
0.03, 10575
0.03, 10574
0.03, 10573
0.03, 10572
0.03, 10571
0.03, 10570
0.03, 10569
0.03, 10568
0.03, 10567
0.03, 10566
0.03, 10565
0.03, 10564
0.03, 10563
0.03, 10562
0.03, 10561
0.03, 10560
0.03, 10559
0.03, 10558
0.03, 10557
0.03, 10556
0.03, 10555
0.03, 10554
0.03, 10553
0.03, 10552
0.03, 10551
0.03, 10550
0.03, 10549
0.03, 10548
0.03, 10547
0.03, 10546
0.03, 10545
0.03, 10544
0.03, 10543
0.03, 10542
0.03, 10541
0.03, 10540
0.03, 10539
0.03, 10538
0.03, 10537
0.03, 10536
0.03, 10535
0.03, 10534
0.03, 10533
0.03, 10532
0.03, 10531
0.03, 10530
0.03, 10529
0.03, 10528
0.03, 10527
0.03, 10526
0.03, 10525
0.03, 10524
0.03, 10523
0.03, 10522
0.03, 10521
0.03, 10520
0.03, 10519
0.03, 10518
0.03, 10517
0.03, 10516
0.03, 10515
0.03, 10514
0.03, 10513
0.03, 10512
0.04, 10511
0.04, 10510
0.04, 10509
0.04, 10508
0.04, 10507
0.04, 10506
0.04, 10505
0.04, 10504
0.04, 10503
0.04, 10502
0.04, 10501
0.04, 10500
0.04, 10499
0.04, 10498
0.04, 10497
0.04, 10496
0.04, 10495
0.04, 10494
0.04, 10493
0.04, 10492
0.04, 10491
0.04, 10490
0.04, 10489
0.04, 10488
0.04, 10487
0.04, 10486
0.04, 10485
0.04, 10484
0.04, 10483
0.04, 10482
0.04, 10481
0.04, 10480
0.04, 10479
0.04, 10478
0.04, 10477
0.04, 10476
0.04, 10475
0.04, 10474
0.04, 10473
0.04, 10472
0.04, 10471
0.04, 10470
0.04, 10469
0.04, 10468
0.04, 10467
0.04, 10466
0.04, 10465
0.04, 10464
0.04, 10463
0.04, 10462
0.04, 10461
0.04, 10460
0.04, 10459
0.04, 10458
0.04, 10457
0.04, 10456
0.04, 10455
0.04, 10454
0.04, 10453
0.04, 10452
0.04, 10451
0.04, 10450
0.04, 10449
0.04, 10448
0.04, 10447
0.04, 10446
0.04, 10445
0.04, 10444
0.04, 10443
0.04, 10442
0.04, 10441
0.04, 10440
0.04, 10439
0.04, 10438
0.04, 10437
0.04, 10436
0.04, 10435
0.04, 10434
0.04, 10433
0.04, 10432
0.04, 10431
0.04, 10430
0.04, 10429
0.04, 10428
0.04, 10427
0.04, 10426
0.04, 10425
0.04, 10424
0.04, 10423
0.04, 10422
0.04, 10421
0.04, 10420
0.04, 10419
0.04, 10418
0.04, 10417
0.04, 10416
0.04, 10415
0.04, 10414
0.04, 10413
0.04, 10412
0.04, 10411
0.04, 10410
0.04, 10409
0.04, 10408
0.04, 10407
0.04, 10406
0.04, 10405
0.04, 10404
0.04, 10403
0.04, 10402
0.04, 10401
0.04, 10400
0.04, 10399
0.04, 10398
0.04, 10397
0.04, 10396
0.04, 10395
0.04, 10394
0.04, 10393
0.04, 10392
0.04, 10391
0.04, 10390
0.04, 10389
0.04, 10388
0.04, 10387
0.04, 10386
0.04, 10385
0.04, 10384
0.04, 10383
0.04, 10382
0.04, 10381
0.04, 10380
0.04, 10379
0.04, 10378
0.04, 10377
0.04, 10376
0.04, 10375
0.04, 10374
0.04, 10373
0.04, 10372
0.04, 10371
0.04, 10370
0.04, 10369
0.04, 10368
0.04, 10367
0.04, 10366
0.04, 10365
0.04, 10364
0.04, 10363
0.04, 10362
0.04, 10361
0.04, 10360
0.04, 10359
0.04, 10358
0.04, 10357
0.04, 10356
0.04, 10355
0.04, 10354
0.04, 10353
0.04, 10352
0.04, 10351
0.04, 10350
0.04, 10349
0.04, 10348
0.04, 10347
0.04, 10346
0.04, 10345
0.04, 10344
0.04, 10343
0.04, 10342
0.04, 10341
0.04, 10340
0.04, 10339
0.04, 10338
0.04, 10337
0.04, 10336
0.04, 10335
0.04, 10334
0.04, 10333
0.04, 10332
0.04, 10331
0.04, 10330
0.04, 10329
0.04, 10328
0.04, 10327
0.04, 10326
0.04, 10325
0.04, 10324
0.04, 10323
0.04, 10322
0.04, 10321
0.04, 10320
0.04, 10319
0.04, 10318
0.04, 10317
0.04, 10316
0.04, 10315
0.04, 10314
0.04, 10313
0.04, 10312
0.04, 10311
0.04, 10310
0.05, 10309
0.05, 10308
0.05, 10307
0.05, 10306
0.05, 10305
0.05, 10304
0.05, 10303
0.05, 10302
0.05, 10301
0.05, 10300
0.05, 10299
0.05, 10298
0.05, 10297
0.05, 10296
0.05, 10295
0.05, 10294
0.05, 10293
0.05, 10292
0.05, 10291
0.05, 10290
0.05, 10289
0.05, 10288
0.05, 10287
0.05, 10286
0.05, 10285
0.05, 10284
0.05, 10283
0.05, 10282
0.05, 10281
0.05, 10280
0.05, 10279
0.05, 10278
0.05, 10277
0.05, 10276
0.05, 10275
0.05, 10274
0.05, 10273
0.05, 10272
0.05, 10271
0.05, 10270
0.05, 10269
0.05, 10268
0.05, 10267
0.05, 10266
0.05, 10265
0.05, 10264
0.05, 10263
0.05, 10262
0.05, 10261
0.05, 10260
0.05, 10259
0.05, 10258
0.05, 10257
0.05, 10256
0.05, 10255
0.05, 10254
0.05, 10253
0.05, 10252
0.05, 10251
0.05, 10250
0.05, 10249
0.05, 10248
0.05, 10247
0.05, 10246
0.05, 10245
0.05, 10244
0.05, 10243
0.05, 10242
0.05, 10241
0.05, 10240
0.05, 10239
0.05, 10238
0.05, 10237
0.05, 10236
0.05, 10235
0.05, 10234
0.05, 10233
0.05, 10232
0.05, 10231
0.05, 10230
0.05, 10229
0.05, 10228
0.05, 10227
0.05, 10226
0.05, 10225
0.05, 10224
0.05, 10223
0.05, 10222
0.05, 10221
0.05, 10220
0.05, 10219
0.05, 10218
0.05, 10217
0.05, 10216
0.05, 10215
0.05, 10214
0.05, 10213
0.05, 10212
0.05, 10211
0.05, 10210
0.05, 10209
0.05, 10208
0.05, 10207
0.05, 10206
0.05, 10205
0.05, 10204
0.05, 10203
0.05, 10202
0.05, 10201
0.05, 10200
0.05, 10199
0.05, 10198
0.05, 10197
0.05, 10196
0.05, 10195
0.05, 10194
0.05, 10193
0.05, 10192
0.05, 10191
0.05, 10190
0.05, 10189
0.05, 10188
0.05, 10187
0.05, 10186
0.05, 10185
0.05, 10184
0.05, 10183
0.05, 10182
0.05, 10181
0.05, 10180
0.05, 10179
0.05, 10178
0.05, 10177
0.05, 10176
0.05, 10175
0.05, 10174
0.05, 10173
0.05, 10172
0.05, 10171
0.05, 10170
0.05, 10169
0.05, 10168
0.05, 10167
0.05, 10166
0.05, 10165
0.05, 10164
0.05, 10163
0.05, 10162
0.05, 10161
0.05, 10160
0.05, 10159
0.05, 10158
0.05, 10157
0.05, 10156
0.05, 10155
0.05, 10154
0.05, 10153
0.05, 10152
0.05, 10151
0.05, 10150
0.05, 10149
0.05, 10148
0.05, 10147
0.06, 10146
0.06, 10145
0.06, 10144
0.06, 10143
0.06, 10142
0.06, 10141
0.06, 10140
0.06, 10139
0.06, 10138
0.06, 10137
0.06, 10136
0.06, 10135
0.06, 10134
0.06, 10133
0.06, 10132
0.06, 10131
0.06, 10130
0.06, 10129
0.06, 10128
0.06, 10127
0.06, 10126
0.06, 10125
0.06, 10124
0.06, 10123
0.06, 10122
0.06, 10121
0.06, 10120
0.06, 10119
0.06, 10118
0.06, 10117
0.06, 10116
0.06, 10115
0.06, 10114
0.06, 10113
0.06, 10112
0.06, 10111
0.06, 10110
0.06, 10109
0.06, 10108
0.06, 10107
0.06, 10106
0.06, 10105
0.06, 10104
0.06, 10103
0.06, 10102
0.06, 10101
0.06, 10100
0.06, 10099
0.06, 10098
0.06, 10097
0.06, 10096
0.06, 10095
0.06, 10094
0.06, 10093
0.06, 10092
0.06, 10091
0.06, 10090
0.06, 10089
0.06, 10088
0.06, 10087
0.06, 10086
0.06, 10085
0.06, 10084
0.06, 10083
0.06, 10082
0.06, 10081
0.06, 10080
0.06, 10079
0.06, 10078
0.06, 10077
0.06, 10076
0.06, 10075
0.06, 10074
0.06, 10073
0.06, 10072
0.06, 10071
0.06, 10070
0.06, 10069
0.06, 10068
0.06, 10067
0.06, 10066
0.06, 10065
0.06, 10064
0.06, 10063
0.06, 10062
0.06, 10061
0.06, 10060
0.06, 10059
0.06, 10058
0.06, 10057
0.06, 10056
0.06, 10055
0.06, 10054
0.06, 10053
0.06, 10052
0.06, 10051
0.06, 10050
0.06, 10049
0.06, 10048
0.06, 10047
0.06, 10046
0.06, 10045
0.06, 10044
0.06, 10043
0.06, 10042
0.06, 10041
0.06, 10040
0.06, 10039
0.06, 10038
0.06, 10037
0.06, 10036
0.06, 10035
0.06, 10034
0.06, 10033
0.06, 10032
0.06, 10031
0.06, 10030
0.06, 10029
0.06, 10028
0.06, 10027
0.06, 10026
0.06, 10025
0.06, 10024
0.06, 10023
0.06, 10022
0.06, 10021
0.06, 10020
0.06, 10019
0.06, 10018
0.06, 10017
0.06, 10016
0.06, 10015
0.06, 10014
0.06, 10013
0.06, 10012
0.06, 10011
0.06, 10010
0.06, 10009
0.06, 10008
0.07, 10007
0.07, 10006
0.07, 10005
0.07, 10004
0.07, 10003
0.07, 10002
0.07, 10001
0.07, 10000
0.07, 9999
0.07, 9998
0.07, 9997
0.07, 9996
0.07, 9995
0.07, 9994
0.07, 9993
0.07, 9992
0.07, 9991
0.07, 9990
0.07, 9989
0.07, 9988
0.07, 9987
0.07, 9986
0.07, 9985
0.07, 9984
0.07, 9983
0.07, 9982
0.07, 9981
0.07, 9980
0.07, 9979
0.07, 9978
0.07, 9977
0.07, 9976
0.07, 9975
0.07, 9974
0.07, 9973
0.07, 9972
0.07, 9971
0.07, 9970
0.07, 9969
0.07, 9968
0.07, 9967
0.07, 9966
0.07, 9965
0.07, 9964
0.07, 9963
0.07, 9962
0.07, 9961
0.07, 9960
0.07, 9959
0.07, 9958
0.07, 9957
0.07, 9956
0.07, 9955
0.07, 9954
0.07, 9953
0.07, 9952
0.07, 9951
0.07, 9950
0.07, 9949
0.07, 9948
0.07, 9947
0.07, 9946
0.07, 9945
0.07, 9944
0.07, 9943
0.07, 9942
0.07, 9941
0.07, 9940
0.07, 9939
0.07, 9938
0.07, 9937
0.07, 9936
0.07, 9935
0.07, 9934
0.07, 9933
0.07, 9932
0.07, 9931
0.07, 9930
0.07, 9929
0.07, 9928
0.07, 9927
0.07, 9926
0.07, 9925
0.07, 9924
0.07, 9923
0.07, 9922
0.07, 9921
0.07, 9920
0.07, 9919
0.07, 9918
0.07, 9917
0.07, 9916
0.07, 9915
0.07, 9914
0.07, 9913
0.07, 9912
0.07, 9911
0.07, 9910
0.07, 9909
0.07, 9908
0.07, 9907
0.07, 9906
0.07, 9905
0.07, 9904
0.07, 9903
0.07, 9902
0.07, 9901
0.07, 9900
0.07, 9899
0.07, 9898
0.07, 9897
0.07, 9896
0.07, 9895
0.07, 9894
0.07, 9893
0.07, 9892
0.07, 9891
0.07, 9890
0.07, 9889
0.07, 9888
0.07, 9887
0.07, 9886
0.07, 9885
0.07, 9884
0.07, 9883
0.07, 9882
0.07, 9881
0.07, 9880
0.07, 9879
0.07, 9878
0.07, 9877
0.07, 9876
0.07, 9875
0.07, 9874
0.07, 9873
0.07, 9872
0.07, 9871
0.07, 9870
0.07, 9869
0.07, 9868
0.07, 9867
0.07, 9866
0.07, 9865
0.07, 9864
0.07, 9863
0.07, 9862
0.07, 9861
0.07, 9860
0.07, 9859
0.07, 9858
0.07, 9857
0.07, 9856
0.07, 9855
0.07, 9854
0.07, 9853
0.07, 9852
0.07, 9851
0.07, 9850
0.07, 9849
0.07, 9848
0.07, 9847
0.07, 9846
0.07, 9845
0.07, 9844
0.07, 9843
0.07, 9842
0.07, 9841
0.07, 9840
0.07, 9839
0.08, 9838
0.08, 9837
0.08, 9836
0.08, 9835
0.08, 9834
0.08, 9833
0.08, 9832
0.08, 9831
0.08, 9830
0.08, 9829
0.08, 9828
0.08, 9827
0.08, 9826
0.08, 9825
0.08, 9824
0.08, 9823
0.08, 9822
0.08, 9821
0.08, 9820
0.08, 9819
0.08, 9818
0.08, 9817
0.08, 9816
0.08, 9815
0.08, 9814
0.08, 9813
0.08, 9812
0.08, 9811
0.08, 9810
0.08, 9809
0.08, 9808
0.08, 9807
0.08, 9806
0.08, 9805
0.08, 9804
0.08, 9803
0.08, 9802
0.08, 9801
0.08, 9800
0.08, 9799
0.08, 9798
0.08, 9797
0.08, 9796
0.08, 9795
0.08, 9794
0.08, 9793
0.08, 9792
0.08, 9791
0.08, 9790
0.08, 9789
0.08, 9788
0.08, 9787
0.08, 9786
0.08, 9785
0.08, 9784
0.08, 9783
0.08, 9782
0.08, 9781
0.08, 9780
0.08, 9779
0.08, 9778
0.08, 9777
0.08, 9776
0.08, 9775
0.08, 9774
0.08, 9773
0.08, 9772
0.08, 9771
0.08, 9770
0.08, 9769
0.08, 9768
0.08, 9767
0.08, 9766
0.08, 9765
0.08, 9764
0.08, 9763
0.08, 9762
0.08, 9761
0.08, 9760
0.08, 9759
0.08, 9758
0.08, 9757
0.08, 9756
0.08, 9755
0.08, 9754
0.08, 9753
0.08, 9752
0.08, 9751
0.08, 9750
0.08, 9749
0.08, 9748
0.08, 9747
0.08, 9746
0.08, 9745
0.08, 9744
0.08, 9743
0.08, 9742
0.08, 9741
0.08, 9740
0.08, 9739
0.08, 9738
0.08, 9737
0.08, 9736
0.08, 9735
0.08, 9734
0.08, 9733
0.08, 9732
0.08, 9731
0.08, 9730
0.08, 9729
0.08, 9728
0.08, 9727
0.08, 9726
0.08, 9725
0.08, 9724
0.08, 9723
0.08, 9722
0.08, 9721
0.08, 9720
0.08, 9719
0.08, 9718
0.08, 9717
0.08, 9716
0.08, 9715
0.08, 9714
0.08, 9713
0.08, 9712
0.08, 9711
0.08, 9710
0.08, 9709
0.08, 9708
0.08, 9707
0.08, 9706
0.08, 9705
0.08, 9704
0.08, 9703
0.08, 9702
0.08, 9701
0.08, 9700
0.08, 9699
0.08, 9698
0.08, 9697
0.08, 9696
0.08, 9695
0.08, 9694
0.08, 9693
0.08, 9692
0.08, 9691
0.08, 9690
0.08, 9689
0.08, 9688
0.08, 9687
0.08, 9686
0.08, 9685
0.08, 9684
0.08, 9683
0.08, 9682
0.08, 9681
0.08, 9680
0.08, 9679
0.09, 9678
0.09, 9677
0.09, 9676
0.09, 9675
0.09, 9674
0.09, 9673
0.09, 9672
0.09, 9671
0.09, 9670
0.09, 9669
0.09, 9668
0.09, 9667
0.09, 9666
0.09, 9665
0.09, 9664
0.09, 9663
0.09, 9662
0.09, 9661
0.09, 9660
0.09, 9659
0.09, 9658
0.09, 9657
0.09, 9656
0.09, 9655
0.09, 9654
0.09, 9653
0.09, 9652
0.09, 9651
0.09, 9650
0.09, 9649
0.09, 9648
0.09, 9647
0.09, 9646
0.09, 9645
0.09, 9644
0.09, 9643
0.09, 9642
0.09, 9641
0.09, 9640
0.09, 9639
0.09, 9638
0.09, 9637
0.09, 9636
0.09, 9635
0.09, 9634
0.09, 9633
0.09, 9632
0.09, 9631
0.09, 9630
0.09, 9629
0.09, 9628
0.09, 9627
0.09, 9626
0.09, 9625
0.09, 9624
0.09, 9623
0.09, 9622
0.09, 9621
0.09, 9620
0.09, 9619
0.09, 9618
0.09, 9617
0.09, 9616
0.09, 9615
0.09, 9614
0.09, 9613
0.09, 9612
0.09, 9611
0.09, 9610
0.09, 9609
0.09, 9608
0.09, 9607
0.09, 9606
0.09, 9605
0.09, 9604
0.09, 9603
0.09, 9602
0.09, 9601
0.09, 9600
0.09, 9599
0.09, 9598
0.09, 9597
0.09, 9596
0.09, 9595
0.09, 9594
0.09, 9593
0.09, 9592
0.09, 9591
0.09, 9590
0.09, 9589
0.09, 9588
0.09, 9587
0.09, 9586
0.09, 9585
0.09, 9584
0.09, 9583
0.09, 9582
0.09, 9581
0.09, 9580
0.09, 9579
0.09, 9578
0.09, 9577
0.09, 9576
0.09, 9575
0.09, 9574
0.09, 9573
0.09, 9572
0.09, 9571
0.09, 9570
0.09, 9569
0.09, 9568
0.09, 9567
0.09, 9566
0.09, 9565
0.09, 9564
0.09, 9563
0.09, 9562
0.09, 9561
0.09, 9560
0.09, 9559
0.09, 9558
0.09, 9557
0.09, 9556
0.09, 9555
0.09, 9554
0.09, 9553
0.09, 9552
0.09, 9551
0.09, 9550
0.09, 9549
0.09, 9548
0.09, 9547
0.09, 9546
0.09, 9545
0.09, 9544
0.09, 9543
0.09, 9542
0.09, 9541
0.09, 9540
0.09, 9539
0.09, 9538
0.09, 9537
0.09, 9536
0.09, 9535
0.09, 9534
0.09, 9533
0.09, 9532
0.09, 9531
0.10, 9530
0.10, 9529
0.10, 9528
0.10, 9527
0.10, 9526
0.10, 9525
0.10, 9524
0.10, 9523
0.10, 9522
0.10, 9521
0.10, 9520
0.10, 9519
0.10, 9518
0.10, 9517
0.10, 9516
0.10, 9515
0.10, 9514
0.10, 9513
0.10, 9512
0.10, 9511
0.10, 9510
0.10, 9509
0.10, 9508
0.10, 9507
0.10, 9506
0.10, 9505
0.10, 9504
0.10, 9503
0.10, 9502
0.10, 9501
0.10, 9500
0.10, 9499
0.10, 9498
0.10, 9497
0.10, 9496
0.10, 9495
0.10, 9494
0.10, 9493
0.10, 9492
0.10, 9491
0.10, 9490
0.10, 9489
0.10, 9488
0.10, 9487
0.10, 9486
0.10, 9485
0.10, 9484
0.10, 9483
0.10, 9482
0.10, 9481
0.10, 9480
0.10, 9479
0.10, 9478
0.10, 9477
0.10, 9476
0.10, 9475
0.10, 9474
0.10, 9473
0.10, 9472
0.10, 9471
0.10, 9470
0.10, 9469
0.10, 9468
0.10, 9467
0.10, 9466
0.10, 9465
0.10, 9464
0.10, 9463
0.10, 9462
0.10, 9461
0.10, 9460
0.10, 9459
0.10, 9458
0.10, 9457
0.10, 9456
0.10, 9455
0.10, 9454
0.10, 9453
0.10, 9452
0.10, 9451
0.10, 9450
0.10, 9449
0.10, 9448
0.10, 9447
0.10, 9446
0.10, 9445
0.10, 9444
0.10, 9443
0.10, 9442
0.10, 9441
0.10, 9440
0.10, 9439
0.10, 9438
0.10, 9437
0.10, 9436
0.10, 9435
0.10, 9434
0.10, 9433
0.10, 9432
0.10, 9431
0.10, 9430
0.10, 9429
0.10, 9428
0.10, 9427
0.10, 9426
0.10, 9425
0.10, 9424
0.10, 9423
0.10, 9422
0.10, 9421
0.10, 9420
0.10, 9419
0.10, 9418
0.10, 9417
0.10, 9416
0.10, 9415
0.10, 9414
0.10, 9413
0.10, 9412
0.10, 9411
0.10, 9410
0.10, 9409
0.10, 9408
0.10, 9407
0.10, 9406
0.10, 9405
0.10, 9404
0.10, 9403
0.10, 9402
0.10, 9401
0.10, 9400
0.10, 9399
0.10, 9398
0.10, 9397
0.10, 9396
0.10, 9395
0.10, 9394
0.10, 9393
0.10, 9392
0.10, 9391
0.10, 9390
0.11, 9389
0.11, 9388
0.11, 9387
0.11, 9386
0.11, 9385
0.11, 9384
0.11, 9383
0.11, 9382
0.11, 9381
0.11, 9380
0.11, 9379
0.11, 9378
0.11, 9377
0.11, 9376
0.11, 9375
0.11, 9374
0.11, 9373
0.11, 9372
0.11, 9371
0.11, 9370
0.11, 9369
0.11, 9368
0.11, 9367
0.11, 9366
0.11, 9365
0.11, 9364
0.11, 9363
0.11, 9362
0.11, 9361
0.11, 9360
0.11, 9359
0.11, 9358
0.11, 9357
0.11, 9356
0.11, 9355
0.11, 9354
0.11, 9353
0.11, 9352
0.11, 9351
0.11, 9350
0.11, 9349
0.11, 9348
0.11, 9347
0.11, 9346
0.11, 9345
0.11, 9344
0.11, 9343
0.11, 9342
0.11, 9341
0.11, 9340
0.11, 9339
0.11, 9338
0.11, 9337
0.11, 9336
0.11, 9335
0.11, 9334
0.11, 9333
0.11, 9332
0.11, 9331
0.11, 9330
0.11, 9329
0.11, 9328
0.11, 9327
0.11, 9326
0.11, 9325
0.11, 9324
0.11, 9323
0.11, 9322
0.11, 9321
0.11, 9320
0.11, 9319
0.11, 9318
0.11, 9317
0.11, 9316
0.11, 9315
0.11, 9314
0.11, 9313
0.11, 9312
0.11, 9311
0.11, 9310
0.11, 9309
0.11, 9308
0.11, 9307
0.11, 9306
0.11, 9305
0.11, 9304
0.11, 9303
0.11, 9302
0.11, 9301
0.11, 9300
0.11, 9299
0.11, 9298
0.11, 9297
0.11, 9296
0.11, 9295
0.11, 9294
0.11, 9293
0.11, 9292
0.11, 9291
0.11, 9290
0.11, 9289
0.11, 9288
0.11, 9287
0.11, 9286
0.11, 9285
0.11, 9284
0.11, 9283
0.11, 9282
0.11, 9281
0.11, 9280
0.11, 9279
0.11, 9278
0.11, 9277
0.11, 9276
0.11, 9275
0.11, 9274
0.11, 9273
0.11, 9272
0.11, 9271
0.11, 9270
0.11, 9269
0.11, 9268
0.11, 9267
0.11, 9266
0.11, 9265
0.11, 9264
0.11, 9263
0.11, 9262
0.11, 9261
0.11, 9260
0.11, 9259
0.11, 9258
0.11, 9257
0.11, 9256
0.11, 9255
0.11, 9254
0.11, 9253
0.11, 9252
0.11, 9251
0.12, 9250
0.12, 9249
0.12, 9248
0.12, 9247
0.12, 9246
0.12, 9245
0.12, 9244
0.12, 9243
0.12, 9242
0.12, 9241
0.12, 9240
0.12, 9239
0.12, 9238
0.12, 9237
0.12, 9236
0.12, 9235
0.12, 9234
0.12, 9233
0.12, 9232
0.12, 9231
0.12, 9230
0.12, 9229
0.12, 9228
0.12, 9227
0.12, 9226
0.12, 9225
0.12, 9224
0.12, 9223
0.12, 9222
0.12, 9221
0.12, 9220
0.12, 9219
0.12, 9218
0.12, 9217
0.12, 9216
0.12, 9215
0.12, 9214
0.12, 9213
0.12, 9212
0.12, 9211
0.12, 9210
0.12, 9209
0.12, 9208
0.12, 9207
0.12, 9206
0.12, 9205
0.12, 9204
0.12, 9203
0.12, 9202
0.12, 9201
0.12, 9200
0.12, 9199
0.12, 9198
0.12, 9197
0.12, 9196
0.12, 9195
0.12, 9194
0.12, 9193
0.12, 9192
0.12, 9191
0.12, 9190
0.12, 9189
0.12, 9188
0.12, 9187
0.12, 9186
0.12, 9185
0.12, 9184
0.12, 9183
0.12, 9182
0.12, 9181
0.12, 9180
0.12, 9179
0.12, 9178
0.12, 9177
0.12, 9176
0.12, 9175
0.12, 9174
0.12, 9173
0.12, 9172
0.12, 9171
0.12, 9170
0.12, 9169
0.12, 9168
0.12, 9167
0.12, 9166
0.12, 9165
0.12, 9164
0.12, 9163
0.12, 9162
0.12, 9161
0.12, 9160
0.12, 9159
0.12, 9158
0.12, 9157
0.12, 9156
0.12, 9155
0.12, 9154
0.12, 9153
0.12, 9152
0.12, 9151
0.12, 9150
0.12, 9149
0.12, 9148
0.12, 9147
0.12, 9146
0.12, 9145
0.12, 9144
0.12, 9143
0.12, 9142
0.12, 9141
0.13, 9140
0.13, 9139
0.13, 9138
0.13, 9137
0.13, 9136
0.13, 9135
0.13, 9134
0.13, 9133
0.13, 9132
0.13, 9131
0.13, 9130
0.13, 9129
0.13, 9128
0.13, 9127
0.13, 9126
0.13, 9125
0.13, 9124
0.13, 9123
0.13, 9122
0.13, 9121
0.13, 9120
0.13, 9119
0.13, 9118
0.13, 9117
0.13, 9116
0.13, 9115
0.13, 9114
0.13, 9113
0.13, 9112
0.13, 9111
0.13, 9110
0.13, 9109
0.13, 9108
0.13, 9107
0.13, 9106
0.13, 9105
0.13, 9104
0.13, 9103
0.13, 9102
0.13, 9101
0.13, 9100
0.13, 9099
0.13, 9098
0.13, 9097
0.13, 9096
0.13, 9095
0.13, 9094
0.13, 9093
0.13, 9092
0.13, 9091
0.13, 9090
0.13, 9089
0.13, 9088
0.13, 9087
0.13, 9086
0.13, 9085
0.13, 9084
0.13, 9083
0.13, 9082
0.13, 9081
0.13, 9080
0.13, 9079
0.13, 9078
0.13, 9077
0.13, 9076
0.13, 9075
0.13, 9074
0.13, 9073
0.13, 9072
0.13, 9071
0.13, 9070
0.13, 9069
0.13, 9068
0.13, 9067
0.13, 9066
0.13, 9065
0.13, 9064
0.13, 9063
0.13, 9062
0.13, 9061
0.13, 9060
0.13, 9059
0.13, 9058
0.13, 9057
0.13, 9056
0.13, 9055
0.13, 9054
0.13, 9053
0.13, 9052
0.13, 9051
0.13, 9050
0.13, 9049
0.13, 9048
0.13, 9047
0.13, 9046
0.13, 9045
0.13, 9044
0.13, 9043
0.13, 9042
0.13, 9041
0.13, 9040
0.13, 9039
0.13, 9038
0.13, 9037
0.13, 9036
0.13, 9035
0.13, 9034
0.13, 9033
0.13, 9032
0.13, 9031
0.13, 9030
0.13, 9029
0.13, 9028
0.13, 9027
0.13, 9026
0.13, 9025
0.13, 9024
0.13, 9023
0.13, 9022
0.13, 9021
0.13, 9020
0.13, 9019
0.13, 9018
0.14, 9017
0.14, 9016
0.14, 9015
0.14, 9014
0.14, 9013
0.14, 9012
0.14, 9011
0.14, 9010
0.14, 9009
0.14, 9008
0.14, 9007
0.14, 9006
0.14, 9005
0.14, 9004
0.14, 9003
0.14, 9002
0.14, 9001
0.14, 9000
0.14, 8999
0.14, 8998
0.14, 8997
0.14, 8996
0.14, 8995
0.14, 8994
0.14, 8993
0.14, 8992
0.14, 8991
0.14, 8990
0.14, 8989
0.14, 8988
0.14, 8987
0.14, 8986
0.14, 8985
0.14, 8984
0.14, 8983
0.14, 8982
0.14, 8981
0.14, 8980
0.14, 8979
0.14, 8978
0.14, 8977
0.14, 8976
0.14, 8975
0.14, 8974
0.14, 8973
0.14, 8972
0.14, 8971
0.14, 8970
0.14, 8969
0.14, 8968
0.14, 8967
0.14, 8966
0.14, 8965
0.14, 8964
0.14, 8963
0.14, 8962
0.14, 8961
0.14, 8960
0.14, 8959
0.14, 8958
0.14, 8957
0.14, 8956
0.14, 8955
0.14, 8954
0.14, 8953
0.14, 8952
0.14, 8951
0.14, 8950
0.14, 8949
0.14, 8948
0.14, 8947
0.14, 8946
0.14, 8945
0.14, 8944
0.14, 8943
0.14, 8942
0.14, 8941
0.14, 8940
0.14, 8939
0.14, 8938
0.14, 8937
0.14, 8936
0.14, 8935
0.14, 8934
0.14, 8933
0.14, 8932
0.14, 8931
0.14, 8930
0.14, 8929
0.14, 8928
0.14, 8927
0.14, 8926
0.14, 8925
0.14, 8924
0.14, 8923
0.14, 8922
0.14, 8921
0.14, 8920
0.14, 8919
0.14, 8918
0.14, 8917
0.14, 8916
0.14, 8915
0.15, 8914
0.15, 8913
0.15, 8912
0.15, 8911
0.15, 8910
0.15, 8909
0.15, 8908
0.15, 8907
0.15, 8906
0.15, 8905
0.15, 8904
0.15, 8903
0.15, 8902
0.15, 8901
0.15, 8900
0.15, 8899
0.15, 8898
0.15, 8897
0.15, 8896
0.15, 8895
0.15, 8894
0.15, 8893
0.15, 8892
0.15, 8891
0.15, 8890
0.15, 8889
0.15, 8888
0.15, 8887
0.15, 8886
0.15, 8885
0.15, 8884
0.15, 8883
0.15, 8882
0.15, 8881
0.15, 8880
0.15, 8879
0.15, 8878
0.15, 8877
0.15, 8876
0.15, 8875
0.15, 8874
0.15, 8873
0.15, 8872
0.15, 8871
0.15, 8870
0.15, 8869
0.15, 8868
0.15, 8867
0.15, 8866
0.15, 8865
0.15, 8864
0.15, 8863
0.15, 8862
0.15, 8861
0.15, 8860
0.15, 8859
0.15, 8858
0.15, 8857
0.15, 8856
0.15, 8855
0.15, 8854
0.15, 8853
0.15, 8852
0.15, 8851
0.15, 8850
0.15, 8849
0.15, 8848
0.15, 8847
0.15, 8846
0.15, 8845
0.15, 8844
0.15, 8843
0.15, 8842
0.15, 8841
0.15, 8840
0.15, 8839
0.15, 8838
0.15, 8837
0.15, 8836
0.15, 8835
0.15, 8834
0.15, 8833
0.15, 8832
0.15, 8831
0.15, 8830
0.15, 8829
0.15, 8828
0.15, 8827
0.15, 8826
0.15, 8825
0.15, 8824
0.15, 8823
0.15, 8822
0.15, 8821
0.15, 8820
0.15, 8819
0.15, 8818
0.15, 8817
0.15, 8816
0.15, 8815
0.15, 8814
0.15, 8813
0.15, 8812
0.15, 8811
0.15, 8810
0.15, 8809
0.16, 8808
0.16, 8807
0.16, 8806
0.16, 8805
0.16, 8804
0.16, 8803
0.16, 8802
0.16, 8801
0.16, 8800
0.16, 8799
0.16, 8798
0.16, 8797
0.16, 8796
0.16, 8795
0.16, 8794
0.16, 8793
0.16, 8792
0.16, 8791
0.16, 8790
0.16, 8789
0.16, 8788
0.16, 8787
0.16, 8786
0.16, 8785
0.16, 8784
0.16, 8783
0.16, 8782
0.16, 8781
0.16, 8780
0.16, 8779
0.16, 8778
0.16, 8777
0.16, 8776
0.16, 8775
0.16, 8774
0.16, 8773
0.16, 8772
0.16, 8771
0.16, 8770
0.16, 8769
0.16, 8768
0.16, 8767
0.16, 8766
0.16, 8765
0.16, 8764
0.16, 8763
0.16, 8762
0.16, 8761
0.16, 8760
0.16, 8759
0.16, 8758
0.16, 8757
0.16, 8756
0.16, 8755
0.16, 8754
0.16, 8753
0.16, 8752
0.16, 8751
0.16, 8750
0.16, 8749
0.16, 8748
0.16, 8747
0.16, 8746
0.16, 8745
0.16, 8744
0.16, 8743
0.16, 8742
0.16, 8741
0.16, 8740
0.16, 8739
0.16, 8738
0.16, 8737
0.16, 8736
0.16, 8735
0.16, 8734
0.16, 8733
0.16, 8732
0.16, 8731
0.16, 8730
0.16, 8729
0.16, 8728
0.16, 8727
0.16, 8726
0.16, 8725
0.16, 8724
0.16, 8723
0.16, 8722
0.16, 8721
0.16, 8720
0.16, 8719
0.16, 8718
0.16, 8717
0.16, 8716
0.16, 8715
0.16, 8714
0.16, 8713
0.16, 8712
0.16, 8711
0.16, 8710
0.16, 8709
0.16, 8708
0.17, 8707
0.17, 8706
0.17, 8705
0.17, 8704
0.17, 8703
0.17, 8702
0.17, 8701
0.17, 8700
0.17, 8699
0.17, 8698
0.17, 8697
0.17, 8696
0.17, 8695
0.17, 8694
0.17, 8693
0.17, 8692
0.17, 8691
0.17, 8690
0.17, 8689
0.17, 8688
0.17, 8687
0.17, 8686
0.17, 8685
0.17, 8684
0.17, 8683
0.17, 8682
0.17, 8681
0.17, 8680
0.17, 8679
0.17, 8678
0.17, 8677
0.17, 8676
0.17, 8675
0.17, 8674
0.17, 8673
0.17, 8672
0.17, 8671
0.17, 8670
0.17, 8669
0.17, 8668
0.17, 8667
0.17, 8666
0.17, 8665
0.17, 8664
0.17, 8663
0.17, 8662
0.17, 8661
0.17, 8660
0.17, 8659
0.17, 8658
0.17, 8657
0.17, 8656
0.17, 8655
0.17, 8654
0.17, 8653
0.17, 8652
0.17, 8651
0.17, 8650
0.17, 8649
0.17, 8648
0.17, 8647
0.17, 8646
0.17, 8645
0.17, 8644
0.17, 8643
0.17, 8642
0.17, 8641
0.17, 8640
0.17, 8639
0.17, 8638
0.17, 8637
0.17, 8636
0.17, 8635
0.17, 8634
0.17, 8633
0.17, 8632
0.17, 8631
0.17, 8630
0.17, 8629
0.17, 8628
0.17, 8627
0.17, 8626
0.17, 8625
0.17, 8624
0.17, 8623
0.17, 8622
0.17, 8621
0.17, 8620
0.17, 8619
0.17, 8618
0.17, 8617
0.17, 8616
0.18, 8615
0.18, 8614
0.18, 8613
0.18, 8612
0.18, 8611
0.18, 8610
0.18, 8609
0.18, 8608
0.18, 8607
0.18, 8606
0.18, 8605
0.18, 8604
0.18, 8603
0.18, 8602
0.18, 8601
0.18, 8600
0.18, 8599
0.18, 8598
0.18, 8597
0.18, 8596
0.18, 8595
0.18, 8594
0.18, 8593
0.18, 8592
0.18, 8591
0.18, 8590
0.18, 8589
0.18, 8588
0.18, 8587
0.18, 8586
0.18, 8585
0.18, 8584
0.18, 8583
0.18, 8582
0.18, 8581
0.18, 8580
0.18, 8579
0.18, 8578
0.18, 8577
0.18, 8576
0.18, 8575
0.18, 8574
0.18, 8573
0.18, 8572
0.18, 8571
0.18, 8570
0.18, 8569
0.18, 8568
0.18, 8567
0.18, 8566
0.18, 8565
0.18, 8564
0.18, 8563
0.18, 8562
0.18, 8561
0.18, 8560
0.18, 8559
0.18, 8558
0.18, 8557
0.18, 8556
0.18, 8555
0.18, 8554
0.18, 8553
0.18, 8552
0.18, 8551
0.18, 8550
0.18, 8549
0.18, 8548
0.18, 8547
0.18, 8546
0.18, 8545
0.18, 8544
0.18, 8543
0.18, 8542
0.21, 8541
0.21, 8540
0.21, 8539
0.21, 8538
0.21, 8537
0.21, 8536
0.21, 8535
0.21, 8534
0.21, 8533
0.21, 8532
0.21, 8531
0.21, 8530
0.21, 8529
0.21, 8528
0.21, 8527
0.21, 8526
0.21, 8525
0.21, 8524
0.21, 8523
0.21, 8522
0.21, 8521
0.21, 8520
0.23, 8519
0.23, 8518
0.23, 8517
0.25, 8516
0.25, 8515
0.25, 8514
0.25, 8513
0.25, 8512
0.25, 8511
0.25, 8510
0.25, 8509
0.25, 8508
0.25, 8507
0.25, 8506
0.25, 8505
0.25, 8504
0.25, 8503
0.25, 8502
0.25, 8501
0.26, 8500
0.26, 8499
0.26, 8498
0.26, 8497
0.26, 8496
0.26, 8495
0.26, 8494
0.26, 8493
0.26, 8492
0.26, 8491
0.26, 8490
0.26, 8489
0.26, 8488
0.26, 8487
0.26, 8486
0.26, 8485
0.27, 8484
0.27, 8483
0.27, 8482
0.27, 8481
0.27, 8480
0.27, 8479
0.27, 8478
0.27, 8477
0.27, 8476
0.27, 8475
0.27, 8474
0.27, 8473
0.27, 8472
0.27, 8471
0.28, 8470
0.28, 8469
0.28, 8468
0.28, 8467
0.28, 8466
0.28, 8465
0.28, 8464
0.28, 8463
0.28, 8462
0.28, 8461
0.28, 8460
0.28, 8459
0.28, 8458
0.28, 8457
0.28, 8456
0.28, 8455
0.28, 8454
0.29, 8453
0.29, 8452
0.29, 8451
0.29, 8450
0.29, 8449
0.29, 8448
0.29, 8447
0.29, 8446
0.29, 8445
0.29, 8444
0.29, 8443
0.29, 8442
0.29, 8441
0.29, 8440
0.29, 8439
0.30, 8438
0.30, 8437
0.30, 8436
0.30, 8435
0.30, 8434
0.30, 8433
0.30, 8432
0.30, 8431
0.30, 8430
0.30, 8429
0.30, 8428
0.30, 8427
0.30, 8426
0.30, 8425
0.30, 8424
0.31, 8423
0.31, 8422
0.31, 8421
0.31, 8420
0.31, 8419
0.31, 8418
0.31, 8417
0.31, 8416
0.31, 8415
0.31, 8414
0.31, 8413
0.32, 8412
0.32, 8411
0.32, 8410
0.32, 8409
0.32, 8408
0.32, 8407
0.32, 8406
0.32, 8405
0.32, 8404
0.32, 8403
0.32, 8402
0.33, 8401
0.33, 8400
0.33, 8399
0.33, 8398
0.33, 8397
0.33, 8396
0.33, 8395
0.33, 8394
0.33, 8393
0.33, 8392
0.33, 8391
0.33, 8390
0.34, 8389
0.34, 8388
0.34, 8387
0.34, 8386
0.34, 8385
0.34, 8384
0.34, 8383
0.34, 8382
0.34, 8381
0.34, 8380
0.34, 8379
0.35, 8378
0.35, 8377
0.35, 8376
0.35, 8375
0.35, 8374
0.35, 8373
0.35, 8372
0.35, 8371
0.35, 8370
0.35, 8369
0.36, 8368
0.36, 8367
0.36, 8366
0.36, 8365
0.36, 8364
0.36, 8363
0.36, 8362
0.36, 8361
0.36, 8360
0.36, 8359
0.37, 8358
0.37, 8357
0.37, 8356
0.37, 8355
0.37, 8354
0.37, 8353
0.37, 8352
0.37, 8351
0.37, 8350
0.37, 8349
0.37, 8348
0.37, 8347
0.38, 8346
0.38, 8345
0.38, 8344
0.38, 8343
0.38, 8342
0.61, 8341
0.61, 8340
0.61, 8339
0.61, 8338
0.61, 8337
0.61, 8336
0.61, 8335
0.61, 8334
0.62, 8333
0.62, 8332
0.63, 8331
0.63, 8330
0.63, 8329
0.63, 8328
0.63, 8327
0.63, 8326
0.63, 8325
0.69, 8324
0.69, 8323
0.69, 8322
0.69, 8321
0.69, 8320
0.69, 8319
0.69, 8318
0.69, 8317
0.69, 8316
0.70, 8315
0.70, 8314
0.70, 8313
0.70, 8312
0.70, 8311
0.70, 8310
0.70, 8309
0.70, 8308
0.70, 8307
0.71, 8306
0.71, 8305
0.71, 8304
0.71, 8303
0.71, 8302
0.71, 8301
0.71, 8300
0.71, 8299
0.72, 8298
0.72, 8297
0.72, 8296
0.72, 8295
0.72, 8294
0.72, 8293
0.72, 8292
0.72, 8291
0.72, 8290
0.72, 8289
0.72, 8288
0.73, 8287
0.73, 8286
0.73, 8285
0.73, 8284
0.74, 8283
0.74, 8282
0.74, 8281
0.74, 8280
0.74, 8279
0.74, 8278
0.75, 8277
0.75, 8276
0.75, 8275
0.75, 8274
0.75, 8273
0.76, 8272
0.76, 8271
0.76, 8270
0.76, 8269
0.77, 8268
0.77, 8267
0.77, 8266
0.77, 8265
0.78, 8264
0.78, 8263
0.78, 8262
0.78, 8261
0.79, 8260
0.79, 8259
0.79, 8258
0.79, 8257
0.80, 8256
0.80, 8255
0.80, 8254
0.80, 8253
0.81, 8252
0.81, 8251
0.81, 8250
0.81, 8249
0.81, 8248
0.81, 8247
0.82, 8246
0.82, 8245
0.82, 8244
0.82, 8243
0.82, 8242
0.83, 8241
0.83, 8240
0.83, 8239
0.83, 8238
0.83, 8237
0.84, 8236
0.84, 8235
0.84, 8234
0.85, 8233
0.85, 8232
0.85, 8231
0.85, 8230
0.86, 8229
0.86, 8228
0.86, 8227
0.86, 8226
0.86, 8225
0.86, 8224
0.86, 8223
0.87, 8222
0.87, 8221
0.87, 8220
0.87, 8219
0.87, 8218
0.88, 8217
0.88, 8216
0.88, 8215
0.88, 8214
0.88, 8213
0.89, 8212
0.89, 8211
0.89, 8210
0.89, 8209
0.89, 8208
0.90, 8207
0.90, 8206
0.90, 8205
0.90, 8204
0.90, 8203
0.90, 8202
0.91, 8201
0.91, 8200
0.91, 8199
0.91, 8198
0.91, 8197
0.91, 8196
0.92, 8195
0.92, 8194
0.92, 8193
0.92, 8192
0.92, 8191
0.93, 8190
0.93, 8189
0.93, 8188
0.93, 8187
0.93, 8186
0.93, 8185
0.94, 8184
0.94, 8183
0.94, 8182
0.94, 8181
0.94, 8180
0.95, 8179
0.95, 8178
0.95, 8177
0.95, 8176
0.95, 8175
0.96, 8174
0.96, 8173
0.96, 8172
0.96, 8171
0.97, 8170
0.97, 8169
0.97, 8168
0.97, 8167
0.98, 8166
0.98, 8165
0.98, 8164
0.98, 8163
0.98, 8162
0.98, 8161
0.99, 8160
0.99, 8159
0.99, 8158
0.99, 8157
0.99, 8156
1.00, 8155
1.00, 8154
1.00, 8153
1.00, 8152
1.01, 8151
1.01, 8150
1.01, 8149
1.01, 8148
1.02, 8147
1.02, 8146
1.02, 8145
1.02, 8144
1.03, 8143
1.03, 8142
1.03, 8141
1.03, 8140
1.04, 8139
1.05, 8138
1.05, 8137
1.05, 8136
1.05, 8135
1.05, 8134
1.05, 8133
1.05, 8132
1.05, 8131
1.06, 8130
1.06, 8129
1.06, 8128
1.06, 8127
1.06, 8126
1.06, 8125
1.06, 8124
1.07, 8123
1.07, 8122
1.07, 8121
1.07, 8120
1.07, 8119
1.08, 8118
1.08, 8117
1.08, 8116
1.08, 8115
1.08, 8114
1.08, 8113
1.08, 8112
1.08, 8111
1.09, 8110
1.09, 8109
1.09, 8108
1.09, 8107
1.09, 8106
1.09, 8105
1.09, 8104
1.09, 8103
1.10, 8102
1.10, 8101
1.10, 8100
1.10, 8099
1.10, 8098
1.10, 8097
1.10, 8096
1.10, 8095
1.11, 8094
1.11, 8093
1.11, 8092
1.11, 8091
1.12, 8090
1.12, 8089
1.12, 8088
1.13, 8087
1.13, 8086
1.13, 8085
1.13, 8084
1.14, 8083
1.14, 8082
1.14, 8081
1.15, 8080
1.15, 8079
1.16, 8078
1.16, 8077
1.16, 8076
1.16, 8075
1.16, 8074
1.17, 8073
1.17, 8072
1.17, 8071
1.17, 8070
1.18, 8069
1.18, 8068
1.18, 8067
1.18, 8066
1.19, 8065
1.19, 8064
1.19, 8063
1.19, 8062
1.20, 8061
1.20, 8060
1.20, 8059
1.21, 8058
1.21, 8057
1.21, 8056
1.22, 8055
1.22, 8054
1.22, 8053
1.22, 8052
1.23, 8051
1.23, 8050
1.23, 8049
1.24, 8048
1.24, 8047
1.24, 8046
1.25, 8045
1.25, 8044
1.25, 8043
1.25, 8042
1.26, 8041
1.26, 8040
1.26, 8039
1.27, 8038
1.27, 8037
1.28, 8036
1.28, 8035
1.28, 8034
1.28, 8033
1.28, 8032
1.29, 8031
1.29, 8030
1.29, 8029
1.29, 8028
1.30, 8027
1.30, 8026
1.30, 8025
1.31, 8024
1.31, 8023
1.31, 8022
1.31, 8021
1.32, 8020
1.32, 8019
1.32, 8018
1.32, 8017
1.33, 8016
1.33, 8015
1.33, 8014
1.34, 8013
1.34, 8012
1.34, 8011
1.34, 8010
1.35, 8009
1.35, 8008
1.35, 8007
1.35, 8006
1.35, 8005
1.36, 8004
1.36, 8003
1.36, 8002
1.37, 8001
1.37, 8000
1.37, 7999
1.37, 7998
1.37, 7997
1.38, 7996
1.38, 7995
1.38, 7994
1.39, 7993
1.39, 7992
1.39, 7991
1.39, 7990
1.40, 7989
1.40, 7988
1.40, 7987
1.41, 7986
1.41, 7985
1.41, 7984
1.41, 7983
1.41, 7982
1.41, 7981
1.42, 7980
1.42, 7979
1.42, 7978
1.42, 7977
1.43, 7976
1.43, 7975
1.43, 7974
1.44, 7973
1.44, 7972
1.44, 7971
1.45, 7970
1.45, 7969
1.45, 7968
1.46, 7967
1.46, 7966
1.46, 7965
1.47, 7964
1.47, 7963
1.47, 7962
1.48, 7961
1.48, 7960
1.48, 7959
1.48, 7958
1.49, 7957
1.49, 7956
1.49, 7955
1.50, 7954
1.51, 7953
1.51, 7952
1.51, 7951
1.51, 7950
1.52, 7949
1.52, 7948
1.52, 7947
1.52, 7946
1.52, 7945
1.52, 7944
1.52, 7943
1.53, 7942
1.53, 7941
1.53, 7940
1.53, 7939
1.53, 7938
1.53, 7937
1.54, 7936
1.54, 7935
1.54, 7934
1.54, 7933
1.54, 7932
1.54, 7931
1.54, 7930
1.54, 7929
1.55, 7928
1.55, 7927
1.55, 7926
1.55, 7925
1.56, 7924
1.56, 7923
1.56, 7922
1.56, 7921
1.56, 7920
1.57, 7919
1.57, 7918
1.57, 7917
1.57, 7916
1.57, 7915
1.58, 7914
1.58, 7913
1.58, 7912
1.58, 7911
1.58, 7910
1.58, 7909
1.59, 7908
1.59, 7907
1.59, 7906
1.59, 7905
1.60, 7904
1.60, 7903
1.60, 7902
1.61, 7901
1.61, 7900
1.61, 7899
1.61, 7898
1.62, 7897
1.62, 7896
1.62, 7895
1.62, 7894
1.62, 7893
1.62, 7892
1.63, 7891
1.63, 7890
1.63, 7889
1.63, 7888
1.63, 7887
1.64, 7886
1.64, 7885
1.64, 7884
1.64, 7883
1.64, 7882
1.65, 7881
1.65, 7880
1.65, 7879
1.65, 7878
1.66, 7877
1.66, 7876
1.66, 7875
1.67, 7874
1.67, 7873
1.67, 7872
1.67, 7871
1.67, 7870
1.68, 7869
1.68, 7868
1.68, 7867
1.69, 7866
1.69, 7865
1.69, 7864
1.69, 7863
1.70, 7862
1.70, 7861
1.70, 7860
1.70, 7859
1.71, 7858
1.71, 7857
1.71, 7856
1.72, 7855
1.72, 7854
1.87, 7853
1.87, 7852
1.87, 7851
1.87, 7850
1.87, 7849
1.87, 7848
1.87, 7847
1.87, 7846
1.87, 7845
1.87, 7844
1.87, 7843
1.87, 7842
1.87, 7841
1.87, 7840
1.87, 7839
1.87, 7838
1.87, 7837
1.87, 7836
1.87, 7835
1.87, 7834
1.87, 7833
1.87, 7832
1.87, 7831
1.87, 7830
1.87, 7829
1.87, 7828
1.88, 7827
1.88, 7826
1.88, 7825
1.88, 7824
1.88, 7823
1.88, 7822
1.88, 7821
1.88, 7820
1.88, 7819
1.88, 7818
1.88, 7817
1.88, 7816
1.88, 7815
1.88, 7814
1.88, 7813
1.88, 7812
1.88, 7811
1.88, 7810
1.88, 7809
1.88, 7808
1.88, 7807
1.88, 7806
1.88, 7805
1.88, 7804
1.88, 7803
1.88, 7802
1.88, 7801
1.88, 7800
1.88, 7799
1.88, 7798
1.88, 7797
1.88, 7796
1.88, 7795
1.88, 7794
1.88, 7793
1.88, 7792
1.88, 7791
1.88, 7790
1.88, 7789
1.88, 7788
1.88, 7787
1.88, 7786
1.88, 7785
1.88, 7784
1.88, 7783
1.88, 7782
1.88, 7781
1.88, 7780
1.88, 7779
1.88, 7778
1.88, 7777
1.88, 7776
1.88, 7775
1.88, 7774
1.88, 7773
1.88, 7772
1.89, 7771
1.89, 7770
1.89, 7769
1.89, 7768
1.89, 7767
1.89, 7766
1.96, 7765
1.96, 7764
1.96, 7763
1.96, 7762
1.96, 7761
1.96, 7760
1.96, 7759
1.96, 7758
1.96, 7757
1.96, 7756
1.96, 7755
1.96, 7754
1.96, 7753
1.96, 7752
1.96, 7751
1.96, 7750
1.96, 7749
1.96, 7748
1.96, 7747
1.96, 7746
1.96, 7745
1.96, 7744
1.96, 7743
1.96, 7742
1.96, 7741
1.96, 7740
1.96, 7739
1.96, 7738
1.96, 7737
1.96, 7736
1.96, 7735
1.96, 7734
1.97, 7733
1.98, 7732
1.98, 7731
1.98, 7730
1.98, 7729
1.99, 7728
1.99, 7727
1.99, 7726
2.00, 7725
2.00, 7724
2.00, 7723
2.01, 7722
2.01, 7721
2.01, 7720
2.04, 7719
2.09, 7718
2.09, 7717
2.09, 7716
2.10, 7715
2.10, 7714
2.10, 7713
2.11, 7712
2.11, 7711
2.12, 7710
2.12, 7709
2.12, 7708
2.12, 7707
2.12, 7706
2.13, 7705
2.13, 7704
2.14, 7703
2.14, 7702
2.15, 7701
2.15, 7700
2.15, 7699
2.15, 7698
2.24, 7697
2.27, 7696
2.27, 7695
2.27, 7694
2.27, 7693
2.27, 7692
2.29, 7691
2.29, 7690
2.29, 7689
2.29, 7688
2.30, 7687
2.30, 7686
2.30, 7685
2.31, 7684
2.31, 7683
2.31, 7682
2.31, 7681
2.32, 7680
2.32, 7679
2.32, 7678
2.32, 7677
2.33, 7676
2.33, 7675
2.33, 7674
2.34, 7673
2.34, 7672
2.34, 7671
2.34, 7670
2.35, 7669
2.35, 7668
2.35, 7667
2.35, 7666
2.36, 7665
2.36, 7664
2.36, 7663
2.37, 7662
2.37, 7661
2.37, 7660
2.37, 7659
2.38, 7658
2.38, 7657
2.38, 7656
2.39, 7655
2.39, 7654
2.39, 7653
2.39, 7652
2.39, 7651
2.40, 7650
2.40, 7649
2.40, 7648
2.41, 7647
2.41, 7646
2.41, 7645
2.41, 7644
2.42, 7643
2.42, 7642
2.42, 7641
2.42, 7640
2.43, 7639
2.43, 7638
2.43, 7637
2.43, 7636
2.44, 7635
2.44, 7634
2.44, 7633
2.44, 7632
2.45, 7631
2.45, 7630
2.45, 7629
2.45, 7628
2.46, 7627
2.46, 7626
2.46, 7625
2.46, 7624
2.47, 7623
2.47, 7622
2.47, 7621
2.48, 7620
2.48, 7619
2.48, 7618
2.49, 7617
2.49, 7616
2.49, 7615
2.49, 7614
2.49, 7613
2.50, 7612
2.50, 7611
2.50, 7610
2.50, 7609
2.51, 7608
2.51, 7607
2.51, 7606
2.51, 7605
2.51, 7604
2.51, 7603
2.51, 7602
2.52, 7601
2.52, 7600
2.52, 7599
2.52, 7598
2.53, 7597
2.53, 7596
2.53, 7595
2.53, 7594
2.54, 7593
2.54, 7592
2.54, 7591
2.55, 7590
2.55, 7589
2.55, 7588
2.55, 7587
2.56, 7586
2.56, 7585
2.56, 7584
2.57, 7583
2.57, 7582
2.57, 7581
2.57, 7580
2.57, 7579
2.57, 7578
2.58, 7577
2.58, 7576
2.59, 7575
2.59, 7574
2.59, 7573
2.59, 7572
2.59, 7571
2.60, 7570
2.60, 7569
2.61, 7568
2.61, 7567
2.61, 7566
2.62, 7565
2.62, 7564
2.62, 7563
2.63, 7562
2.63, 7561
2.63, 7560
2.64, 7559
2.64, 7558
2.64, 7557
2.65, 7556
2.65, 7555
2.65, 7554
2.65, 7553
2.66, 7552
2.66, 7551
2.66, 7550
2.67, 7549
2.67, 7548
2.68, 7547
2.68, 7546
2.68, 7545
2.68, 7544
2.69, 7543
2.69, 7542
2.69, 7541
2.70, 7540
2.70, 7539
2.70, 7538
2.71, 7537
2.71, 7536
2.71, 7535
2.72, 7534
2.72, 7533
2.72, 7532
2.72, 7531
2.73, 7530
2.73, 7529
2.73, 7528
2.74, 7527
2.74, 7526
2.74, 7525
2.75, 7524
2.75, 7523
2.75, 7522
2.76, 7521
2.76, 7520
2.77, 7519
2.77, 7518
2.77, 7517
2.78, 7516
2.78, 7515
2.79, 7514
2.79, 7513
2.80, 7512
2.80, 7511
2.81, 7510
2.81, 7509
2.82, 7508
2.82, 7507
2.82, 7506
2.83, 7505
2.83, 7504
2.83, 7503
2.84, 7502
2.84, 7501
2.85, 7500
2.85, 7499
2.86, 7498
2.86, 7497
2.86, 7496
2.86, 7495
2.87, 7494
2.87, 7493
2.87, 7492
2.88, 7491
2.88, 7490
2.88, 7489
2.89, 7488
2.89, 7487
2.89, 7486
2.90, 7485
2.90, 7484
2.90, 7483
2.90, 7482
2.91, 7481
2.91, 7480
2.91, 7479
2.92, 7478
2.92, 7477
2.92, 7476
2.93, 7475
2.93, 7474
2.93, 7473
2.94, 7472
2.94, 7471
2.94, 7470
2.95, 7469
2.95, 7468
2.95, 7467
2.96, 7466
2.96, 7465
2.96, 7464
2.96, 7463
2.97, 7462
2.97, 7461
2.97, 7460
2.97, 7459
2.98, 7458
2.98, 7457
2.98, 7456
2.98, 7455
2.99, 7454
2.99, 7453
3.00, 7452
3.00, 7451
3.00, 7450
3.01, 7449
3.01, 7448
3.01, 7447
3.01, 7446
3.02, 7445
3.02, 7444
3.03, 7443
3.03, 7442
3.03, 7441
3.03, 7440
3.04, 7439
3.04, 7438
3.04, 7437
3.05, 7436
3.05, 7435
3.06, 7434
3.06, 7433
3.07, 7432
3.07, 7431
3.08, 7430
3.08, 7429
3.08, 7428
3.09, 7427
3.10, 7426
3.10, 7425
3.11, 7424
3.11, 7423
3.12, 7422
3.12, 7421
3.12, 7420
3.13, 7419
3.13, 7418
3.14, 7417
3.14, 7416
3.15, 7415
3.15, 7414
3.15, 7413
3.16, 7412
3.17, 7411
3.17, 7410
3.18, 7409
3.18, 7408
3.18, 7407
3.19, 7406
3.19, 7405
3.20, 7404
3.20, 7403
3.21, 7402
3.21, 7401
3.22, 7400
3.22, 7399
3.22, 7398
3.23, 7397
3.23, 7396
3.24, 7395
3.24, 7394
3.24, 7393
3.25, 7392
3.25, 7391
3.25, 7390
3.26, 7389
3.26, 7388
3.27, 7387
3.27, 7386
3.27, 7385
3.28, 7384
3.28, 7383
3.29, 7382
3.29, 7381
3.29, 7380
3.30, 7379
3.30, 7378
3.31, 7377
3.31, 7376
3.31, 7375
3.31, 7374
3.32, 7373
3.33, 7372
3.33, 7371
3.33, 7370
3.33, 7369
3.34, 7368
3.35, 7367
3.36, 7366
3.36, 7365
3.36, 7364
3.37, 7363
3.37, 7362
3.38, 7361
3.38, 7360
3.38, 7359
3.39, 7358
3.39, 7357
3.39, 7356
3.40, 7355
3.40, 7354
3.40, 7353
3.41, 7352
3.41, 7351
3.41, 7350
3.42, 7349
3.43, 7348
3.43, 7347
3.43, 7346
3.43, 7345
3.44, 7344
3.44, 7343
3.44, 7342
3.45, 7341
3.45, 7340
3.45, 7339
3.46, 7338
3.46, 7337
3.46, 7336
3.47, 7335
3.47, 7334
3.48, 7333
3.48, 7332
3.48, 7331
3.49, 7330
3.49, 7329
3.50, 7328
3.50, 7327
3.51, 7326
3.51, 7325
3.52, 7324
3.52, 7323
3.52, 7322
3.52, 7321
3.53, 7320
3.53, 7319
3.53, 7318
3.54, 7317
3.54, 7316
3.55, 7315
3.55, 7314
3.55, 7313
3.56, 7312
3.56, 7311
3.57, 7310
3.57, 7309
3.58, 7308
3.58, 7307
3.59, 7306
3.59, 7305
3.60, 7304
3.60, 7303
3.61, 7302
3.61, 7301
3.61, 7300
3.61, 7299
3.62, 7298
3.62, 7297
3.62, 7296
3.63, 7295
3.63, 7294
3.64, 7293
3.64, 7292
3.65, 7291
3.65, 7290
3.66, 7289
3.66, 7288
3.66, 7287
3.68, 7286
3.68, 7285
3.69, 7284
3.70, 7283
3.71, 7282
3.71, 7281
3.72, 7280
3.72, 7279
3.73, 7278
3.73, 7277
3.73, 7276
3.74, 7275
3.75, 7274
3.75, 7273
3.75, 7272
3.76, 7271
3.76, 7270
3.77, 7269
3.77, 7268
3.77, 7267
3.77, 7266
3.78, 7265
3.78, 7264
3.79, 7263
3.79, 7262
3.79, 7261
3.79, 7260
3.80, 7259
3.80, 7258
3.81, 7257
3.81, 7256
3.81, 7255
3.81, 7254
3.82, 7253
3.82, 7252
3.82, 7251
3.83, 7250
3.83, 7249
3.84, 7248
3.84, 7247
3.85, 7246
3.85, 7245
3.85, 7244
3.86, 7243
3.86, 7242
3.87, 7241
3.87, 7240
3.88, 7239
3.89, 7238
3.89, 7237
3.90, 7236
3.90, 7235
3.91, 7234
3.91, 7233
3.92, 7232
3.92, 7231
3.92, 7230
3.93, 7229
3.93, 7228
3.93, 7227
3.94, 7226
3.94, 7225
3.94, 7224
3.96, 7223
3.97, 7222
3.97, 7221
3.97, 7220
3.97, 7219
3.97, 7218
3.97, 7217
3.97, 7216
3.97, 7215
3.97, 7214
3.97, 7213
3.97, 7212
3.97, 7211
3.97, 7210
3.97, 7209
3.97, 7208
3.97, 7207
3.97, 7206
3.97, 7205
3.97, 7204
3.97, 7203
3.97, 7202
3.97, 7201
3.97, 7200
3.97, 7199
3.97, 7198
3.97, 7197
3.97, 7196
3.97, 7195
3.97, 7194
3.97, 7193
3.97, 7192
3.98, 7191
3.98, 7190
3.98, 7189
3.98, 7188
3.98, 7187
3.98, 7186
3.98, 7185
3.98, 7184
3.98, 7183
3.98, 7182
3.98, 7181
3.98, 7180
3.98, 7179
3.98, 7178
3.98, 7177
3.98, 7176
3.98, 7175
3.98, 7174
3.98, 7173
3.98, 7172
3.98, 7171
3.98, 7170
3.98, 7169
3.98, 7168
3.98, 7167
3.98, 7166
3.98, 7165
3.98, 7164
3.98, 7163
3.98, 7162
3.98, 7161
3.98, 7160
3.98, 7159
3.98, 7158
3.98, 7157
3.98, 7156
3.98, 7155
3.98, 7154
3.98, 7153
3.98, 7152
3.98, 7151
3.98, 7150
3.98, 7149
3.98, 7148
3.98, 7147
3.98, 7146
3.98, 7145
3.98, 7144
3.98, 7143
3.98, 7142
3.98, 7141
3.98, 7140
3.98, 7139
3.98, 7138
3.98, 7137
3.98, 7136
3.98, 7135
3.98, 7134
3.98, 7133
3.98, 7132
3.99, 7131
3.99, 7130
4.07, 7129
4.08, 7128
4.08, 7127
4.08, 7126
4.08, 7125
4.08, 7124
4.08, 7123
4.08, 7122
4.08, 7121
4.08, 7120
4.08, 7119
4.08, 7118
4.08, 7117
4.08, 7116
4.08, 7115
4.08, 7114
4.08, 7113
4.08, 7112
4.08, 7111
4.08, 7110
4.08, 7109
4.08, 7108
4.08, 7107
4.08, 7106
4.08, 7105
4.08, 7104
4.11, 7103
4.18, 7102
4.19, 7101
4.21, 7100
4.30, 7099
4.35, 7098
4.38, 7097
4.39, 7096
4.39, 7095
4.39, 7094
4.39, 7093
4.39, 7092
4.41, 7091
4.44, 7090
4.59, 7089
5.14, 7088
5.14, 7087
5.14, 7086
5.14, 7085
5.14, 7084
5.15, 7083
5.15, 7082
5.15, 7081
5.15, 7080
5.15, 7079
5.15, 7078
5.15, 7077
5.15, 7076
5.15, 7075
5.15, 7074
5.15, 7073
5.15, 7072
5.15, 7071
5.15, 7070
5.15, 7069
5.15, 7068
5.15, 7067
5.15, 7066
5.15, 7065
5.15, 7064
5.16, 7063
5.16, 7062
5.16, 7061
5.16, 7060
5.16, 7059
5.16, 7058
5.16, 7057
5.16, 7056
5.16, 7055
5.16, 7054
5.17, 7053
5.17, 7052
5.17, 7051
5.17, 7050
5.17, 7049
5.17, 7048
5.17, 7047
5.17, 7046
5.17, 7045
5.18, 7044
5.18, 7043
5.18, 7042
5.18, 7041
5.18, 7040
5.19, 7039
5.19, 7038
5.19, 7037
5.19, 7036
5.19, 7035
5.20, 7034
5.20, 7033
5.21, 7032
5.22, 7031
5.24, 7030
5.25, 7029
5.27, 7028
5.28, 7027
5.30, 7026
5.32, 7025
5.34, 7024
5.36, 7023
5.38, 7022
5.40, 7021
5.41, 7020
5.43, 7019
5.46, 7018
5.49, 7017
